<?xml version="1.0" encoding="UTF-8"?>
<!-- Generated by org.testng.reporters.JUnitXMLReporter -->
<testsuite hostname="DESKTOP-KCMKG2H" ignored="0" name="CustomerPortalSanity" tests="2" failures="1" timestamp="21 Jul 2022 08:19:32 GMT" time="260.052" errors="0">
  <testcase name="NavigateCustomerHome" time="161.754" classname="regLoansNewUI.CustomerHomeNavigations">
    <failure type="java.lang.AssertionError" message="expected [Navigations Failed] but found [Navigations Successful]">
      <![CDATA[java.lang.AssertionError: expected [Navigations Failed] but found [Navigations Successful]
at regLoansNewUI.CustomerHomeNavigations.NavigateCustomerHome(CustomerHomeNavigations.java:115)
... Removed 31 stack frames]]>
    </failure>
  </testcase> <!-- NavigateCustomerHome -->
  <testcase name="NoCreditNavigate" time="97.629" classname="regLoansNewUI.NoCreditNavigations"/>
</testsuite> <!-- CustomerPortalSanity -->
