<?xml version="1.0" encoding="utf-8" ?>
<!DOCTYPE html PUBLIC "-//W3C//DTD XHTML 1.0 Strict//EN"
        "http://www.w3.org/TR/xhtml1/DTD/xhtml1-strict.dtd">
<html xmlns="http://www.w3.org/1999/xhtml" xml:lang="" lang="">
<head>
  <title>Test Results Report - Regression</title>
  <meta http-equiv="Content-Type" content="text/html;charset=utf-8" />
  <meta name="description" content="TestNG unit test results." />
  <link href="reportng.css" rel="stylesheet" type="text/css" />
    <script type="text/javascript" src="reportng.js"></script>
</head>
<body>
<h1>Regression</h1>
<p>
  Test duration: 11.939s
</p>



  <table class="resultsTable">
    <tr><th colspan="3" class="header failed">Failed Tests</th></tr>
          <tr>
        <td colspan="3" class="group">regLoansNewUI.AdminNavigationsTest</td>
      </tr>
            
<tr>
  <td class="method">
                  NavigationCheck
      </td>
  <td class="duration">
    1.554s
  </td>
  <td class="result">
        
          <i>Method arguments: </i><span class="arguments">"cip.admin@gmail.com", "Paswrd@123#", "User Accounts-Create Users#User Accounts-Edit Existing Users#CIP Management-Clear CIP Status#Employees-Pay off Loan#Employees-Employee Service#Reports-Underwriting Data#Reports-Loan Details Report#Reports-CIP Report#Reports-Withdrawn Loans Report#Reports-Employer Info Report#Reports-Florida Stamp Tax Report", "admin", "chrome"</span><br />
    
        

        <a href="javascript:toggleElement('exception-0', 'block')" title="Click to expand/collapse"><b>org.openqa.selenium.SessionNotCreatedException: session not created: This version of ChromeDriver only supports Chrome version 106<br/>
Current browser version is 109.0.5414.120 with binary path C:\Program Files (x86)\Google\Chrome\Application\chrome.exe<br/>
Build info: version: &apos;3.141.59&apos;, revision: &apos;e82be7d358&apos;, time: &apos;2018-11-14T08:17:03&apos;<br/>
System info: host: &apos;DESKTOP-KCMKG2H&apos;, ip: &apos;192.168.1.11&apos;, os.name: &apos;Windows 10&apos;, os.arch: &apos;amd64&apos;, os.version: &apos;10.0&apos;, java.version: &apos;1.8.0_201&apos;<br/>
Driver info: driver.version: ChromeDriver<br/>
remote stacktrace: Backtrace:<br/>
	Ordinal0 [0x008D1ED3+2236115]<br/>
	Ordinal0 [0x008692F1+1807089]<br/>
	Ordinal0 [0x007766FD+812797]<br/>
	Ordinal0 [0x00798C6D+953453]<br/>
	Ordinal0 [0x00794200+934400]<br/>
	Ordinal0 [0x007919C9+924105]<br/>
	Ordinal0 [0x007C806C+1146988]<br/>
	Ordinal0 [0x007C7A6A+1145450]<br/>
	Ordinal0 [0x007C18A6+1120422]<br/>
	Ordinal0 [0x0079A73D+960317]<br/>
	Ordinal0 [0x0079B71F+964383]<br/>
	GetHandleVerifier [0x00B7E7E2+2743074]<br/>
	GetHandleVerifier [0x00B708D4+2685972]<br/>
	GetHandleVerifier [0x00962BAA+532202]<br/>
	GetHandleVerifier [0x00961990+527568]<br/>
	Ordinal0 [0x0087080C+1837068]<br/>
	Ordinal0 [0x00874CD8+1854680]<br/>
	Ordinal0 [0x00874DC5+1854917]<br/>
	Ordinal0 [0x0087ED64+1895780]<br/>
	BaseThreadInitThunk [0x767E00F9+25]<br/>
	RtlGetAppContainerNamedObjectPath [0x77AA7BBE+286]<br/>
	RtlGetAppContainerNamedObjectPath [0x77AA7B8E+238]<br/>
</b></a><br />
    <div class="stackTrace" id="exception-0">
              sun.reflect.NativeConstructorAccessorImpl.newInstance0(Native Method)<br />
              sun.reflect.NativeConstructorAccessorImpl.newInstance(Unknown Source)<br />
              sun.reflect.DelegatingConstructorAccessorImpl.newInstance(Unknown Source)<br />
              java.lang.reflect.Constructor.newInstance(Unknown Source)<br />
              org.openqa.selenium.remote.W3CHandshakeResponse.lambda$errorHandler$0(W3CHandshakeResponse.java:62)<br />
              org.openqa.selenium.remote.HandshakeResponse.lambda$getResponseFunction$0(HandshakeResponse.java:30)<br />
              org.openqa.selenium.remote.ProtocolHandshake.lambda$createSession$0(ProtocolHandshake.java:126)<br />
              java.util.stream.ReferencePipeline$3$1.accept(Unknown Source)<br />
              java.util.Spliterators$ArraySpliterator.tryAdvance(Unknown Source)<br />
              java.util.stream.ReferencePipeline.forEachWithCancel(Unknown Source)<br />
              java.util.stream.AbstractPipeline.copyIntoWithCancel(Unknown Source)<br />
              java.util.stream.AbstractPipeline.copyInto(Unknown Source)<br />
              java.util.stream.AbstractPipeline.wrapAndCopyInto(Unknown Source)<br />
              java.util.stream.FindOps$FindOp.evaluateSequential(Unknown Source)<br />
              java.util.stream.AbstractPipeline.evaluate(Unknown Source)<br />
              java.util.stream.ReferencePipeline.findFirst(Unknown Source)<br />
              org.openqa.selenium.remote.ProtocolHandshake.createSession(ProtocolHandshake.java:128)<br />
              org.openqa.selenium.remote.ProtocolHandshake.createSession(ProtocolHandshake.java:74)<br />
              org.openqa.selenium.remote.HttpCommandExecutor.execute(HttpCommandExecutor.java:136)<br />
              org.openqa.selenium.remote.service.DriverCommandExecutor.execute(DriverCommandExecutor.java:83)<br />
              org.openqa.selenium.remote.RemoteWebDriver.execute(RemoteWebDriver.java:552)<br />
              org.openqa.selenium.remote.RemoteWebDriver.startSession(RemoteWebDriver.java:213)<br />
              org.openqa.selenium.remote.RemoteWebDriver.&lt;init&gt;(RemoteWebDriver.java:131)<br />
              org.openqa.selenium.chrome.ChromeDriver.&lt;init&gt;(ChromeDriver.java:181)<br />
              org.openqa.selenium.chrome.ChromeDriver.&lt;init&gt;(ChromeDriver.java:168)<br />
              org.openqa.selenium.chrome.ChromeDriver.&lt;init&gt;(ChromeDriver.java:123)<br />
              pageobjects.ELSLoginPageObject.&lt;init&gt;(ELSLoginPageObject.java:81)<br />
              regLoansNewUI.AdminNavigationsTest.NavigationCheck(AdminNavigationsTest.java:22)<br />
              sun.reflect.NativeMethodAccessorImpl.invoke0(Native Method)<br />
              sun.reflect.NativeMethodAccessorImpl.invoke(Unknown Source)<br />
              sun.reflect.DelegatingMethodAccessorImpl.invoke(Unknown Source)<br />
              java.lang.reflect.Method.invoke(Unknown Source)<br />
              org.testng.internal.MethodInvocationHelper.invokeMethod(MethodInvocationHelper.java:124)<br />
              org.testng.internal.Invoker.invokeMethod(Invoker.java:580)<br />
              org.testng.internal.Invoker.invokeTestMethod(Invoker.java:716)<br />
              org.testng.internal.Invoker.invokeTestMethods(Invoker.java:988)<br />
              org.testng.internal.TestMethodWorker.invokeTestMethods(TestMethodWorker.java:125)<br />
              org.testng.internal.TestMethodWorker.run(TestMethodWorker.java:109)<br />
              org.testng.TestRunner.privateRun(TestRunner.java:648)<br />
              org.testng.TestRunner.run(TestRunner.java:505)<br />
              org.testng.SuiteRunner.runTest(SuiteRunner.java:455)<br />
              org.testng.SuiteRunner.runSequentially(SuiteRunner.java:450)<br />
              org.testng.SuiteRunner.privateRun(SuiteRunner.java:415)<br />
              org.testng.SuiteRunner.run(SuiteRunner.java:364)<br />
              org.testng.SuiteRunnerWorker.runSuite(SuiteRunnerWorker.java:52)<br />
              org.testng.SuiteRunnerWorker.run(SuiteRunnerWorker.java:84)<br />
              org.testng.TestNG.runSuitesSequentially(TestNG.java:1208)<br />
              org.testng.TestNG.runSuitesLocally(TestNG.java:1137)<br />
              org.testng.TestNG.runSuites(TestNG.java:1049)<br />
              org.testng.TestNG.run(TestNG.java:1017)<br />
              org.testng.remote.AbstractRemoteTestNG.run(AbstractRemoteTestNG.java:114)<br />
              org.testng.remote.RemoteTestNG.initAndRun(RemoteTestNG.java:251)<br />
              org.testng.remote.RemoteTestNG.main(RemoteTestNG.java:77)<br />
                </div>
      </td>
</tr>
<tr>
  <td class="method">
                  NavigationCheck
      </td>
  <td class="duration">
    1.386s
  </td>
  <td class="result">
        
          <i>Method arguments: </i><span class="arguments">"cip.user@gmail.com", "Paswrd@123#", "CIP Management-Clear CIP Status#Reports-Underwriting Data#Reports-Loan Details Report#Reports-CIP Report#Reports-Withdrawn Loans Report#Reports-Employer Info Report#Reports-Pay Calendar Report", "admin", "chrome"</span><br />
    
        

        <a href="javascript:toggleElement('exception-1', 'block')" title="Click to expand/collapse"><b>org.openqa.selenium.SessionNotCreatedException: session not created: This version of ChromeDriver only supports Chrome version 106<br/>
Current browser version is 109.0.5414.120 with binary path C:\Program Files (x86)\Google\Chrome\Application\chrome.exe<br/>
Build info: version: &apos;3.141.59&apos;, revision: &apos;e82be7d358&apos;, time: &apos;2018-11-14T08:17:03&apos;<br/>
System info: host: &apos;DESKTOP-KCMKG2H&apos;, ip: &apos;192.168.1.11&apos;, os.name: &apos;Windows 10&apos;, os.arch: &apos;amd64&apos;, os.version: &apos;10.0&apos;, java.version: &apos;1.8.0_201&apos;<br/>
Driver info: driver.version: ChromeDriver<br/>
remote stacktrace: Backtrace:<br/>
	Ordinal0 [0x008D1ED3+2236115]<br/>
	Ordinal0 [0x008692F1+1807089]<br/>
	Ordinal0 [0x007766FD+812797]<br/>
	Ordinal0 [0x00798C6D+953453]<br/>
	Ordinal0 [0x00794200+934400]<br/>
	Ordinal0 [0x007919C9+924105]<br/>
	Ordinal0 [0x007C806C+1146988]<br/>
	Ordinal0 [0x007C7A6A+1145450]<br/>
	Ordinal0 [0x007C18A6+1120422]<br/>
	Ordinal0 [0x0079A73D+960317]<br/>
	Ordinal0 [0x0079B71F+964383]<br/>
	GetHandleVerifier [0x00B7E7E2+2743074]<br/>
	GetHandleVerifier [0x00B708D4+2685972]<br/>
	GetHandleVerifier [0x00962BAA+532202]<br/>
	GetHandleVerifier [0x00961990+527568]<br/>
	Ordinal0 [0x0087080C+1837068]<br/>
	Ordinal0 [0x00874CD8+1854680]<br/>
	Ordinal0 [0x00874DC5+1854917]<br/>
	Ordinal0 [0x0087ED64+1895780]<br/>
	BaseThreadInitThunk [0x767E00F9+25]<br/>
	RtlGetAppContainerNamedObjectPath [0x77AA7BBE+286]<br/>
	RtlGetAppContainerNamedObjectPath [0x77AA7B8E+238]<br/>
</b></a><br />
    <div class="stackTrace" id="exception-1">
              sun.reflect.NativeConstructorAccessorImpl.newInstance0(Native Method)<br />
              sun.reflect.NativeConstructorAccessorImpl.newInstance(Unknown Source)<br />
              sun.reflect.DelegatingConstructorAccessorImpl.newInstance(Unknown Source)<br />
              java.lang.reflect.Constructor.newInstance(Unknown Source)<br />
              org.openqa.selenium.remote.W3CHandshakeResponse.lambda$errorHandler$0(W3CHandshakeResponse.java:62)<br />
              org.openqa.selenium.remote.HandshakeResponse.lambda$getResponseFunction$0(HandshakeResponse.java:30)<br />
              org.openqa.selenium.remote.ProtocolHandshake.lambda$createSession$0(ProtocolHandshake.java:126)<br />
              java.util.stream.ReferencePipeline$3$1.accept(Unknown Source)<br />
              java.util.Spliterators$ArraySpliterator.tryAdvance(Unknown Source)<br />
              java.util.stream.ReferencePipeline.forEachWithCancel(Unknown Source)<br />
              java.util.stream.AbstractPipeline.copyIntoWithCancel(Unknown Source)<br />
              java.util.stream.AbstractPipeline.copyInto(Unknown Source)<br />
              java.util.stream.AbstractPipeline.wrapAndCopyInto(Unknown Source)<br />
              java.util.stream.FindOps$FindOp.evaluateSequential(Unknown Source)<br />
              java.util.stream.AbstractPipeline.evaluate(Unknown Source)<br />
              java.util.stream.ReferencePipeline.findFirst(Unknown Source)<br />
              org.openqa.selenium.remote.ProtocolHandshake.createSession(ProtocolHandshake.java:128)<br />
              org.openqa.selenium.remote.ProtocolHandshake.createSession(ProtocolHandshake.java:74)<br />
              org.openqa.selenium.remote.HttpCommandExecutor.execute(HttpCommandExecutor.java:136)<br />
              org.openqa.selenium.remote.service.DriverCommandExecutor.execute(DriverCommandExecutor.java:83)<br />
              org.openqa.selenium.remote.RemoteWebDriver.execute(RemoteWebDriver.java:552)<br />
              org.openqa.selenium.remote.RemoteWebDriver.startSession(RemoteWebDriver.java:213)<br />
              org.openqa.selenium.remote.RemoteWebDriver.&lt;init&gt;(RemoteWebDriver.java:131)<br />
              org.openqa.selenium.chrome.ChromeDriver.&lt;init&gt;(ChromeDriver.java:181)<br />
              org.openqa.selenium.chrome.ChromeDriver.&lt;init&gt;(ChromeDriver.java:168)<br />
              org.openqa.selenium.chrome.ChromeDriver.&lt;init&gt;(ChromeDriver.java:123)<br />
              pageobjects.ELSLoginPageObject.&lt;init&gt;(ELSLoginPageObject.java:81)<br />
              regLoansNewUI.AdminNavigationsTest.NavigationCheck(AdminNavigationsTest.java:22)<br />
              sun.reflect.NativeMethodAccessorImpl.invoke0(Native Method)<br />
              sun.reflect.NativeMethodAccessorImpl.invoke(Unknown Source)<br />
              sun.reflect.DelegatingMethodAccessorImpl.invoke(Unknown Source)<br />
              java.lang.reflect.Method.invoke(Unknown Source)<br />
              org.testng.internal.MethodInvocationHelper.invokeMethod(MethodInvocationHelper.java:124)<br />
              org.testng.internal.Invoker.invokeMethod(Invoker.java:580)<br />
              org.testng.internal.Invoker.invokeTestMethod(Invoker.java:716)<br />
              org.testng.internal.Invoker.invokeTestMethods(Invoker.java:988)<br />
              org.testng.internal.TestMethodWorker.invokeTestMethods(TestMethodWorker.java:125)<br />
              org.testng.internal.TestMethodWorker.run(TestMethodWorker.java:109)<br />
              org.testng.TestRunner.privateRun(TestRunner.java:648)<br />
              org.testng.TestRunner.run(TestRunner.java:505)<br />
              org.testng.SuiteRunner.runTest(SuiteRunner.java:455)<br />
              org.testng.SuiteRunner.runSequentially(SuiteRunner.java:450)<br />
              org.testng.SuiteRunner.privateRun(SuiteRunner.java:415)<br />
              org.testng.SuiteRunner.run(SuiteRunner.java:364)<br />
              org.testng.SuiteRunnerWorker.runSuite(SuiteRunnerWorker.java:52)<br />
              org.testng.SuiteRunnerWorker.run(SuiteRunnerWorker.java:84)<br />
              org.testng.TestNG.runSuitesSequentially(TestNG.java:1208)<br />
              org.testng.TestNG.runSuitesLocally(TestNG.java:1137)<br />
              org.testng.TestNG.runSuites(TestNG.java:1049)<br />
              org.testng.TestNG.run(TestNG.java:1017)<br />
              org.testng.remote.AbstractRemoteTestNG.run(AbstractRemoteTestNG.java:114)<br />
              org.testng.remote.RemoteTestNG.initAndRun(RemoteTestNG.java:251)<br />
              org.testng.remote.RemoteTestNG.main(RemoteTestNG.java:77)<br />
                </div>
      </td>
</tr>
<tr>
  <td class="method">
                  NavigationCheck
      </td>
  <td class="duration">
    1.729s
  </td>
  <td class="result">
        
          <i>Method arguments: </i><span class="arguments">"elstest1060@gmail.com", "Paswrd@123#", "User Accounts-Create Users#User Accounts-Edit Existing Users#Employees-Employee Service#Employees-Clear CIP Status#Employees-Pay off Loan#Employees-Customer Service#Reports-Underwriting Data#Reports-Loan Details Report#Reports-Revenue Report#Reports-Pay Calendar Report#Reports-Pay Deduction Report#Reports-Daily Loans Details#Reports-Search Documents#Reports-Blackout Schedule#Reports-School Calendar#Reports-Florida Stamp Tax Report#Reports-Employer Info Report#Reports-ACH Report#Employers-Setup New Employer#Employers-Edit Employer#Employers-Employer Dashboard#Employers-Daily Files Verification#Employers-Upload Payroll Calendar#Employers-Upload Census File#Employers-Upload PDT File#Employers-Download PDI File#Admin-App Log#Admin-Census Search#Admin-Report Termination#Admin-Rollback Termination#Admin-Upload LoanBalance#Admin-Cancel Loans", "admin", "chrome"</span><br />
    
        

        <a href="javascript:toggleElement('exception-2', 'block')" title="Click to expand/collapse"><b>org.openqa.selenium.SessionNotCreatedException: session not created: This version of ChromeDriver only supports Chrome version 106<br/>
Current browser version is 109.0.5414.120 with binary path C:\Program Files (x86)\Google\Chrome\Application\chrome.exe<br/>
Build info: version: &apos;3.141.59&apos;, revision: &apos;e82be7d358&apos;, time: &apos;2018-11-14T08:17:03&apos;<br/>
System info: host: &apos;DESKTOP-KCMKG2H&apos;, ip: &apos;192.168.1.11&apos;, os.name: &apos;Windows 10&apos;, os.arch: &apos;amd64&apos;, os.version: &apos;10.0&apos;, java.version: &apos;1.8.0_201&apos;<br/>
Driver info: driver.version: ChromeDriver<br/>
remote stacktrace: Backtrace:<br/>
	Ordinal0 [0x008D1ED3+2236115]<br/>
	Ordinal0 [0x008692F1+1807089]<br/>
	Ordinal0 [0x007766FD+812797]<br/>
	Ordinal0 [0x00798C6D+953453]<br/>
	Ordinal0 [0x00794200+934400]<br/>
	Ordinal0 [0x007919C9+924105]<br/>
	Ordinal0 [0x007C806C+1146988]<br/>
	Ordinal0 [0x007C7A6A+1145450]<br/>
	Ordinal0 [0x007C18A6+1120422]<br/>
	Ordinal0 [0x0079A73D+960317]<br/>
	Ordinal0 [0x0079B71F+964383]<br/>
	GetHandleVerifier [0x00B7E7E2+2743074]<br/>
	GetHandleVerifier [0x00B708D4+2685972]<br/>
	GetHandleVerifier [0x00962BAA+532202]<br/>
	GetHandleVerifier [0x00961990+527568]<br/>
	Ordinal0 [0x0087080C+1837068]<br/>
	Ordinal0 [0x00874CD8+1854680]<br/>
	Ordinal0 [0x00874DC5+1854917]<br/>
	Ordinal0 [0x0087ED64+1895780]<br/>
	BaseThreadInitThunk [0x767E00F9+25]<br/>
	RtlGetAppContainerNamedObjectPath [0x77AA7BBE+286]<br/>
	RtlGetAppContainerNamedObjectPath [0x77AA7B8E+238]<br/>
</b></a><br />
    <div class="stackTrace" id="exception-2">
              sun.reflect.NativeConstructorAccessorImpl.newInstance0(Native Method)<br />
              sun.reflect.NativeConstructorAccessorImpl.newInstance(Unknown Source)<br />
              sun.reflect.DelegatingConstructorAccessorImpl.newInstance(Unknown Source)<br />
              java.lang.reflect.Constructor.newInstance(Unknown Source)<br />
              org.openqa.selenium.remote.W3CHandshakeResponse.lambda$errorHandler$0(W3CHandshakeResponse.java:62)<br />
              org.openqa.selenium.remote.HandshakeResponse.lambda$getResponseFunction$0(HandshakeResponse.java:30)<br />
              org.openqa.selenium.remote.ProtocolHandshake.lambda$createSession$0(ProtocolHandshake.java:126)<br />
              java.util.stream.ReferencePipeline$3$1.accept(Unknown Source)<br />
              java.util.Spliterators$ArraySpliterator.tryAdvance(Unknown Source)<br />
              java.util.stream.ReferencePipeline.forEachWithCancel(Unknown Source)<br />
              java.util.stream.AbstractPipeline.copyIntoWithCancel(Unknown Source)<br />
              java.util.stream.AbstractPipeline.copyInto(Unknown Source)<br />
              java.util.stream.AbstractPipeline.wrapAndCopyInto(Unknown Source)<br />
              java.util.stream.FindOps$FindOp.evaluateSequential(Unknown Source)<br />
              java.util.stream.AbstractPipeline.evaluate(Unknown Source)<br />
              java.util.stream.ReferencePipeline.findFirst(Unknown Source)<br />
              org.openqa.selenium.remote.ProtocolHandshake.createSession(ProtocolHandshake.java:128)<br />
              org.openqa.selenium.remote.ProtocolHandshake.createSession(ProtocolHandshake.java:74)<br />
              org.openqa.selenium.remote.HttpCommandExecutor.execute(HttpCommandExecutor.java:136)<br />
              org.openqa.selenium.remote.service.DriverCommandExecutor.execute(DriverCommandExecutor.java:83)<br />
              org.openqa.selenium.remote.RemoteWebDriver.execute(RemoteWebDriver.java:552)<br />
              org.openqa.selenium.remote.RemoteWebDriver.startSession(RemoteWebDriver.java:213)<br />
              org.openqa.selenium.remote.RemoteWebDriver.&lt;init&gt;(RemoteWebDriver.java:131)<br />
              org.openqa.selenium.chrome.ChromeDriver.&lt;init&gt;(ChromeDriver.java:181)<br />
              org.openqa.selenium.chrome.ChromeDriver.&lt;init&gt;(ChromeDriver.java:168)<br />
              org.openqa.selenium.chrome.ChromeDriver.&lt;init&gt;(ChromeDriver.java:123)<br />
              pageobjects.ELSLoginPageObject.&lt;init&gt;(ELSLoginPageObject.java:81)<br />
              regLoansNewUI.AdminNavigationsTest.NavigationCheck(AdminNavigationsTest.java:22)<br />
              sun.reflect.NativeMethodAccessorImpl.invoke0(Native Method)<br />
              sun.reflect.NativeMethodAccessorImpl.invoke(Unknown Source)<br />
              sun.reflect.DelegatingMethodAccessorImpl.invoke(Unknown Source)<br />
              java.lang.reflect.Method.invoke(Unknown Source)<br />
              org.testng.internal.MethodInvocationHelper.invokeMethod(MethodInvocationHelper.java:124)<br />
              org.testng.internal.Invoker.invokeMethod(Invoker.java:580)<br />
              org.testng.internal.Invoker.invokeTestMethod(Invoker.java:716)<br />
              org.testng.internal.Invoker.invokeTestMethods(Invoker.java:988)<br />
              org.testng.internal.TestMethodWorker.invokeTestMethods(TestMethodWorker.java:125)<br />
              org.testng.internal.TestMethodWorker.run(TestMethodWorker.java:109)<br />
              org.testng.TestRunner.privateRun(TestRunner.java:648)<br />
              org.testng.TestRunner.run(TestRunner.java:505)<br />
              org.testng.SuiteRunner.runTest(SuiteRunner.java:455)<br />
              org.testng.SuiteRunner.runSequentially(SuiteRunner.java:450)<br />
              org.testng.SuiteRunner.privateRun(SuiteRunner.java:415)<br />
              org.testng.SuiteRunner.run(SuiteRunner.java:364)<br />
              org.testng.SuiteRunnerWorker.runSuite(SuiteRunnerWorker.java:52)<br />
              org.testng.SuiteRunnerWorker.run(SuiteRunnerWorker.java:84)<br />
              org.testng.TestNG.runSuitesSequentially(TestNG.java:1208)<br />
              org.testng.TestNG.runSuitesLocally(TestNG.java:1137)<br />
              org.testng.TestNG.runSuites(TestNG.java:1049)<br />
              org.testng.TestNG.run(TestNG.java:1017)<br />
              org.testng.remote.AbstractRemoteTestNG.run(AbstractRemoteTestNG.java:114)<br />
              org.testng.remote.RemoteTestNG.initAndRun(RemoteTestNG.java:251)<br />
              org.testng.remote.RemoteTestNG.main(RemoteTestNG.java:77)<br />
                </div>
      </td>
</tr>
<tr>
  <td class="method">
                  NavigationCheck
      </td>
  <td class="duration">
    1.579s
  </td>
  <td class="result">
        
          <i>Method arguments: </i><span class="arguments">"payroll.master@elsmaster.com", "Paswrd@123#", "User Accounts-Create Users#User Accounts-Edit Existing Users#HR Management-Upload Census File#HR Management-Upload PDT File#HR Management-Download PDI File#HR Management-Report Termination#HR Management-Rollback Termination#HR Management-Search Documents#Reports-Pay Deduction Report#HR Faqs", "admin", "chrome"</span><br />
    
        

        <a href="javascript:toggleElement('exception-3', 'block')" title="Click to expand/collapse"><b>org.openqa.selenium.SessionNotCreatedException: session not created: This version of ChromeDriver only supports Chrome version 106<br/>
Current browser version is 109.0.5414.120 with binary path C:\Program Files (x86)\Google\Chrome\Application\chrome.exe<br/>
Build info: version: &apos;3.141.59&apos;, revision: &apos;e82be7d358&apos;, time: &apos;2018-11-14T08:17:03&apos;<br/>
System info: host: &apos;DESKTOP-KCMKG2H&apos;, ip: &apos;192.168.1.11&apos;, os.name: &apos;Windows 10&apos;, os.arch: &apos;amd64&apos;, os.version: &apos;10.0&apos;, java.version: &apos;1.8.0_201&apos;<br/>
Driver info: driver.version: ChromeDriver<br/>
remote stacktrace: Backtrace:<br/>
	Ordinal0 [0x008D1ED3+2236115]<br/>
	Ordinal0 [0x008692F1+1807089]<br/>
	Ordinal0 [0x007766FD+812797]<br/>
	Ordinal0 [0x00798C6D+953453]<br/>
	Ordinal0 [0x00794200+934400]<br/>
	Ordinal0 [0x007919C9+924105]<br/>
	Ordinal0 [0x007C806C+1146988]<br/>
	Ordinal0 [0x007C7A6A+1145450]<br/>
	Ordinal0 [0x007C18A6+1120422]<br/>
	Ordinal0 [0x0079A73D+960317]<br/>
	Ordinal0 [0x0079B71F+964383]<br/>
	GetHandleVerifier [0x00B7E7E2+2743074]<br/>
	GetHandleVerifier [0x00B708D4+2685972]<br/>
	GetHandleVerifier [0x00962BAA+532202]<br/>
	GetHandleVerifier [0x00961990+527568]<br/>
	Ordinal0 [0x0087080C+1837068]<br/>
	Ordinal0 [0x00874CD8+1854680]<br/>
	Ordinal0 [0x00874DC5+1854917]<br/>
	Ordinal0 [0x0087ED64+1895780]<br/>
	BaseThreadInitThunk [0x767E00F9+25]<br/>
	RtlGetAppContainerNamedObjectPath [0x77AA7BBE+286]<br/>
	RtlGetAppContainerNamedObjectPath [0x77AA7B8E+238]<br/>
</b></a><br />
    <div class="stackTrace" id="exception-3">
              sun.reflect.NativeConstructorAccessorImpl.newInstance0(Native Method)<br />
              sun.reflect.NativeConstructorAccessorImpl.newInstance(Unknown Source)<br />
              sun.reflect.DelegatingConstructorAccessorImpl.newInstance(Unknown Source)<br />
              java.lang.reflect.Constructor.newInstance(Unknown Source)<br />
              org.openqa.selenium.remote.W3CHandshakeResponse.lambda$errorHandler$0(W3CHandshakeResponse.java:62)<br />
              org.openqa.selenium.remote.HandshakeResponse.lambda$getResponseFunction$0(HandshakeResponse.java:30)<br />
              org.openqa.selenium.remote.ProtocolHandshake.lambda$createSession$0(ProtocolHandshake.java:126)<br />
              java.util.stream.ReferencePipeline$3$1.accept(Unknown Source)<br />
              java.util.Spliterators$ArraySpliterator.tryAdvance(Unknown Source)<br />
              java.util.stream.ReferencePipeline.forEachWithCancel(Unknown Source)<br />
              java.util.stream.AbstractPipeline.copyIntoWithCancel(Unknown Source)<br />
              java.util.stream.AbstractPipeline.copyInto(Unknown Source)<br />
              java.util.stream.AbstractPipeline.wrapAndCopyInto(Unknown Source)<br />
              java.util.stream.FindOps$FindOp.evaluateSequential(Unknown Source)<br />
              java.util.stream.AbstractPipeline.evaluate(Unknown Source)<br />
              java.util.stream.ReferencePipeline.findFirst(Unknown Source)<br />
              org.openqa.selenium.remote.ProtocolHandshake.createSession(ProtocolHandshake.java:128)<br />
              org.openqa.selenium.remote.ProtocolHandshake.createSession(ProtocolHandshake.java:74)<br />
              org.openqa.selenium.remote.HttpCommandExecutor.execute(HttpCommandExecutor.java:136)<br />
              org.openqa.selenium.remote.service.DriverCommandExecutor.execute(DriverCommandExecutor.java:83)<br />
              org.openqa.selenium.remote.RemoteWebDriver.execute(RemoteWebDriver.java:552)<br />
              org.openqa.selenium.remote.RemoteWebDriver.startSession(RemoteWebDriver.java:213)<br />
              org.openqa.selenium.remote.RemoteWebDriver.&lt;init&gt;(RemoteWebDriver.java:131)<br />
              org.openqa.selenium.chrome.ChromeDriver.&lt;init&gt;(ChromeDriver.java:181)<br />
              org.openqa.selenium.chrome.ChromeDriver.&lt;init&gt;(ChromeDriver.java:168)<br />
              org.openqa.selenium.chrome.ChromeDriver.&lt;init&gt;(ChromeDriver.java:123)<br />
              pageobjects.ELSLoginPageObject.&lt;init&gt;(ELSLoginPageObject.java:81)<br />
              regLoansNewUI.AdminNavigationsTest.NavigationCheck(AdminNavigationsTest.java:22)<br />
              sun.reflect.NativeMethodAccessorImpl.invoke0(Native Method)<br />
              sun.reflect.NativeMethodAccessorImpl.invoke(Unknown Source)<br />
              sun.reflect.DelegatingMethodAccessorImpl.invoke(Unknown Source)<br />
              java.lang.reflect.Method.invoke(Unknown Source)<br />
              org.testng.internal.MethodInvocationHelper.invokeMethod(MethodInvocationHelper.java:124)<br />
              org.testng.internal.Invoker.invokeMethod(Invoker.java:580)<br />
              org.testng.internal.Invoker.invokeTestMethod(Invoker.java:716)<br />
              org.testng.internal.Invoker.invokeTestMethods(Invoker.java:988)<br />
              org.testng.internal.TestMethodWorker.invokeTestMethods(TestMethodWorker.java:125)<br />
              org.testng.internal.TestMethodWorker.run(TestMethodWorker.java:109)<br />
              org.testng.TestRunner.privateRun(TestRunner.java:648)<br />
              org.testng.TestRunner.run(TestRunner.java:505)<br />
              org.testng.SuiteRunner.runTest(SuiteRunner.java:455)<br />
              org.testng.SuiteRunner.runSequentially(SuiteRunner.java:450)<br />
              org.testng.SuiteRunner.privateRun(SuiteRunner.java:415)<br />
              org.testng.SuiteRunner.run(SuiteRunner.java:364)<br />
              org.testng.SuiteRunnerWorker.runSuite(SuiteRunnerWorker.java:52)<br />
              org.testng.SuiteRunnerWorker.run(SuiteRunnerWorker.java:84)<br />
              org.testng.TestNG.runSuitesSequentially(TestNG.java:1208)<br />
              org.testng.TestNG.runSuitesLocally(TestNG.java:1137)<br />
              org.testng.TestNG.runSuites(TestNG.java:1049)<br />
              org.testng.TestNG.run(TestNG.java:1017)<br />
              org.testng.remote.AbstractRemoteTestNG.run(AbstractRemoteTestNG.java:114)<br />
              org.testng.remote.RemoteTestNG.initAndRun(RemoteTestNG.java:251)<br />
              org.testng.remote.RemoteTestNG.main(RemoteTestNG.java:77)<br />
                </div>
      </td>
</tr>
<tr>
  <td class="method">
                  NavigationCheck
      </td>
  <td class="duration">
    1.593s
  </td>
  <td class="result">
        
          <i>Method arguments: </i><span class="arguments">"cipadmin.sunrise@gmail.com", "Paswrd@123#", "User Accounts-Create Users#User Accounts-Edit Existing Users#CIP Management-Clear CIP Status#Employees-Pay off Loan#Employees-Employee Service#Reports-Underwriting Data#Reports-Loan Details Report#Reports-CIP Report#Reports-Withdrawn Loans Report#Reports-Employer Info Report#Reports-Florida Stamp Tax Report", "admin", "chrome"</span><br />
    
        

        <a href="javascript:toggleElement('exception-4', 'block')" title="Click to expand/collapse"><b>org.openqa.selenium.SessionNotCreatedException: session not created: This version of ChromeDriver only supports Chrome version 106<br/>
Current browser version is 109.0.5414.120 with binary path C:\Program Files (x86)\Google\Chrome\Application\chrome.exe<br/>
Build info: version: &apos;3.141.59&apos;, revision: &apos;e82be7d358&apos;, time: &apos;2018-11-14T08:17:03&apos;<br/>
System info: host: &apos;DESKTOP-KCMKG2H&apos;, ip: &apos;192.168.1.11&apos;, os.name: &apos;Windows 10&apos;, os.arch: &apos;amd64&apos;, os.version: &apos;10.0&apos;, java.version: &apos;1.8.0_201&apos;<br/>
Driver info: driver.version: ChromeDriver<br/>
remote stacktrace: Backtrace:<br/>
	Ordinal0 [0x008D1ED3+2236115]<br/>
	Ordinal0 [0x008692F1+1807089]<br/>
	Ordinal0 [0x007766FD+812797]<br/>
	Ordinal0 [0x00798C6D+953453]<br/>
	Ordinal0 [0x00794200+934400]<br/>
	Ordinal0 [0x007919C9+924105]<br/>
	Ordinal0 [0x007C806C+1146988]<br/>
	Ordinal0 [0x007C7A6A+1145450]<br/>
	Ordinal0 [0x007C18A6+1120422]<br/>
	Ordinal0 [0x0079A73D+960317]<br/>
	Ordinal0 [0x0079B71F+964383]<br/>
	GetHandleVerifier [0x00B7E7E2+2743074]<br/>
	GetHandleVerifier [0x00B708D4+2685972]<br/>
	GetHandleVerifier [0x00962BAA+532202]<br/>
	GetHandleVerifier [0x00961990+527568]<br/>
	Ordinal0 [0x0087080C+1837068]<br/>
	Ordinal0 [0x00874CD8+1854680]<br/>
	Ordinal0 [0x00874DC5+1854917]<br/>
	Ordinal0 [0x0087ED64+1895780]<br/>
	BaseThreadInitThunk [0x767E00F9+25]<br/>
	RtlGetAppContainerNamedObjectPath [0x77AA7BBE+286]<br/>
	RtlGetAppContainerNamedObjectPath [0x77AA7B8E+238]<br/>
</b></a><br />
    <div class="stackTrace" id="exception-4">
              sun.reflect.NativeConstructorAccessorImpl.newInstance0(Native Method)<br />
              sun.reflect.NativeConstructorAccessorImpl.newInstance(Unknown Source)<br />
              sun.reflect.DelegatingConstructorAccessorImpl.newInstance(Unknown Source)<br />
              java.lang.reflect.Constructor.newInstance(Unknown Source)<br />
              org.openqa.selenium.remote.W3CHandshakeResponse.lambda$errorHandler$0(W3CHandshakeResponse.java:62)<br />
              org.openqa.selenium.remote.HandshakeResponse.lambda$getResponseFunction$0(HandshakeResponse.java:30)<br />
              org.openqa.selenium.remote.ProtocolHandshake.lambda$createSession$0(ProtocolHandshake.java:126)<br />
              java.util.stream.ReferencePipeline$3$1.accept(Unknown Source)<br />
              java.util.Spliterators$ArraySpliterator.tryAdvance(Unknown Source)<br />
              java.util.stream.ReferencePipeline.forEachWithCancel(Unknown Source)<br />
              java.util.stream.AbstractPipeline.copyIntoWithCancel(Unknown Source)<br />
              java.util.stream.AbstractPipeline.copyInto(Unknown Source)<br />
              java.util.stream.AbstractPipeline.wrapAndCopyInto(Unknown Source)<br />
              java.util.stream.FindOps$FindOp.evaluateSequential(Unknown Source)<br />
              java.util.stream.AbstractPipeline.evaluate(Unknown Source)<br />
              java.util.stream.ReferencePipeline.findFirst(Unknown Source)<br />
              org.openqa.selenium.remote.ProtocolHandshake.createSession(ProtocolHandshake.java:128)<br />
              org.openqa.selenium.remote.ProtocolHandshake.createSession(ProtocolHandshake.java:74)<br />
              org.openqa.selenium.remote.HttpCommandExecutor.execute(HttpCommandExecutor.java:136)<br />
              org.openqa.selenium.remote.service.DriverCommandExecutor.execute(DriverCommandExecutor.java:83)<br />
              org.openqa.selenium.remote.RemoteWebDriver.execute(RemoteWebDriver.java:552)<br />
              org.openqa.selenium.remote.RemoteWebDriver.startSession(RemoteWebDriver.java:213)<br />
              org.openqa.selenium.remote.RemoteWebDriver.&lt;init&gt;(RemoteWebDriver.java:131)<br />
              org.openqa.selenium.chrome.ChromeDriver.&lt;init&gt;(ChromeDriver.java:181)<br />
              org.openqa.selenium.chrome.ChromeDriver.&lt;init&gt;(ChromeDriver.java:168)<br />
              org.openqa.selenium.chrome.ChromeDriver.&lt;init&gt;(ChromeDriver.java:123)<br />
              pageobjects.ELSLoginPageObject.&lt;init&gt;(ELSLoginPageObject.java:81)<br />
              regLoansNewUI.AdminNavigationsTest.NavigationCheck(AdminNavigationsTest.java:22)<br />
              sun.reflect.NativeMethodAccessorImpl.invoke0(Native Method)<br />
              sun.reflect.NativeMethodAccessorImpl.invoke(Unknown Source)<br />
              sun.reflect.DelegatingMethodAccessorImpl.invoke(Unknown Source)<br />
              java.lang.reflect.Method.invoke(Unknown Source)<br />
              org.testng.internal.MethodInvocationHelper.invokeMethod(MethodInvocationHelper.java:124)<br />
              org.testng.internal.Invoker.invokeMethod(Invoker.java:580)<br />
              org.testng.internal.Invoker.invokeTestMethod(Invoker.java:716)<br />
              org.testng.internal.Invoker.invokeTestMethods(Invoker.java:988)<br />
              org.testng.internal.TestMethodWorker.invokeTestMethods(TestMethodWorker.java:125)<br />
              org.testng.internal.TestMethodWorker.run(TestMethodWorker.java:109)<br />
              org.testng.TestRunner.privateRun(TestRunner.java:648)<br />
              org.testng.TestRunner.run(TestRunner.java:505)<br />
              org.testng.SuiteRunner.runTest(SuiteRunner.java:455)<br />
              org.testng.SuiteRunner.runSequentially(SuiteRunner.java:450)<br />
              org.testng.SuiteRunner.privateRun(SuiteRunner.java:415)<br />
              org.testng.SuiteRunner.run(SuiteRunner.java:364)<br />
              org.testng.SuiteRunnerWorker.runSuite(SuiteRunnerWorker.java:52)<br />
              org.testng.SuiteRunnerWorker.run(SuiteRunnerWorker.java:84)<br />
              org.testng.TestNG.runSuitesSequentially(TestNG.java:1208)<br />
              org.testng.TestNG.runSuitesLocally(TestNG.java:1137)<br />
              org.testng.TestNG.runSuites(TestNG.java:1049)<br />
              org.testng.TestNG.run(TestNG.java:1017)<br />
              org.testng.remote.AbstractRemoteTestNG.run(AbstractRemoteTestNG.java:114)<br />
              org.testng.remote.RemoteTestNG.initAndRun(RemoteTestNG.java:251)<br />
              org.testng.remote.RemoteTestNG.main(RemoteTestNG.java:77)<br />
                </div>
      </td>
</tr>
<tr>
  <td class="method">
                  NavigationCheck
      </td>
  <td class="duration">
    1.641s
  </td>
  <td class="result">
        
          <i>Method arguments: </i><span class="arguments">"bank.admin@gmail.com", "Paswrd@123#", "User Accounts-Create Users#User Accounts-Edit Existing Users#CIP Management-Clear CIP Status#Employees-Employee Service#Employees-Pay off Loan#Employees-Search Documents#Employees-Cancel Loans#Employees-ACH Report#Employees-Customer Service#Reports-CIP Report#Reports-Withdrawn Loans Report#Reports-Underwriting Data#Reports-Loan Details Report#Reports-Pay Calendar Report#Reports-Pay Deduction Report#Reports-Pay Calendar Report#Reports-Florida Stamp Tax Report#Reports-Employer Info Report#Employers-Upload Payroll Calendar#Employers-Setup New Employer#Employers-Edit Employer#Employers-Employer Dashboard#Employers-Daily Files Verification", "admin", "chrome"</span><br />
    
        

        <a href="javascript:toggleElement('exception-5', 'block')" title="Click to expand/collapse"><b>org.openqa.selenium.SessionNotCreatedException: session not created: This version of ChromeDriver only supports Chrome version 106<br/>
Current browser version is 109.0.5414.120 with binary path C:\Program Files (x86)\Google\Chrome\Application\chrome.exe<br/>
Build info: version: &apos;3.141.59&apos;, revision: &apos;e82be7d358&apos;, time: &apos;2018-11-14T08:17:03&apos;<br/>
System info: host: &apos;DESKTOP-KCMKG2H&apos;, ip: &apos;192.168.1.11&apos;, os.name: &apos;Windows 10&apos;, os.arch: &apos;amd64&apos;, os.version: &apos;10.0&apos;, java.version: &apos;1.8.0_201&apos;<br/>
Driver info: driver.version: ChromeDriver<br/>
remote stacktrace: Backtrace:<br/>
	Ordinal0 [0x008D1ED3+2236115]<br/>
	Ordinal0 [0x008692F1+1807089]<br/>
	Ordinal0 [0x007766FD+812797]<br/>
	Ordinal0 [0x00798C6D+953453]<br/>
	Ordinal0 [0x00794200+934400]<br/>
	Ordinal0 [0x007919C9+924105]<br/>
	Ordinal0 [0x007C806C+1146988]<br/>
	Ordinal0 [0x007C7A6A+1145450]<br/>
	Ordinal0 [0x007C18A6+1120422]<br/>
	Ordinal0 [0x0079A73D+960317]<br/>
	Ordinal0 [0x0079B71F+964383]<br/>
	GetHandleVerifier [0x00B7E7E2+2743074]<br/>
	GetHandleVerifier [0x00B708D4+2685972]<br/>
	GetHandleVerifier [0x00962BAA+532202]<br/>
	GetHandleVerifier [0x00961990+527568]<br/>
	Ordinal0 [0x0087080C+1837068]<br/>
	Ordinal0 [0x00874CD8+1854680]<br/>
	Ordinal0 [0x00874DC5+1854917]<br/>
	Ordinal0 [0x0087ED64+1895780]<br/>
	BaseThreadInitThunk [0x767E00F9+25]<br/>
	RtlGetAppContainerNamedObjectPath [0x77AA7BBE+286]<br/>
	RtlGetAppContainerNamedObjectPath [0x77AA7B8E+238]<br/>
</b></a><br />
    <div class="stackTrace" id="exception-5">
              sun.reflect.NativeConstructorAccessorImpl.newInstance0(Native Method)<br />
              sun.reflect.NativeConstructorAccessorImpl.newInstance(Unknown Source)<br />
              sun.reflect.DelegatingConstructorAccessorImpl.newInstance(Unknown Source)<br />
              java.lang.reflect.Constructor.newInstance(Unknown Source)<br />
              org.openqa.selenium.remote.W3CHandshakeResponse.lambda$errorHandler$0(W3CHandshakeResponse.java:62)<br />
              org.openqa.selenium.remote.HandshakeResponse.lambda$getResponseFunction$0(HandshakeResponse.java:30)<br />
              org.openqa.selenium.remote.ProtocolHandshake.lambda$createSession$0(ProtocolHandshake.java:126)<br />
              java.util.stream.ReferencePipeline$3$1.accept(Unknown Source)<br />
              java.util.Spliterators$ArraySpliterator.tryAdvance(Unknown Source)<br />
              java.util.stream.ReferencePipeline.forEachWithCancel(Unknown Source)<br />
              java.util.stream.AbstractPipeline.copyIntoWithCancel(Unknown Source)<br />
              java.util.stream.AbstractPipeline.copyInto(Unknown Source)<br />
              java.util.stream.AbstractPipeline.wrapAndCopyInto(Unknown Source)<br />
              java.util.stream.FindOps$FindOp.evaluateSequential(Unknown Source)<br />
              java.util.stream.AbstractPipeline.evaluate(Unknown Source)<br />
              java.util.stream.ReferencePipeline.findFirst(Unknown Source)<br />
              org.openqa.selenium.remote.ProtocolHandshake.createSession(ProtocolHandshake.java:128)<br />
              org.openqa.selenium.remote.ProtocolHandshake.createSession(ProtocolHandshake.java:74)<br />
              org.openqa.selenium.remote.HttpCommandExecutor.execute(HttpCommandExecutor.java:136)<br />
              org.openqa.selenium.remote.service.DriverCommandExecutor.execute(DriverCommandExecutor.java:83)<br />
              org.openqa.selenium.remote.RemoteWebDriver.execute(RemoteWebDriver.java:552)<br />
              org.openqa.selenium.remote.RemoteWebDriver.startSession(RemoteWebDriver.java:213)<br />
              org.openqa.selenium.remote.RemoteWebDriver.&lt;init&gt;(RemoteWebDriver.java:131)<br />
              org.openqa.selenium.chrome.ChromeDriver.&lt;init&gt;(ChromeDriver.java:181)<br />
              org.openqa.selenium.chrome.ChromeDriver.&lt;init&gt;(ChromeDriver.java:168)<br />
              org.openqa.selenium.chrome.ChromeDriver.&lt;init&gt;(ChromeDriver.java:123)<br />
              pageobjects.ELSLoginPageObject.&lt;init&gt;(ELSLoginPageObject.java:81)<br />
              regLoansNewUI.AdminNavigationsTest.NavigationCheck(AdminNavigationsTest.java:22)<br />
              sun.reflect.NativeMethodAccessorImpl.invoke0(Native Method)<br />
              sun.reflect.NativeMethodAccessorImpl.invoke(Unknown Source)<br />
              sun.reflect.DelegatingMethodAccessorImpl.invoke(Unknown Source)<br />
              java.lang.reflect.Method.invoke(Unknown Source)<br />
              org.testng.internal.MethodInvocationHelper.invokeMethod(MethodInvocationHelper.java:124)<br />
              org.testng.internal.Invoker.invokeMethod(Invoker.java:580)<br />
              org.testng.internal.Invoker.invokeTestMethod(Invoker.java:716)<br />
              org.testng.internal.Invoker.invokeTestMethods(Invoker.java:988)<br />
              org.testng.internal.TestMethodWorker.invokeTestMethods(TestMethodWorker.java:125)<br />
              org.testng.internal.TestMethodWorker.run(TestMethodWorker.java:109)<br />
              org.testng.TestRunner.privateRun(TestRunner.java:648)<br />
              org.testng.TestRunner.run(TestRunner.java:505)<br />
              org.testng.SuiteRunner.runTest(SuiteRunner.java:455)<br />
              org.testng.SuiteRunner.runSequentially(SuiteRunner.java:450)<br />
              org.testng.SuiteRunner.privateRun(SuiteRunner.java:415)<br />
              org.testng.SuiteRunner.run(SuiteRunner.java:364)<br />
              org.testng.SuiteRunnerWorker.runSuite(SuiteRunnerWorker.java:52)<br />
              org.testng.SuiteRunnerWorker.run(SuiteRunnerWorker.java:84)<br />
              org.testng.TestNG.runSuitesSequentially(TestNG.java:1208)<br />
              org.testng.TestNG.runSuitesLocally(TestNG.java:1137)<br />
              org.testng.TestNG.runSuites(TestNG.java:1049)<br />
              org.testng.TestNG.run(TestNG.java:1017)<br />
              org.testng.remote.AbstractRemoteTestNG.run(AbstractRemoteTestNG.java:114)<br />
              org.testng.remote.RemoteTestNG.initAndRun(RemoteTestNG.java:251)<br />
              org.testng.remote.RemoteTestNG.main(RemoteTestNG.java:77)<br />
                </div>
      </td>
</tr>
<tr>
  <td class="method">
                  NavigationCheck
      </td>
  <td class="duration">
    2.457s
  </td>
  <td class="result">
        
          <i>Method arguments: </i><span class="arguments">"hr.admin@gmail.com", "Paswrd@123#", "User Accounts-Create Users#User Accounts-Edit Existing Users#HR Management-Upload Census File#HR Management-Upload PDT File#HR Management-Download PDI File#HR Management-Report Termination#HR Management-Rollback Termination#HR Management-Search Documents#Reports-Pay Deduction Report#HR Faqs", "admin", "chrome"</span><br />
    
        

        <a href="javascript:toggleElement('exception-6', 'block')" title="Click to expand/collapse"><b>org.openqa.selenium.SessionNotCreatedException: session not created: This version of ChromeDriver only supports Chrome version 106<br/>
Current browser version is 109.0.5414.120 with binary path C:\Program Files (x86)\Google\Chrome\Application\chrome.exe<br/>
Build info: version: &apos;3.141.59&apos;, revision: &apos;e82be7d358&apos;, time: &apos;2018-11-14T08:17:03&apos;<br/>
System info: host: &apos;DESKTOP-KCMKG2H&apos;, ip: &apos;192.168.1.11&apos;, os.name: &apos;Windows 10&apos;, os.arch: &apos;amd64&apos;, os.version: &apos;10.0&apos;, java.version: &apos;1.8.0_201&apos;<br/>
Driver info: driver.version: ChromeDriver<br/>
remote stacktrace: Backtrace:<br/>
	Ordinal0 [0x008D1ED3+2236115]<br/>
	Ordinal0 [0x008692F1+1807089]<br/>
	Ordinal0 [0x007766FD+812797]<br/>
	Ordinal0 [0x00798C6D+953453]<br/>
	Ordinal0 [0x00794200+934400]<br/>
	Ordinal0 [0x007919C9+924105]<br/>
	Ordinal0 [0x007C806C+1146988]<br/>
	Ordinal0 [0x007C7A6A+1145450]<br/>
	Ordinal0 [0x007C18A6+1120422]<br/>
	Ordinal0 [0x0079A73D+960317]<br/>
	Ordinal0 [0x0079B71F+964383]<br/>
	GetHandleVerifier [0x00B7E7E2+2743074]<br/>
	GetHandleVerifier [0x00B708D4+2685972]<br/>
	GetHandleVerifier [0x00962BAA+532202]<br/>
	GetHandleVerifier [0x00961990+527568]<br/>
	Ordinal0 [0x0087080C+1837068]<br/>
	Ordinal0 [0x00874CD8+1854680]<br/>
	Ordinal0 [0x00874DC5+1854917]<br/>
	Ordinal0 [0x0087ED64+1895780]<br/>
	BaseThreadInitThunk [0x767E00F9+25]<br/>
	RtlGetAppContainerNamedObjectPath [0x77AA7BBE+286]<br/>
	RtlGetAppContainerNamedObjectPath [0x77AA7B8E+238]<br/>
</b></a><br />
    <div class="stackTrace" id="exception-6">
              sun.reflect.NativeConstructorAccessorImpl.newInstance0(Native Method)<br />
              sun.reflect.NativeConstructorAccessorImpl.newInstance(Unknown Source)<br />
              sun.reflect.DelegatingConstructorAccessorImpl.newInstance(Unknown Source)<br />
              java.lang.reflect.Constructor.newInstance(Unknown Source)<br />
              org.openqa.selenium.remote.W3CHandshakeResponse.lambda$errorHandler$0(W3CHandshakeResponse.java:62)<br />
              org.openqa.selenium.remote.HandshakeResponse.lambda$getResponseFunction$0(HandshakeResponse.java:30)<br />
              org.openqa.selenium.remote.ProtocolHandshake.lambda$createSession$0(ProtocolHandshake.java:126)<br />
              java.util.stream.ReferencePipeline$3$1.accept(Unknown Source)<br />
              java.util.Spliterators$ArraySpliterator.tryAdvance(Unknown Source)<br />
              java.util.stream.ReferencePipeline.forEachWithCancel(Unknown Source)<br />
              java.util.stream.AbstractPipeline.copyIntoWithCancel(Unknown Source)<br />
              java.util.stream.AbstractPipeline.copyInto(Unknown Source)<br />
              java.util.stream.AbstractPipeline.wrapAndCopyInto(Unknown Source)<br />
              java.util.stream.FindOps$FindOp.evaluateSequential(Unknown Source)<br />
              java.util.stream.AbstractPipeline.evaluate(Unknown Source)<br />
              java.util.stream.ReferencePipeline.findFirst(Unknown Source)<br />
              org.openqa.selenium.remote.ProtocolHandshake.createSession(ProtocolHandshake.java:128)<br />
              org.openqa.selenium.remote.ProtocolHandshake.createSession(ProtocolHandshake.java:74)<br />
              org.openqa.selenium.remote.HttpCommandExecutor.execute(HttpCommandExecutor.java:136)<br />
              org.openqa.selenium.remote.service.DriverCommandExecutor.execute(DriverCommandExecutor.java:83)<br />
              org.openqa.selenium.remote.RemoteWebDriver.execute(RemoteWebDriver.java:552)<br />
              org.openqa.selenium.remote.RemoteWebDriver.startSession(RemoteWebDriver.java:213)<br />
              org.openqa.selenium.remote.RemoteWebDriver.&lt;init&gt;(RemoteWebDriver.java:131)<br />
              org.openqa.selenium.chrome.ChromeDriver.&lt;init&gt;(ChromeDriver.java:181)<br />
              org.openqa.selenium.chrome.ChromeDriver.&lt;init&gt;(ChromeDriver.java:168)<br />
              org.openqa.selenium.chrome.ChromeDriver.&lt;init&gt;(ChromeDriver.java:123)<br />
              pageobjects.ELSLoginPageObject.&lt;init&gt;(ELSLoginPageObject.java:81)<br />
              regLoansNewUI.AdminNavigationsTest.NavigationCheck(AdminNavigationsTest.java:22)<br />
              sun.reflect.NativeMethodAccessorImpl.invoke0(Native Method)<br />
              sun.reflect.NativeMethodAccessorImpl.invoke(Unknown Source)<br />
              sun.reflect.DelegatingMethodAccessorImpl.invoke(Unknown Source)<br />
              java.lang.reflect.Method.invoke(Unknown Source)<br />
              org.testng.internal.MethodInvocationHelper.invokeMethod(MethodInvocationHelper.java:124)<br />
              org.testng.internal.Invoker.invokeMethod(Invoker.java:580)<br />
              org.testng.internal.Invoker.invokeTestMethod(Invoker.java:716)<br />
              org.testng.internal.Invoker.invokeTestMethods(Invoker.java:988)<br />
              org.testng.internal.TestMethodWorker.invokeTestMethods(TestMethodWorker.java:125)<br />
              org.testng.internal.TestMethodWorker.run(TestMethodWorker.java:109)<br />
              org.testng.TestRunner.privateRun(TestRunner.java:648)<br />
              org.testng.TestRunner.run(TestRunner.java:505)<br />
              org.testng.SuiteRunner.runTest(SuiteRunner.java:455)<br />
              org.testng.SuiteRunner.runSequentially(SuiteRunner.java:450)<br />
              org.testng.SuiteRunner.privateRun(SuiteRunner.java:415)<br />
              org.testng.SuiteRunner.run(SuiteRunner.java:364)<br />
              org.testng.SuiteRunnerWorker.runSuite(SuiteRunnerWorker.java:52)<br />
              org.testng.SuiteRunnerWorker.run(SuiteRunnerWorker.java:84)<br />
              org.testng.TestNG.runSuitesSequentially(TestNG.java:1208)<br />
              org.testng.TestNG.runSuitesLocally(TestNG.java:1137)<br />
              org.testng.TestNG.runSuites(TestNG.java:1049)<br />
              org.testng.TestNG.run(TestNG.java:1017)<br />
              org.testng.remote.AbstractRemoteTestNG.run(AbstractRemoteTestNG.java:114)<br />
              org.testng.remote.RemoteTestNG.initAndRun(RemoteTestNG.java:251)<br />
              org.testng.remote.RemoteTestNG.main(RemoteTestNG.java:77)<br />
                </div>
      </td>
</tr>
      </table>


  
</body>
</html>
