<?xml version="1.0" encoding="UTF-8"?>
<!-- Generated by org.testng.reporters.JUnitXMLReporter -->
<testsuite hostname="DESKTOP-KCMKG2H" ignored="0" name="Regression" tests="7" failures="1" timestamp="04 Apr 2022 12:56:18 GMT" time="623.231" errors="0">
  <testcase name="customer_Loan_Reject" time="86.833" classname="regLoansNewUI.NoCredit_Verify_Loan_Reject"/>
  <testcase name="customer_Loan_Reject" time="86.768" classname="regLoansNewUI.NoCredit_Verify_Loan_Reject"/>
  <testcase name="customer_Loan_Reject" time="85.284" classname="regLoansNewUI.NoCredit_Verify_Loan_Reject"/>
  <testcase name="customer_Loan_Reject" time="89.388" classname="regLoansNewUI.NoCredit_Verify_Loan_Reject"/>
  <testcase name="customer_Loan_Reject" time="86.339" classname="regLoansNewUI.NoCredit_Verify_Loan_Reject"/>
  <testcase name="customer_Loan_Reject" time="97.855" classname="regLoansNewUI.NoCredit_Verify_Loan_Reject">
    <failure type="org.openqa.selenium.NoSuchElementException" message="no such element: Unable to locate element: {&amp;quot;method&amp;quot;:&amp;quot;css selector&amp;quot;,&amp;quot;selector&amp;quot;:&amp;quot;#lkNoCredit&amp;quot;}
  (Session info: chrome=100.0.4896.60)
For documentation on this error, please visit: https://www.seleniumhq.org/exceptions/no_such_element.html
Build info: version: &amp;apos;3.141.59&amp;apos;, revision: &amp;apos;e82be7d358&amp;apos;, time: &amp;apos;2018-11-14T08:17:03&amp;apos;
System info: host: &amp;apos;DESKTOP-KCMKG2H&amp;apos;, ip: &amp;apos;192.168.29.158&amp;apos;, os.name: &amp;apos;Windows 10&amp;apos;, os.arch: &amp;apos;amd64&amp;apos;, os.version: &amp;apos;10.0&amp;apos;, java.version: &amp;apos;1.8.0_201&amp;apos;
Driver info: org.openqa.selenium.chrome.ChromeDriver
Capabilities {acceptInsecureCerts: false, browserName: chrome, browserVersion: 100.0.4896.60, chrome: {chromedriverVersion: 99.0.4844.51 (d537ec02474b5..., userDataDir: C:\Users\sound\AppData\Loca...}, goog:chromeOptions: {debuggerAddress: localhost:57727}, javascriptEnabled: true, networkConnectionEnabled: false, pageLoadStrategy: normal, platform: WINDOWS, platformName: WINDOWS, proxy: Proxy(), setWindowRect: true, strictFileInteractability: false, timeouts: {implicit: 0, pageLoad: 300000, script: 30000}, unhandledPromptBehavior: dismiss and notify, webauthn:extension:credBlob: true, webauthn:extension:largeBlob: true, webauthn:virtualAuthenticators: true}
Session ID: 54193de2c48085c95c1b30dbaf682196
*** Element info: {Using=css selector, value=#lkNoCredit}">
      <![CDATA[org.openqa.selenium.NoSuchElementException: no such element: Unable to locate element: {"method":"css selector","selector":"#lkNoCredit"}
  (Session info: chrome=100.0.4896.60)
For documentation on this error, please visit: https://www.seleniumhq.org/exceptions/no_such_element.html
Build info: version: '3.141.59', revision: 'e82be7d358', time: '2018-11-14T08:17:03'
System info: host: 'DESKTOP-KCMKG2H', ip: '192.168.29.158', os.name: 'Windows 10', os.arch: 'amd64', os.version: '10.0', java.version: '1.8.0_201'
Driver info: org.openqa.selenium.chrome.ChromeDriver
Capabilities {acceptInsecureCerts: false, browserName: chrome, browserVersion: 100.0.4896.60, chrome: {chromedriverVersion: 99.0.4844.51 (d537ec02474b5..., userDataDir: C:\Users\sound\AppData\Loca...}, goog:chromeOptions: {debuggerAddress: localhost:57727}, javascriptEnabled: true, networkConnectionEnabled: false, pageLoadStrategy: normal, platform: WINDOWS, platformName: WINDOWS, proxy: Proxy(), setWindowRect: true, strictFileInteractability: false, timeouts: {implicit: 0, pageLoad: 300000, script: 30000}, unhandledPromptBehavior: dismiss and notify, webauthn:extension:credBlob: true, webauthn:extension:largeBlob: true, webauthn:virtualAuthenticators: true}
Session ID: 54193de2c48085c95c1b30dbaf682196
*** Element info: {Using=css selector, value=#lkNoCredit}
at org.openqa.selenium.remote.http.W3CHttpResponseCodec.createException(W3CHttpResponseCodec.java:187)
at org.openqa.selenium.remote.http.W3CHttpResponseCodec.decode(W3CHttpResponseCodec.java:122)
at org.openqa.selenium.remote.http.W3CHttpResponseCodec.decode(W3CHttpResponseCodec.java:49)
at org.openqa.selenium.remote.HttpCommandExecutor.execute(HttpCommandExecutor.java:158)
at org.openqa.selenium.remote.service.DriverCommandExecutor.execute(DriverCommandExecutor.java:83)
at org.openqa.selenium.remote.RemoteWebDriver.execute(RemoteWebDriver.java:552)
at org.openqa.selenium.remote.RemoteWebDriver.findElement(RemoteWebDriver.java:323)
at org.openqa.selenium.remote.RemoteWebDriver.findElementByCssSelector(RemoteWebDriver.java:420)
at org.openqa.selenium.By$ByCssSelector.findElement(By.java:431)
at org.openqa.selenium.remote.RemoteWebDriver.findElement(RemoteWebDriver.java:315)
at pageobjects.ELSLoginPageObject.clickNoCreditLoan(ELSLoginPageObject.java:257)
at regLoansNewUI.NoCredit_Verify_Loan_Reject.customer_Loan_Reject(NoCredit_Verify_Loan_Reject.java:77)
... Removed 29 stack frames]]>
    </failure>
  </testcase> <!-- customer_Loan_Reject -->
  <testcase name="customer_Loan_Reject" time="90.247" classname="regLoansNewUI.NoCredit_Verify_Loan_Reject"/>
</testsuite> <!-- Regression -->
