<?xml version="1.0" encoding="UTF-8"?>
<testsuite name="Regression"
           tests="7"
           failures="7"
           errors="0"
           skipped="0"
           time="11.939">
  <properties />
            <testcase name="NavigationCheck" time="2.457" classname="regLoansNewUI.AdminNavigationsTest">
                <failure type="org.openqa.selenium.SessionNotCreatedException"
                  message="session not created: This version of ChromeDriver only supports Chrome version 106
Current browser version is 109.0.5414.120 with binary path C:\Program Files (x86)\Google\Chrome\Application\chrome.exe
Build info: version: &apos;3.141.59&apos;, revision: &apos;e82be7d358&apos;, time: &apos;2018-11-14T08:17:03&apos;
System info: host: &apos;DESKTOP-KCMKG2H&apos;, ip: &apos;192.168.1.11&apos;, os.name: &apos;Windows 10&apos;, os.arch: &apos;amd64&apos;, os.version: &apos;10.0&apos;, java.version: &apos;1.8.0_201&apos;
Driver info: driver.version: ChromeDriver
remote stacktrace: Backtrace:
	Ordinal0 [0x008D1ED3+2236115]
	Ordinal0 [0x008692F1+1807089]
	Ordinal0 [0x007766FD+812797]
	Ordinal0 [0x00798C6D+953453]
	Ordinal0 [0x00794200+934400]
	Ordinal0 [0x007919C9+924105]
	Ordinal0 [0x007C806C+1146988]
	Ordinal0 [0x007C7A6A+1145450]
	Ordinal0 [0x007C18A6+1120422]
	Ordinal0 [0x0079A73D+960317]
	Ordinal0 [0x0079B71F+964383]
	GetHandleVerifier [0x00B7E7E2+2743074]
	GetHandleVerifier [0x00B708D4+2685972]
	GetHandleVerifier [0x00962BAA+532202]
	GetHandleVerifier [0x00961990+527568]
	Ordinal0 [0x0087080C+1837068]
	Ordinal0 [0x00874CD8+1854680]
	Ordinal0 [0x00874DC5+1854917]
	Ordinal0 [0x0087ED64+1895780]
	BaseThreadInitThunk [0x767E00F9+25]
	RtlGetAppContainerNamedObjectPath [0x77AA7BBE+286]
	RtlGetAppContainerNamedObjectPath [0x77AA7B8E+238]
"
              >
<![CDATA[org.openqa.selenium.SessionNotCreatedException: session not created: This version of ChromeDriver only supports Chrome version 106
Current browser version is 109.0.5414.120 with binary path C:\Program Files (x86)\Google\Chrome\Application\chrome.exe
Build info: version: '3.141.59', revision: 'e82be7d358', time: '2018-11-14T08:17:03'
System info: host: 'DESKTOP-KCMKG2H', ip: '192.168.1.11', os.name: 'Windows 10', os.arch: 'amd64', os.version: '10.0', java.version: '1.8.0_201'
Driver info: driver.version: ChromeDriver
remote stacktrace: Backtrace:
	Ordinal0 [0x008D1ED3+2236115]
	Ordinal0 [0x008692F1+1807089]
	Ordinal0 [0x007766FD+812797]
	Ordinal0 [0x00798C6D+953453]
	Ordinal0 [0x00794200+934400]
	Ordinal0 [0x007919C9+924105]
	Ordinal0 [0x007C806C+1146988]
	Ordinal0 [0x007C7A6A+1145450]
	Ordinal0 [0x007C18A6+1120422]
	Ordinal0 [0x0079A73D+960317]
	Ordinal0 [0x0079B71F+964383]
	GetHandleVerifier [0x00B7E7E2+2743074]
	GetHandleVerifier [0x00B708D4+2685972]
	GetHandleVerifier [0x00962BAA+532202]
	GetHandleVerifier [0x00961990+527568]
	Ordinal0 [0x0087080C+1837068]
	Ordinal0 [0x00874CD8+1854680]
	Ordinal0 [0x00874DC5+1854917]
	Ordinal0 [0x0087ED64+1895780]
	BaseThreadInitThunk [0x767E00F9+25]
	RtlGetAppContainerNamedObjectPath [0x77AA7BBE+286]
	RtlGetAppContainerNamedObjectPath [0x77AA7B8E+238]

  sun.reflect.NativeConstructorAccessorImpl.newInstance0(Native Method)
  sun.reflect.NativeConstructorAccessorImpl.newInstance(Unknown Source)
  sun.reflect.DelegatingConstructorAccessorImpl.newInstance(Unknown Source)
  java.lang.reflect.Constructor.newInstance(Unknown Source)
  org.openqa.selenium.remote.W3CHandshakeResponse.lambda$errorHandler$0(W3CHandshakeResponse.java:62)
  org.openqa.selenium.remote.HandshakeResponse.lambda$getResponseFunction$0(HandshakeResponse.java:30)
  org.openqa.selenium.remote.ProtocolHandshake.lambda$createSession$0(ProtocolHandshake.java:126)
  java.util.stream.ReferencePipeline$3$1.accept(Unknown Source)
  java.util.Spliterators$ArraySpliterator.tryAdvance(Unknown Source)
  java.util.stream.ReferencePipeline.forEachWithCancel(Unknown Source)
  java.util.stream.AbstractPipeline.copyIntoWithCancel(Unknown Source)
  java.util.stream.AbstractPipeline.copyInto(Unknown Source)
  java.util.stream.AbstractPipeline.wrapAndCopyInto(Unknown Source)
  java.util.stream.FindOps$FindOp.evaluateSequential(Unknown Source)
  java.util.stream.AbstractPipeline.evaluate(Unknown Source)
  java.util.stream.ReferencePipeline.findFirst(Unknown Source)
  org.openqa.selenium.remote.ProtocolHandshake.createSession(ProtocolHandshake.java:128)
  org.openqa.selenium.remote.ProtocolHandshake.createSession(ProtocolHandshake.java:74)
  org.openqa.selenium.remote.HttpCommandExecutor.execute(HttpCommandExecutor.java:136)
  org.openqa.selenium.remote.service.DriverCommandExecutor.execute(DriverCommandExecutor.java:83)
  org.openqa.selenium.remote.RemoteWebDriver.execute(RemoteWebDriver.java:552)
  org.openqa.selenium.remote.RemoteWebDriver.startSession(RemoteWebDriver.java:213)
  org.openqa.selenium.remote.RemoteWebDriver.<init>(RemoteWebDriver.java:131)
  org.openqa.selenium.chrome.ChromeDriver.<init>(ChromeDriver.java:181)
  org.openqa.selenium.chrome.ChromeDriver.<init>(ChromeDriver.java:168)
  org.openqa.selenium.chrome.ChromeDriver.<init>(ChromeDriver.java:123)
  pageobjects.ELSLoginPageObject.<init>(ELSLoginPageObject.java:81)
  regLoansNewUI.AdminNavigationsTest.NavigationCheck(AdminNavigationsTest.java:22)
  sun.reflect.NativeMethodAccessorImpl.invoke0(Native Method)
  sun.reflect.NativeMethodAccessorImpl.invoke(Unknown Source)
  sun.reflect.DelegatingMethodAccessorImpl.invoke(Unknown Source)
  java.lang.reflect.Method.invoke(Unknown Source)
  org.testng.internal.MethodInvocationHelper.invokeMethod(MethodInvocationHelper.java:124)
  org.testng.internal.Invoker.invokeMethod(Invoker.java:580)
  org.testng.internal.Invoker.invokeTestMethod(Invoker.java:716)
  org.testng.internal.Invoker.invokeTestMethods(Invoker.java:988)
  org.testng.internal.TestMethodWorker.invokeTestMethods(TestMethodWorker.java:125)
  org.testng.internal.TestMethodWorker.run(TestMethodWorker.java:109)
  org.testng.TestRunner.privateRun(TestRunner.java:648)
  org.testng.TestRunner.run(TestRunner.java:505)
  org.testng.SuiteRunner.runTest(SuiteRunner.java:455)
  org.testng.SuiteRunner.runSequentially(SuiteRunner.java:450)
  org.testng.SuiteRunner.privateRun(SuiteRunner.java:415)
  org.testng.SuiteRunner.run(SuiteRunner.java:364)
  org.testng.SuiteRunnerWorker.runSuite(SuiteRunnerWorker.java:52)
  org.testng.SuiteRunnerWorker.run(SuiteRunnerWorker.java:84)
  org.testng.TestNG.runSuitesSequentially(TestNG.java:1208)
  org.testng.TestNG.runSuitesLocally(TestNG.java:1137)
  org.testng.TestNG.runSuites(TestNG.java:1049)
  org.testng.TestNG.run(TestNG.java:1017)
  org.testng.remote.AbstractRemoteTestNG.run(AbstractRemoteTestNG.java:114)
  org.testng.remote.RemoteTestNG.initAndRun(RemoteTestNG.java:251)
  org.testng.remote.RemoteTestNG.main(RemoteTestNG.java:77)
]]>
      </failure>

          </testcase>
            <testcase name="NavigationCheck" time="1.641" classname="regLoansNewUI.AdminNavigationsTest">
                <failure type="org.openqa.selenium.SessionNotCreatedException"
                  message="session not created: This version of ChromeDriver only supports Chrome version 106
Current browser version is 109.0.5414.120 with binary path C:\Program Files (x86)\Google\Chrome\Application\chrome.exe
Build info: version: &apos;3.141.59&apos;, revision: &apos;e82be7d358&apos;, time: &apos;2018-11-14T08:17:03&apos;
System info: host: &apos;DESKTOP-KCMKG2H&apos;, ip: &apos;192.168.1.11&apos;, os.name: &apos;Windows 10&apos;, os.arch: &apos;amd64&apos;, os.version: &apos;10.0&apos;, java.version: &apos;1.8.0_201&apos;
Driver info: driver.version: ChromeDriver
remote stacktrace: Backtrace:
	Ordinal0 [0x008D1ED3+2236115]
	Ordinal0 [0x008692F1+1807089]
	Ordinal0 [0x007766FD+812797]
	Ordinal0 [0x00798C6D+953453]
	Ordinal0 [0x00794200+934400]
	Ordinal0 [0x007919C9+924105]
	Ordinal0 [0x007C806C+1146988]
	Ordinal0 [0x007C7A6A+1145450]
	Ordinal0 [0x007C18A6+1120422]
	Ordinal0 [0x0079A73D+960317]
	Ordinal0 [0x0079B71F+964383]
	GetHandleVerifier [0x00B7E7E2+2743074]
	GetHandleVerifier [0x00B708D4+2685972]
	GetHandleVerifier [0x00962BAA+532202]
	GetHandleVerifier [0x00961990+527568]
	Ordinal0 [0x0087080C+1837068]
	Ordinal0 [0x00874CD8+1854680]
	Ordinal0 [0x00874DC5+1854917]
	Ordinal0 [0x0087ED64+1895780]
	BaseThreadInitThunk [0x767E00F9+25]
	RtlGetAppContainerNamedObjectPath [0x77AA7BBE+286]
	RtlGetAppContainerNamedObjectPath [0x77AA7B8E+238]
"
              >
<![CDATA[org.openqa.selenium.SessionNotCreatedException: session not created: This version of ChromeDriver only supports Chrome version 106
Current browser version is 109.0.5414.120 with binary path C:\Program Files (x86)\Google\Chrome\Application\chrome.exe
Build info: version: '3.141.59', revision: 'e82be7d358', time: '2018-11-14T08:17:03'
System info: host: 'DESKTOP-KCMKG2H', ip: '192.168.1.11', os.name: 'Windows 10', os.arch: 'amd64', os.version: '10.0', java.version: '1.8.0_201'
Driver info: driver.version: ChromeDriver
remote stacktrace: Backtrace:
	Ordinal0 [0x008D1ED3+2236115]
	Ordinal0 [0x008692F1+1807089]
	Ordinal0 [0x007766FD+812797]
	Ordinal0 [0x00798C6D+953453]
	Ordinal0 [0x00794200+934400]
	Ordinal0 [0x007919C9+924105]
	Ordinal0 [0x007C806C+1146988]
	Ordinal0 [0x007C7A6A+1145450]
	Ordinal0 [0x007C18A6+1120422]
	Ordinal0 [0x0079A73D+960317]
	Ordinal0 [0x0079B71F+964383]
	GetHandleVerifier [0x00B7E7E2+2743074]
	GetHandleVerifier [0x00B708D4+2685972]
	GetHandleVerifier [0x00962BAA+532202]
	GetHandleVerifier [0x00961990+527568]
	Ordinal0 [0x0087080C+1837068]
	Ordinal0 [0x00874CD8+1854680]
	Ordinal0 [0x00874DC5+1854917]
	Ordinal0 [0x0087ED64+1895780]
	BaseThreadInitThunk [0x767E00F9+25]
	RtlGetAppContainerNamedObjectPath [0x77AA7BBE+286]
	RtlGetAppContainerNamedObjectPath [0x77AA7B8E+238]

  sun.reflect.NativeConstructorAccessorImpl.newInstance0(Native Method)
  sun.reflect.NativeConstructorAccessorImpl.newInstance(Unknown Source)
  sun.reflect.DelegatingConstructorAccessorImpl.newInstance(Unknown Source)
  java.lang.reflect.Constructor.newInstance(Unknown Source)
  org.openqa.selenium.remote.W3CHandshakeResponse.lambda$errorHandler$0(W3CHandshakeResponse.java:62)
  org.openqa.selenium.remote.HandshakeResponse.lambda$getResponseFunction$0(HandshakeResponse.java:30)
  org.openqa.selenium.remote.ProtocolHandshake.lambda$createSession$0(ProtocolHandshake.java:126)
  java.util.stream.ReferencePipeline$3$1.accept(Unknown Source)
  java.util.Spliterators$ArraySpliterator.tryAdvance(Unknown Source)
  java.util.stream.ReferencePipeline.forEachWithCancel(Unknown Source)
  java.util.stream.AbstractPipeline.copyIntoWithCancel(Unknown Source)
  java.util.stream.AbstractPipeline.copyInto(Unknown Source)
  java.util.stream.AbstractPipeline.wrapAndCopyInto(Unknown Source)
  java.util.stream.FindOps$FindOp.evaluateSequential(Unknown Source)
  java.util.stream.AbstractPipeline.evaluate(Unknown Source)
  java.util.stream.ReferencePipeline.findFirst(Unknown Source)
  org.openqa.selenium.remote.ProtocolHandshake.createSession(ProtocolHandshake.java:128)
  org.openqa.selenium.remote.ProtocolHandshake.createSession(ProtocolHandshake.java:74)
  org.openqa.selenium.remote.HttpCommandExecutor.execute(HttpCommandExecutor.java:136)
  org.openqa.selenium.remote.service.DriverCommandExecutor.execute(DriverCommandExecutor.java:83)
  org.openqa.selenium.remote.RemoteWebDriver.execute(RemoteWebDriver.java:552)
  org.openqa.selenium.remote.RemoteWebDriver.startSession(RemoteWebDriver.java:213)
  org.openqa.selenium.remote.RemoteWebDriver.<init>(RemoteWebDriver.java:131)
  org.openqa.selenium.chrome.ChromeDriver.<init>(ChromeDriver.java:181)
  org.openqa.selenium.chrome.ChromeDriver.<init>(ChromeDriver.java:168)
  org.openqa.selenium.chrome.ChromeDriver.<init>(ChromeDriver.java:123)
  pageobjects.ELSLoginPageObject.<init>(ELSLoginPageObject.java:81)
  regLoansNewUI.AdminNavigationsTest.NavigationCheck(AdminNavigationsTest.java:22)
  sun.reflect.NativeMethodAccessorImpl.invoke0(Native Method)
  sun.reflect.NativeMethodAccessorImpl.invoke(Unknown Source)
  sun.reflect.DelegatingMethodAccessorImpl.invoke(Unknown Source)
  java.lang.reflect.Method.invoke(Unknown Source)
  org.testng.internal.MethodInvocationHelper.invokeMethod(MethodInvocationHelper.java:124)
  org.testng.internal.Invoker.invokeMethod(Invoker.java:580)
  org.testng.internal.Invoker.invokeTestMethod(Invoker.java:716)
  org.testng.internal.Invoker.invokeTestMethods(Invoker.java:988)
  org.testng.internal.TestMethodWorker.invokeTestMethods(TestMethodWorker.java:125)
  org.testng.internal.TestMethodWorker.run(TestMethodWorker.java:109)
  org.testng.TestRunner.privateRun(TestRunner.java:648)
  org.testng.TestRunner.run(TestRunner.java:505)
  org.testng.SuiteRunner.runTest(SuiteRunner.java:455)
  org.testng.SuiteRunner.runSequentially(SuiteRunner.java:450)
  org.testng.SuiteRunner.privateRun(SuiteRunner.java:415)
  org.testng.SuiteRunner.run(SuiteRunner.java:364)
  org.testng.SuiteRunnerWorker.runSuite(SuiteRunnerWorker.java:52)
  org.testng.SuiteRunnerWorker.run(SuiteRunnerWorker.java:84)
  org.testng.TestNG.runSuitesSequentially(TestNG.java:1208)
  org.testng.TestNG.runSuitesLocally(TestNG.java:1137)
  org.testng.TestNG.runSuites(TestNG.java:1049)
  org.testng.TestNG.run(TestNG.java:1017)
  org.testng.remote.AbstractRemoteTestNG.run(AbstractRemoteTestNG.java:114)
  org.testng.remote.RemoteTestNG.initAndRun(RemoteTestNG.java:251)
  org.testng.remote.RemoteTestNG.main(RemoteTestNG.java:77)
]]>
      </failure>

          </testcase>
            <testcase name="NavigationCheck" time="1.554" classname="regLoansNewUI.AdminNavigationsTest">
                <failure type="org.openqa.selenium.SessionNotCreatedException"
                  message="session not created: This version of ChromeDriver only supports Chrome version 106
Current browser version is 109.0.5414.120 with binary path C:\Program Files (x86)\Google\Chrome\Application\chrome.exe
Build info: version: &apos;3.141.59&apos;, revision: &apos;e82be7d358&apos;, time: &apos;2018-11-14T08:17:03&apos;
System info: host: &apos;DESKTOP-KCMKG2H&apos;, ip: &apos;192.168.1.11&apos;, os.name: &apos;Windows 10&apos;, os.arch: &apos;amd64&apos;, os.version: &apos;10.0&apos;, java.version: &apos;1.8.0_201&apos;
Driver info: driver.version: ChromeDriver
remote stacktrace: Backtrace:
	Ordinal0 [0x008D1ED3+2236115]
	Ordinal0 [0x008692F1+1807089]
	Ordinal0 [0x007766FD+812797]
	Ordinal0 [0x00798C6D+953453]
	Ordinal0 [0x00794200+934400]
	Ordinal0 [0x007919C9+924105]
	Ordinal0 [0x007C806C+1146988]
	Ordinal0 [0x007C7A6A+1145450]
	Ordinal0 [0x007C18A6+1120422]
	Ordinal0 [0x0079A73D+960317]
	Ordinal0 [0x0079B71F+964383]
	GetHandleVerifier [0x00B7E7E2+2743074]
	GetHandleVerifier [0x00B708D4+2685972]
	GetHandleVerifier [0x00962BAA+532202]
	GetHandleVerifier [0x00961990+527568]
	Ordinal0 [0x0087080C+1837068]
	Ordinal0 [0x00874CD8+1854680]
	Ordinal0 [0x00874DC5+1854917]
	Ordinal0 [0x0087ED64+1895780]
	BaseThreadInitThunk [0x767E00F9+25]
	RtlGetAppContainerNamedObjectPath [0x77AA7BBE+286]
	RtlGetAppContainerNamedObjectPath [0x77AA7B8E+238]
"
              >
<![CDATA[org.openqa.selenium.SessionNotCreatedException: session not created: This version of ChromeDriver only supports Chrome version 106
Current browser version is 109.0.5414.120 with binary path C:\Program Files (x86)\Google\Chrome\Application\chrome.exe
Build info: version: '3.141.59', revision: 'e82be7d358', time: '2018-11-14T08:17:03'
System info: host: 'DESKTOP-KCMKG2H', ip: '192.168.1.11', os.name: 'Windows 10', os.arch: 'amd64', os.version: '10.0', java.version: '1.8.0_201'
Driver info: driver.version: ChromeDriver
remote stacktrace: Backtrace:
	Ordinal0 [0x008D1ED3+2236115]
	Ordinal0 [0x008692F1+1807089]
	Ordinal0 [0x007766FD+812797]
	Ordinal0 [0x00798C6D+953453]
	Ordinal0 [0x00794200+934400]
	Ordinal0 [0x007919C9+924105]
	Ordinal0 [0x007C806C+1146988]
	Ordinal0 [0x007C7A6A+1145450]
	Ordinal0 [0x007C18A6+1120422]
	Ordinal0 [0x0079A73D+960317]
	Ordinal0 [0x0079B71F+964383]
	GetHandleVerifier [0x00B7E7E2+2743074]
	GetHandleVerifier [0x00B708D4+2685972]
	GetHandleVerifier [0x00962BAA+532202]
	GetHandleVerifier [0x00961990+527568]
	Ordinal0 [0x0087080C+1837068]
	Ordinal0 [0x00874CD8+1854680]
	Ordinal0 [0x00874DC5+1854917]
	Ordinal0 [0x0087ED64+1895780]
	BaseThreadInitThunk [0x767E00F9+25]
	RtlGetAppContainerNamedObjectPath [0x77AA7BBE+286]
	RtlGetAppContainerNamedObjectPath [0x77AA7B8E+238]

  sun.reflect.NativeConstructorAccessorImpl.newInstance0(Native Method)
  sun.reflect.NativeConstructorAccessorImpl.newInstance(Unknown Source)
  sun.reflect.DelegatingConstructorAccessorImpl.newInstance(Unknown Source)
  java.lang.reflect.Constructor.newInstance(Unknown Source)
  org.openqa.selenium.remote.W3CHandshakeResponse.lambda$errorHandler$0(W3CHandshakeResponse.java:62)
  org.openqa.selenium.remote.HandshakeResponse.lambda$getResponseFunction$0(HandshakeResponse.java:30)
  org.openqa.selenium.remote.ProtocolHandshake.lambda$createSession$0(ProtocolHandshake.java:126)
  java.util.stream.ReferencePipeline$3$1.accept(Unknown Source)
  java.util.Spliterators$ArraySpliterator.tryAdvance(Unknown Source)
  java.util.stream.ReferencePipeline.forEachWithCancel(Unknown Source)
  java.util.stream.AbstractPipeline.copyIntoWithCancel(Unknown Source)
  java.util.stream.AbstractPipeline.copyInto(Unknown Source)
  java.util.stream.AbstractPipeline.wrapAndCopyInto(Unknown Source)
  java.util.stream.FindOps$FindOp.evaluateSequential(Unknown Source)
  java.util.stream.AbstractPipeline.evaluate(Unknown Source)
  java.util.stream.ReferencePipeline.findFirst(Unknown Source)
  org.openqa.selenium.remote.ProtocolHandshake.createSession(ProtocolHandshake.java:128)
  org.openqa.selenium.remote.ProtocolHandshake.createSession(ProtocolHandshake.java:74)
  org.openqa.selenium.remote.HttpCommandExecutor.execute(HttpCommandExecutor.java:136)
  org.openqa.selenium.remote.service.DriverCommandExecutor.execute(DriverCommandExecutor.java:83)
  org.openqa.selenium.remote.RemoteWebDriver.execute(RemoteWebDriver.java:552)
  org.openqa.selenium.remote.RemoteWebDriver.startSession(RemoteWebDriver.java:213)
  org.openqa.selenium.remote.RemoteWebDriver.<init>(RemoteWebDriver.java:131)
  org.openqa.selenium.chrome.ChromeDriver.<init>(ChromeDriver.java:181)
  org.openqa.selenium.chrome.ChromeDriver.<init>(ChromeDriver.java:168)
  org.openqa.selenium.chrome.ChromeDriver.<init>(ChromeDriver.java:123)
  pageobjects.ELSLoginPageObject.<init>(ELSLoginPageObject.java:81)
  regLoansNewUI.AdminNavigationsTest.NavigationCheck(AdminNavigationsTest.java:22)
  sun.reflect.NativeMethodAccessorImpl.invoke0(Native Method)
  sun.reflect.NativeMethodAccessorImpl.invoke(Unknown Source)
  sun.reflect.DelegatingMethodAccessorImpl.invoke(Unknown Source)
  java.lang.reflect.Method.invoke(Unknown Source)
  org.testng.internal.MethodInvocationHelper.invokeMethod(MethodInvocationHelper.java:124)
  org.testng.internal.Invoker.invokeMethod(Invoker.java:580)
  org.testng.internal.Invoker.invokeTestMethod(Invoker.java:716)
  org.testng.internal.Invoker.invokeTestMethods(Invoker.java:988)
  org.testng.internal.TestMethodWorker.invokeTestMethods(TestMethodWorker.java:125)
  org.testng.internal.TestMethodWorker.run(TestMethodWorker.java:109)
  org.testng.TestRunner.privateRun(TestRunner.java:648)
  org.testng.TestRunner.run(TestRunner.java:505)
  org.testng.SuiteRunner.runTest(SuiteRunner.java:455)
  org.testng.SuiteRunner.runSequentially(SuiteRunner.java:450)
  org.testng.SuiteRunner.privateRun(SuiteRunner.java:415)
  org.testng.SuiteRunner.run(SuiteRunner.java:364)
  org.testng.SuiteRunnerWorker.runSuite(SuiteRunnerWorker.java:52)
  org.testng.SuiteRunnerWorker.run(SuiteRunnerWorker.java:84)
  org.testng.TestNG.runSuitesSequentially(TestNG.java:1208)
  org.testng.TestNG.runSuitesLocally(TestNG.java:1137)
  org.testng.TestNG.runSuites(TestNG.java:1049)
  org.testng.TestNG.run(TestNG.java:1017)
  org.testng.remote.AbstractRemoteTestNG.run(AbstractRemoteTestNG.java:114)
  org.testng.remote.RemoteTestNG.initAndRun(RemoteTestNG.java:251)
  org.testng.remote.RemoteTestNG.main(RemoteTestNG.java:77)
]]>
      </failure>

          </testcase>
            <testcase name="NavigationCheck" time="1.593" classname="regLoansNewUI.AdminNavigationsTest">
                <failure type="org.openqa.selenium.SessionNotCreatedException"
                  message="session not created: This version of ChromeDriver only supports Chrome version 106
Current browser version is 109.0.5414.120 with binary path C:\Program Files (x86)\Google\Chrome\Application\chrome.exe
Build info: version: &apos;3.141.59&apos;, revision: &apos;e82be7d358&apos;, time: &apos;2018-11-14T08:17:03&apos;
System info: host: &apos;DESKTOP-KCMKG2H&apos;, ip: &apos;192.168.1.11&apos;, os.name: &apos;Windows 10&apos;, os.arch: &apos;amd64&apos;, os.version: &apos;10.0&apos;, java.version: &apos;1.8.0_201&apos;
Driver info: driver.version: ChromeDriver
remote stacktrace: Backtrace:
	Ordinal0 [0x008D1ED3+2236115]
	Ordinal0 [0x008692F1+1807089]
	Ordinal0 [0x007766FD+812797]
	Ordinal0 [0x00798C6D+953453]
	Ordinal0 [0x00794200+934400]
	Ordinal0 [0x007919C9+924105]
	Ordinal0 [0x007C806C+1146988]
	Ordinal0 [0x007C7A6A+1145450]
	Ordinal0 [0x007C18A6+1120422]
	Ordinal0 [0x0079A73D+960317]
	Ordinal0 [0x0079B71F+964383]
	GetHandleVerifier [0x00B7E7E2+2743074]
	GetHandleVerifier [0x00B708D4+2685972]
	GetHandleVerifier [0x00962BAA+532202]
	GetHandleVerifier [0x00961990+527568]
	Ordinal0 [0x0087080C+1837068]
	Ordinal0 [0x00874CD8+1854680]
	Ordinal0 [0x00874DC5+1854917]
	Ordinal0 [0x0087ED64+1895780]
	BaseThreadInitThunk [0x767E00F9+25]
	RtlGetAppContainerNamedObjectPath [0x77AA7BBE+286]
	RtlGetAppContainerNamedObjectPath [0x77AA7B8E+238]
"
              >
<![CDATA[org.openqa.selenium.SessionNotCreatedException: session not created: This version of ChromeDriver only supports Chrome version 106
Current browser version is 109.0.5414.120 with binary path C:\Program Files (x86)\Google\Chrome\Application\chrome.exe
Build info: version: '3.141.59', revision: 'e82be7d358', time: '2018-11-14T08:17:03'
System info: host: 'DESKTOP-KCMKG2H', ip: '192.168.1.11', os.name: 'Windows 10', os.arch: 'amd64', os.version: '10.0', java.version: '1.8.0_201'
Driver info: driver.version: ChromeDriver
remote stacktrace: Backtrace:
	Ordinal0 [0x008D1ED3+2236115]
	Ordinal0 [0x008692F1+1807089]
	Ordinal0 [0x007766FD+812797]
	Ordinal0 [0x00798C6D+953453]
	Ordinal0 [0x00794200+934400]
	Ordinal0 [0x007919C9+924105]
	Ordinal0 [0x007C806C+1146988]
	Ordinal0 [0x007C7A6A+1145450]
	Ordinal0 [0x007C18A6+1120422]
	Ordinal0 [0x0079A73D+960317]
	Ordinal0 [0x0079B71F+964383]
	GetHandleVerifier [0x00B7E7E2+2743074]
	GetHandleVerifier [0x00B708D4+2685972]
	GetHandleVerifier [0x00962BAA+532202]
	GetHandleVerifier [0x00961990+527568]
	Ordinal0 [0x0087080C+1837068]
	Ordinal0 [0x00874CD8+1854680]
	Ordinal0 [0x00874DC5+1854917]
	Ordinal0 [0x0087ED64+1895780]
	BaseThreadInitThunk [0x767E00F9+25]
	RtlGetAppContainerNamedObjectPath [0x77AA7BBE+286]
	RtlGetAppContainerNamedObjectPath [0x77AA7B8E+238]

  sun.reflect.NativeConstructorAccessorImpl.newInstance0(Native Method)
  sun.reflect.NativeConstructorAccessorImpl.newInstance(Unknown Source)
  sun.reflect.DelegatingConstructorAccessorImpl.newInstance(Unknown Source)
  java.lang.reflect.Constructor.newInstance(Unknown Source)
  org.openqa.selenium.remote.W3CHandshakeResponse.lambda$errorHandler$0(W3CHandshakeResponse.java:62)
  org.openqa.selenium.remote.HandshakeResponse.lambda$getResponseFunction$0(HandshakeResponse.java:30)
  org.openqa.selenium.remote.ProtocolHandshake.lambda$createSession$0(ProtocolHandshake.java:126)
  java.util.stream.ReferencePipeline$3$1.accept(Unknown Source)
  java.util.Spliterators$ArraySpliterator.tryAdvance(Unknown Source)
  java.util.stream.ReferencePipeline.forEachWithCancel(Unknown Source)
  java.util.stream.AbstractPipeline.copyIntoWithCancel(Unknown Source)
  java.util.stream.AbstractPipeline.copyInto(Unknown Source)
  java.util.stream.AbstractPipeline.wrapAndCopyInto(Unknown Source)
  java.util.stream.FindOps$FindOp.evaluateSequential(Unknown Source)
  java.util.stream.AbstractPipeline.evaluate(Unknown Source)
  java.util.stream.ReferencePipeline.findFirst(Unknown Source)
  org.openqa.selenium.remote.ProtocolHandshake.createSession(ProtocolHandshake.java:128)
  org.openqa.selenium.remote.ProtocolHandshake.createSession(ProtocolHandshake.java:74)
  org.openqa.selenium.remote.HttpCommandExecutor.execute(HttpCommandExecutor.java:136)
  org.openqa.selenium.remote.service.DriverCommandExecutor.execute(DriverCommandExecutor.java:83)
  org.openqa.selenium.remote.RemoteWebDriver.execute(RemoteWebDriver.java:552)
  org.openqa.selenium.remote.RemoteWebDriver.startSession(RemoteWebDriver.java:213)
  org.openqa.selenium.remote.RemoteWebDriver.<init>(RemoteWebDriver.java:131)
  org.openqa.selenium.chrome.ChromeDriver.<init>(ChromeDriver.java:181)
  org.openqa.selenium.chrome.ChromeDriver.<init>(ChromeDriver.java:168)
  org.openqa.selenium.chrome.ChromeDriver.<init>(ChromeDriver.java:123)
  pageobjects.ELSLoginPageObject.<init>(ELSLoginPageObject.java:81)
  regLoansNewUI.AdminNavigationsTest.NavigationCheck(AdminNavigationsTest.java:22)
  sun.reflect.NativeMethodAccessorImpl.invoke0(Native Method)
  sun.reflect.NativeMethodAccessorImpl.invoke(Unknown Source)
  sun.reflect.DelegatingMethodAccessorImpl.invoke(Unknown Source)
  java.lang.reflect.Method.invoke(Unknown Source)
  org.testng.internal.MethodInvocationHelper.invokeMethod(MethodInvocationHelper.java:124)
  org.testng.internal.Invoker.invokeMethod(Invoker.java:580)
  org.testng.internal.Invoker.invokeTestMethod(Invoker.java:716)
  org.testng.internal.Invoker.invokeTestMethods(Invoker.java:988)
  org.testng.internal.TestMethodWorker.invokeTestMethods(TestMethodWorker.java:125)
  org.testng.internal.TestMethodWorker.run(TestMethodWorker.java:109)
  org.testng.TestRunner.privateRun(TestRunner.java:648)
  org.testng.TestRunner.run(TestRunner.java:505)
  org.testng.SuiteRunner.runTest(SuiteRunner.java:455)
  org.testng.SuiteRunner.runSequentially(SuiteRunner.java:450)
  org.testng.SuiteRunner.privateRun(SuiteRunner.java:415)
  org.testng.SuiteRunner.run(SuiteRunner.java:364)
  org.testng.SuiteRunnerWorker.runSuite(SuiteRunnerWorker.java:52)
  org.testng.SuiteRunnerWorker.run(SuiteRunnerWorker.java:84)
  org.testng.TestNG.runSuitesSequentially(TestNG.java:1208)
  org.testng.TestNG.runSuitesLocally(TestNG.java:1137)
  org.testng.TestNG.runSuites(TestNG.java:1049)
  org.testng.TestNG.run(TestNG.java:1017)
  org.testng.remote.AbstractRemoteTestNG.run(AbstractRemoteTestNG.java:114)
  org.testng.remote.RemoteTestNG.initAndRun(RemoteTestNG.java:251)
  org.testng.remote.RemoteTestNG.main(RemoteTestNG.java:77)
]]>
      </failure>

          </testcase>
            <testcase name="NavigationCheck" time="1.386" classname="regLoansNewUI.AdminNavigationsTest">
                <failure type="org.openqa.selenium.SessionNotCreatedException"
                  message="session not created: This version of ChromeDriver only supports Chrome version 106
Current browser version is 109.0.5414.120 with binary path C:\Program Files (x86)\Google\Chrome\Application\chrome.exe
Build info: version: &apos;3.141.59&apos;, revision: &apos;e82be7d358&apos;, time: &apos;2018-11-14T08:17:03&apos;
System info: host: &apos;DESKTOP-KCMKG2H&apos;, ip: &apos;192.168.1.11&apos;, os.name: &apos;Windows 10&apos;, os.arch: &apos;amd64&apos;, os.version: &apos;10.0&apos;, java.version: &apos;1.8.0_201&apos;
Driver info: driver.version: ChromeDriver
remote stacktrace: Backtrace:
	Ordinal0 [0x008D1ED3+2236115]
	Ordinal0 [0x008692F1+1807089]
	Ordinal0 [0x007766FD+812797]
	Ordinal0 [0x00798C6D+953453]
	Ordinal0 [0x00794200+934400]
	Ordinal0 [0x007919C9+924105]
	Ordinal0 [0x007C806C+1146988]
	Ordinal0 [0x007C7A6A+1145450]
	Ordinal0 [0x007C18A6+1120422]
	Ordinal0 [0x0079A73D+960317]
	Ordinal0 [0x0079B71F+964383]
	GetHandleVerifier [0x00B7E7E2+2743074]
	GetHandleVerifier [0x00B708D4+2685972]
	GetHandleVerifier [0x00962BAA+532202]
	GetHandleVerifier [0x00961990+527568]
	Ordinal0 [0x0087080C+1837068]
	Ordinal0 [0x00874CD8+1854680]
	Ordinal0 [0x00874DC5+1854917]
	Ordinal0 [0x0087ED64+1895780]
	BaseThreadInitThunk [0x767E00F9+25]
	RtlGetAppContainerNamedObjectPath [0x77AA7BBE+286]
	RtlGetAppContainerNamedObjectPath [0x77AA7B8E+238]
"
              >
<![CDATA[org.openqa.selenium.SessionNotCreatedException: session not created: This version of ChromeDriver only supports Chrome version 106
Current browser version is 109.0.5414.120 with binary path C:\Program Files (x86)\Google\Chrome\Application\chrome.exe
Build info: version: '3.141.59', revision: 'e82be7d358', time: '2018-11-14T08:17:03'
System info: host: 'DESKTOP-KCMKG2H', ip: '192.168.1.11', os.name: 'Windows 10', os.arch: 'amd64', os.version: '10.0', java.version: '1.8.0_201'
Driver info: driver.version: ChromeDriver
remote stacktrace: Backtrace:
	Ordinal0 [0x008D1ED3+2236115]
	Ordinal0 [0x008692F1+1807089]
	Ordinal0 [0x007766FD+812797]
	Ordinal0 [0x00798C6D+953453]
	Ordinal0 [0x00794200+934400]
	Ordinal0 [0x007919C9+924105]
	Ordinal0 [0x007C806C+1146988]
	Ordinal0 [0x007C7A6A+1145450]
	Ordinal0 [0x007C18A6+1120422]
	Ordinal0 [0x0079A73D+960317]
	Ordinal0 [0x0079B71F+964383]
	GetHandleVerifier [0x00B7E7E2+2743074]
	GetHandleVerifier [0x00B708D4+2685972]
	GetHandleVerifier [0x00962BAA+532202]
	GetHandleVerifier [0x00961990+527568]
	Ordinal0 [0x0087080C+1837068]
	Ordinal0 [0x00874CD8+1854680]
	Ordinal0 [0x00874DC5+1854917]
	Ordinal0 [0x0087ED64+1895780]
	BaseThreadInitThunk [0x767E00F9+25]
	RtlGetAppContainerNamedObjectPath [0x77AA7BBE+286]
	RtlGetAppContainerNamedObjectPath [0x77AA7B8E+238]

  sun.reflect.NativeConstructorAccessorImpl.newInstance0(Native Method)
  sun.reflect.NativeConstructorAccessorImpl.newInstance(Unknown Source)
  sun.reflect.DelegatingConstructorAccessorImpl.newInstance(Unknown Source)
  java.lang.reflect.Constructor.newInstance(Unknown Source)
  org.openqa.selenium.remote.W3CHandshakeResponse.lambda$errorHandler$0(W3CHandshakeResponse.java:62)
  org.openqa.selenium.remote.HandshakeResponse.lambda$getResponseFunction$0(HandshakeResponse.java:30)
  org.openqa.selenium.remote.ProtocolHandshake.lambda$createSession$0(ProtocolHandshake.java:126)
  java.util.stream.ReferencePipeline$3$1.accept(Unknown Source)
  java.util.Spliterators$ArraySpliterator.tryAdvance(Unknown Source)
  java.util.stream.ReferencePipeline.forEachWithCancel(Unknown Source)
  java.util.stream.AbstractPipeline.copyIntoWithCancel(Unknown Source)
  java.util.stream.AbstractPipeline.copyInto(Unknown Source)
  java.util.stream.AbstractPipeline.wrapAndCopyInto(Unknown Source)
  java.util.stream.FindOps$FindOp.evaluateSequential(Unknown Source)
  java.util.stream.AbstractPipeline.evaluate(Unknown Source)
  java.util.stream.ReferencePipeline.findFirst(Unknown Source)
  org.openqa.selenium.remote.ProtocolHandshake.createSession(ProtocolHandshake.java:128)
  org.openqa.selenium.remote.ProtocolHandshake.createSession(ProtocolHandshake.java:74)
  org.openqa.selenium.remote.HttpCommandExecutor.execute(HttpCommandExecutor.java:136)
  org.openqa.selenium.remote.service.DriverCommandExecutor.execute(DriverCommandExecutor.java:83)
  org.openqa.selenium.remote.RemoteWebDriver.execute(RemoteWebDriver.java:552)
  org.openqa.selenium.remote.RemoteWebDriver.startSession(RemoteWebDriver.java:213)
  org.openqa.selenium.remote.RemoteWebDriver.<init>(RemoteWebDriver.java:131)
  org.openqa.selenium.chrome.ChromeDriver.<init>(ChromeDriver.java:181)
  org.openqa.selenium.chrome.ChromeDriver.<init>(ChromeDriver.java:168)
  org.openqa.selenium.chrome.ChromeDriver.<init>(ChromeDriver.java:123)
  pageobjects.ELSLoginPageObject.<init>(ELSLoginPageObject.java:81)
  regLoansNewUI.AdminNavigationsTest.NavigationCheck(AdminNavigationsTest.java:22)
  sun.reflect.NativeMethodAccessorImpl.invoke0(Native Method)
  sun.reflect.NativeMethodAccessorImpl.invoke(Unknown Source)
  sun.reflect.DelegatingMethodAccessorImpl.invoke(Unknown Source)
  java.lang.reflect.Method.invoke(Unknown Source)
  org.testng.internal.MethodInvocationHelper.invokeMethod(MethodInvocationHelper.java:124)
  org.testng.internal.Invoker.invokeMethod(Invoker.java:580)
  org.testng.internal.Invoker.invokeTestMethod(Invoker.java:716)
  org.testng.internal.Invoker.invokeTestMethods(Invoker.java:988)
  org.testng.internal.TestMethodWorker.invokeTestMethods(TestMethodWorker.java:125)
  org.testng.internal.TestMethodWorker.run(TestMethodWorker.java:109)
  org.testng.TestRunner.privateRun(TestRunner.java:648)
  org.testng.TestRunner.run(TestRunner.java:505)
  org.testng.SuiteRunner.runTest(SuiteRunner.java:455)
  org.testng.SuiteRunner.runSequentially(SuiteRunner.java:450)
  org.testng.SuiteRunner.privateRun(SuiteRunner.java:415)
  org.testng.SuiteRunner.run(SuiteRunner.java:364)
  org.testng.SuiteRunnerWorker.runSuite(SuiteRunnerWorker.java:52)
  org.testng.SuiteRunnerWorker.run(SuiteRunnerWorker.java:84)
  org.testng.TestNG.runSuitesSequentially(TestNG.java:1208)
  org.testng.TestNG.runSuitesLocally(TestNG.java:1137)
  org.testng.TestNG.runSuites(TestNG.java:1049)
  org.testng.TestNG.run(TestNG.java:1017)
  org.testng.remote.AbstractRemoteTestNG.run(AbstractRemoteTestNG.java:114)
  org.testng.remote.RemoteTestNG.initAndRun(RemoteTestNG.java:251)
  org.testng.remote.RemoteTestNG.main(RemoteTestNG.java:77)
]]>
      </failure>

          </testcase>
            <testcase name="NavigationCheck" time="1.579" classname="regLoansNewUI.AdminNavigationsTest">
                <failure type="org.openqa.selenium.SessionNotCreatedException"
                  message="session not created: This version of ChromeDriver only supports Chrome version 106
Current browser version is 109.0.5414.120 with binary path C:\Program Files (x86)\Google\Chrome\Application\chrome.exe
Build info: version: &apos;3.141.59&apos;, revision: &apos;e82be7d358&apos;, time: &apos;2018-11-14T08:17:03&apos;
System info: host: &apos;DESKTOP-KCMKG2H&apos;, ip: &apos;192.168.1.11&apos;, os.name: &apos;Windows 10&apos;, os.arch: &apos;amd64&apos;, os.version: &apos;10.0&apos;, java.version: &apos;1.8.0_201&apos;
Driver info: driver.version: ChromeDriver
remote stacktrace: Backtrace:
	Ordinal0 [0x008D1ED3+2236115]
	Ordinal0 [0x008692F1+1807089]
	Ordinal0 [0x007766FD+812797]
	Ordinal0 [0x00798C6D+953453]
	Ordinal0 [0x00794200+934400]
	Ordinal0 [0x007919C9+924105]
	Ordinal0 [0x007C806C+1146988]
	Ordinal0 [0x007C7A6A+1145450]
	Ordinal0 [0x007C18A6+1120422]
	Ordinal0 [0x0079A73D+960317]
	Ordinal0 [0x0079B71F+964383]
	GetHandleVerifier [0x00B7E7E2+2743074]
	GetHandleVerifier [0x00B708D4+2685972]
	GetHandleVerifier [0x00962BAA+532202]
	GetHandleVerifier [0x00961990+527568]
	Ordinal0 [0x0087080C+1837068]
	Ordinal0 [0x00874CD8+1854680]
	Ordinal0 [0x00874DC5+1854917]
	Ordinal0 [0x0087ED64+1895780]
	BaseThreadInitThunk [0x767E00F9+25]
	RtlGetAppContainerNamedObjectPath [0x77AA7BBE+286]
	RtlGetAppContainerNamedObjectPath [0x77AA7B8E+238]
"
              >
<![CDATA[org.openqa.selenium.SessionNotCreatedException: session not created: This version of ChromeDriver only supports Chrome version 106
Current browser version is 109.0.5414.120 with binary path C:\Program Files (x86)\Google\Chrome\Application\chrome.exe
Build info: version: '3.141.59', revision: 'e82be7d358', time: '2018-11-14T08:17:03'
System info: host: 'DESKTOP-KCMKG2H', ip: '192.168.1.11', os.name: 'Windows 10', os.arch: 'amd64', os.version: '10.0', java.version: '1.8.0_201'
Driver info: driver.version: ChromeDriver
remote stacktrace: Backtrace:
	Ordinal0 [0x008D1ED3+2236115]
	Ordinal0 [0x008692F1+1807089]
	Ordinal0 [0x007766FD+812797]
	Ordinal0 [0x00798C6D+953453]
	Ordinal0 [0x00794200+934400]
	Ordinal0 [0x007919C9+924105]
	Ordinal0 [0x007C806C+1146988]
	Ordinal0 [0x007C7A6A+1145450]
	Ordinal0 [0x007C18A6+1120422]
	Ordinal0 [0x0079A73D+960317]
	Ordinal0 [0x0079B71F+964383]
	GetHandleVerifier [0x00B7E7E2+2743074]
	GetHandleVerifier [0x00B708D4+2685972]
	GetHandleVerifier [0x00962BAA+532202]
	GetHandleVerifier [0x00961990+527568]
	Ordinal0 [0x0087080C+1837068]
	Ordinal0 [0x00874CD8+1854680]
	Ordinal0 [0x00874DC5+1854917]
	Ordinal0 [0x0087ED64+1895780]
	BaseThreadInitThunk [0x767E00F9+25]
	RtlGetAppContainerNamedObjectPath [0x77AA7BBE+286]
	RtlGetAppContainerNamedObjectPath [0x77AA7B8E+238]

  sun.reflect.NativeConstructorAccessorImpl.newInstance0(Native Method)
  sun.reflect.NativeConstructorAccessorImpl.newInstance(Unknown Source)
  sun.reflect.DelegatingConstructorAccessorImpl.newInstance(Unknown Source)
  java.lang.reflect.Constructor.newInstance(Unknown Source)
  org.openqa.selenium.remote.W3CHandshakeResponse.lambda$errorHandler$0(W3CHandshakeResponse.java:62)
  org.openqa.selenium.remote.HandshakeResponse.lambda$getResponseFunction$0(HandshakeResponse.java:30)
  org.openqa.selenium.remote.ProtocolHandshake.lambda$createSession$0(ProtocolHandshake.java:126)
  java.util.stream.ReferencePipeline$3$1.accept(Unknown Source)
  java.util.Spliterators$ArraySpliterator.tryAdvance(Unknown Source)
  java.util.stream.ReferencePipeline.forEachWithCancel(Unknown Source)
  java.util.stream.AbstractPipeline.copyIntoWithCancel(Unknown Source)
  java.util.stream.AbstractPipeline.copyInto(Unknown Source)
  java.util.stream.AbstractPipeline.wrapAndCopyInto(Unknown Source)
  java.util.stream.FindOps$FindOp.evaluateSequential(Unknown Source)
  java.util.stream.AbstractPipeline.evaluate(Unknown Source)
  java.util.stream.ReferencePipeline.findFirst(Unknown Source)
  org.openqa.selenium.remote.ProtocolHandshake.createSession(ProtocolHandshake.java:128)
  org.openqa.selenium.remote.ProtocolHandshake.createSession(ProtocolHandshake.java:74)
  org.openqa.selenium.remote.HttpCommandExecutor.execute(HttpCommandExecutor.java:136)
  org.openqa.selenium.remote.service.DriverCommandExecutor.execute(DriverCommandExecutor.java:83)
  org.openqa.selenium.remote.RemoteWebDriver.execute(RemoteWebDriver.java:552)
  org.openqa.selenium.remote.RemoteWebDriver.startSession(RemoteWebDriver.java:213)
  org.openqa.selenium.remote.RemoteWebDriver.<init>(RemoteWebDriver.java:131)
  org.openqa.selenium.chrome.ChromeDriver.<init>(ChromeDriver.java:181)
  org.openqa.selenium.chrome.ChromeDriver.<init>(ChromeDriver.java:168)
  org.openqa.selenium.chrome.ChromeDriver.<init>(ChromeDriver.java:123)
  pageobjects.ELSLoginPageObject.<init>(ELSLoginPageObject.java:81)
  regLoansNewUI.AdminNavigationsTest.NavigationCheck(AdminNavigationsTest.java:22)
  sun.reflect.NativeMethodAccessorImpl.invoke0(Native Method)
  sun.reflect.NativeMethodAccessorImpl.invoke(Unknown Source)
  sun.reflect.DelegatingMethodAccessorImpl.invoke(Unknown Source)
  java.lang.reflect.Method.invoke(Unknown Source)
  org.testng.internal.MethodInvocationHelper.invokeMethod(MethodInvocationHelper.java:124)
  org.testng.internal.Invoker.invokeMethod(Invoker.java:580)
  org.testng.internal.Invoker.invokeTestMethod(Invoker.java:716)
  org.testng.internal.Invoker.invokeTestMethods(Invoker.java:988)
  org.testng.internal.TestMethodWorker.invokeTestMethods(TestMethodWorker.java:125)
  org.testng.internal.TestMethodWorker.run(TestMethodWorker.java:109)
  org.testng.TestRunner.privateRun(TestRunner.java:648)
  org.testng.TestRunner.run(TestRunner.java:505)
  org.testng.SuiteRunner.runTest(SuiteRunner.java:455)
  org.testng.SuiteRunner.runSequentially(SuiteRunner.java:450)
  org.testng.SuiteRunner.privateRun(SuiteRunner.java:415)
  org.testng.SuiteRunner.run(SuiteRunner.java:364)
  org.testng.SuiteRunnerWorker.runSuite(SuiteRunnerWorker.java:52)
  org.testng.SuiteRunnerWorker.run(SuiteRunnerWorker.java:84)
  org.testng.TestNG.runSuitesSequentially(TestNG.java:1208)
  org.testng.TestNG.runSuitesLocally(TestNG.java:1137)
  org.testng.TestNG.runSuites(TestNG.java:1049)
  org.testng.TestNG.run(TestNG.java:1017)
  org.testng.remote.AbstractRemoteTestNG.run(AbstractRemoteTestNG.java:114)
  org.testng.remote.RemoteTestNG.initAndRun(RemoteTestNG.java:251)
  org.testng.remote.RemoteTestNG.main(RemoteTestNG.java:77)
]]>
      </failure>

          </testcase>
            <testcase name="NavigationCheck" time="1.729" classname="regLoansNewUI.AdminNavigationsTest">
                <failure type="org.openqa.selenium.SessionNotCreatedException"
                  message="session not created: This version of ChromeDriver only supports Chrome version 106
Current browser version is 109.0.5414.120 with binary path C:\Program Files (x86)\Google\Chrome\Application\chrome.exe
Build info: version: &apos;3.141.59&apos;, revision: &apos;e82be7d358&apos;, time: &apos;2018-11-14T08:17:03&apos;
System info: host: &apos;DESKTOP-KCMKG2H&apos;, ip: &apos;192.168.1.11&apos;, os.name: &apos;Windows 10&apos;, os.arch: &apos;amd64&apos;, os.version: &apos;10.0&apos;, java.version: &apos;1.8.0_201&apos;
Driver info: driver.version: ChromeDriver
remote stacktrace: Backtrace:
	Ordinal0 [0x008D1ED3+2236115]
	Ordinal0 [0x008692F1+1807089]
	Ordinal0 [0x007766FD+812797]
	Ordinal0 [0x00798C6D+953453]
	Ordinal0 [0x00794200+934400]
	Ordinal0 [0x007919C9+924105]
	Ordinal0 [0x007C806C+1146988]
	Ordinal0 [0x007C7A6A+1145450]
	Ordinal0 [0x007C18A6+1120422]
	Ordinal0 [0x0079A73D+960317]
	Ordinal0 [0x0079B71F+964383]
	GetHandleVerifier [0x00B7E7E2+2743074]
	GetHandleVerifier [0x00B708D4+2685972]
	GetHandleVerifier [0x00962BAA+532202]
	GetHandleVerifier [0x00961990+527568]
	Ordinal0 [0x0087080C+1837068]
	Ordinal0 [0x00874CD8+1854680]
	Ordinal0 [0x00874DC5+1854917]
	Ordinal0 [0x0087ED64+1895780]
	BaseThreadInitThunk [0x767E00F9+25]
	RtlGetAppContainerNamedObjectPath [0x77AA7BBE+286]
	RtlGetAppContainerNamedObjectPath [0x77AA7B8E+238]
"
              >
<![CDATA[org.openqa.selenium.SessionNotCreatedException: session not created: This version of ChromeDriver only supports Chrome version 106
Current browser version is 109.0.5414.120 with binary path C:\Program Files (x86)\Google\Chrome\Application\chrome.exe
Build info: version: '3.141.59', revision: 'e82be7d358', time: '2018-11-14T08:17:03'
System info: host: 'DESKTOP-KCMKG2H', ip: '192.168.1.11', os.name: 'Windows 10', os.arch: 'amd64', os.version: '10.0', java.version: '1.8.0_201'
Driver info: driver.version: ChromeDriver
remote stacktrace: Backtrace:
	Ordinal0 [0x008D1ED3+2236115]
	Ordinal0 [0x008692F1+1807089]
	Ordinal0 [0x007766FD+812797]
	Ordinal0 [0x00798C6D+953453]
	Ordinal0 [0x00794200+934400]
	Ordinal0 [0x007919C9+924105]
	Ordinal0 [0x007C806C+1146988]
	Ordinal0 [0x007C7A6A+1145450]
	Ordinal0 [0x007C18A6+1120422]
	Ordinal0 [0x0079A73D+960317]
	Ordinal0 [0x0079B71F+964383]
	GetHandleVerifier [0x00B7E7E2+2743074]
	GetHandleVerifier [0x00B708D4+2685972]
	GetHandleVerifier [0x00962BAA+532202]
	GetHandleVerifier [0x00961990+527568]
	Ordinal0 [0x0087080C+1837068]
	Ordinal0 [0x00874CD8+1854680]
	Ordinal0 [0x00874DC5+1854917]
	Ordinal0 [0x0087ED64+1895780]
	BaseThreadInitThunk [0x767E00F9+25]
	RtlGetAppContainerNamedObjectPath [0x77AA7BBE+286]
	RtlGetAppContainerNamedObjectPath [0x77AA7B8E+238]

  sun.reflect.NativeConstructorAccessorImpl.newInstance0(Native Method)
  sun.reflect.NativeConstructorAccessorImpl.newInstance(Unknown Source)
  sun.reflect.DelegatingConstructorAccessorImpl.newInstance(Unknown Source)
  java.lang.reflect.Constructor.newInstance(Unknown Source)
  org.openqa.selenium.remote.W3CHandshakeResponse.lambda$errorHandler$0(W3CHandshakeResponse.java:62)
  org.openqa.selenium.remote.HandshakeResponse.lambda$getResponseFunction$0(HandshakeResponse.java:30)
  org.openqa.selenium.remote.ProtocolHandshake.lambda$createSession$0(ProtocolHandshake.java:126)
  java.util.stream.ReferencePipeline$3$1.accept(Unknown Source)
  java.util.Spliterators$ArraySpliterator.tryAdvance(Unknown Source)
  java.util.stream.ReferencePipeline.forEachWithCancel(Unknown Source)
  java.util.stream.AbstractPipeline.copyIntoWithCancel(Unknown Source)
  java.util.stream.AbstractPipeline.copyInto(Unknown Source)
  java.util.stream.AbstractPipeline.wrapAndCopyInto(Unknown Source)
  java.util.stream.FindOps$FindOp.evaluateSequential(Unknown Source)
  java.util.stream.AbstractPipeline.evaluate(Unknown Source)
  java.util.stream.ReferencePipeline.findFirst(Unknown Source)
  org.openqa.selenium.remote.ProtocolHandshake.createSession(ProtocolHandshake.java:128)
  org.openqa.selenium.remote.ProtocolHandshake.createSession(ProtocolHandshake.java:74)
  org.openqa.selenium.remote.HttpCommandExecutor.execute(HttpCommandExecutor.java:136)
  org.openqa.selenium.remote.service.DriverCommandExecutor.execute(DriverCommandExecutor.java:83)
  org.openqa.selenium.remote.RemoteWebDriver.execute(RemoteWebDriver.java:552)
  org.openqa.selenium.remote.RemoteWebDriver.startSession(RemoteWebDriver.java:213)
  org.openqa.selenium.remote.RemoteWebDriver.<init>(RemoteWebDriver.java:131)
  org.openqa.selenium.chrome.ChromeDriver.<init>(ChromeDriver.java:181)
  org.openqa.selenium.chrome.ChromeDriver.<init>(ChromeDriver.java:168)
  org.openqa.selenium.chrome.ChromeDriver.<init>(ChromeDriver.java:123)
  pageobjects.ELSLoginPageObject.<init>(ELSLoginPageObject.java:81)
  regLoansNewUI.AdminNavigationsTest.NavigationCheck(AdminNavigationsTest.java:22)
  sun.reflect.NativeMethodAccessorImpl.invoke0(Native Method)
  sun.reflect.NativeMethodAccessorImpl.invoke(Unknown Source)
  sun.reflect.DelegatingMethodAccessorImpl.invoke(Unknown Source)
  java.lang.reflect.Method.invoke(Unknown Source)
  org.testng.internal.MethodInvocationHelper.invokeMethod(MethodInvocationHelper.java:124)
  org.testng.internal.Invoker.invokeMethod(Invoker.java:580)
  org.testng.internal.Invoker.invokeTestMethod(Invoker.java:716)
  org.testng.internal.Invoker.invokeTestMethods(Invoker.java:988)
  org.testng.internal.TestMethodWorker.invokeTestMethods(TestMethodWorker.java:125)
  org.testng.internal.TestMethodWorker.run(TestMethodWorker.java:109)
  org.testng.TestRunner.privateRun(TestRunner.java:648)
  org.testng.TestRunner.run(TestRunner.java:505)
  org.testng.SuiteRunner.runTest(SuiteRunner.java:455)
  org.testng.SuiteRunner.runSequentially(SuiteRunner.java:450)
  org.testng.SuiteRunner.privateRun(SuiteRunner.java:415)
  org.testng.SuiteRunner.run(SuiteRunner.java:364)
  org.testng.SuiteRunnerWorker.runSuite(SuiteRunnerWorker.java:52)
  org.testng.SuiteRunnerWorker.run(SuiteRunnerWorker.java:84)
  org.testng.TestNG.runSuitesSequentially(TestNG.java:1208)
  org.testng.TestNG.runSuitesLocally(TestNG.java:1137)
  org.testng.TestNG.runSuites(TestNG.java:1049)
  org.testng.TestNG.run(TestNG.java:1017)
  org.testng.remote.AbstractRemoteTestNG.run(AbstractRemoteTestNG.java:114)
  org.testng.remote.RemoteTestNG.initAndRun(RemoteTestNG.java:251)
  org.testng.remote.RemoteTestNG.main(RemoteTestNG.java:77)
]]>
      </failure>

          </testcase>
  
  
  
</testsuite>
