<?xml version="1.0" encoding="UTF-8"?>
<testng-results skipped="0" failed="7" ignored="0" total="7" passed="0">
  <reporter-output>
  </reporter-output>
  <suite name="RegressionTest" duration-ms="12575" started-at="2023-02-02T07:12:53Z" finished-at="2023-02-02T07:13:06Z">
    <groups>
    </groups>
    <test name="Regression" duration-ms="12575" started-at="2023-02-02T07:12:53Z" finished-at="2023-02-02T07:13:06Z">
      <class name="regLoansNewUI.AdminNavigationsTest">
        <test-method status="FAIL" signature="NavigationCheck(java.lang.String, java.lang.String, java.lang.String, java.lang.String, java.lang.String)[pri:0, instance:regLoansNewUI.AdminNavigationsTest@692f203f]" name="NavigationCheck" duration-ms="2457" started-at="2023-02-02T07:12:54Z" data-provider="navigate" finished-at="2023-02-02T07:12:57Z">
          <params>
            <param index="0">
              <value>
                <![CDATA[hr.admin@gmail.com]]>
              </value>
            </param>
            <param index="1">
              <value>
                <![CDATA[Paswrd@123#]]>
              </value>
            </param>
            <param index="2">
              <value>
                <![CDATA[User Accounts-Create Users#User Accounts-Edit Existing Users#HR Management-Upload Census File#HR Management-Upload PDT File#HR Management-Download PDI File#HR Management-Report Termination#HR Management-Rollback Termination#HR Management-Search Documents#Reports-Pay Deduction Report#HR Faqs]]>
              </value>
            </param>
            <param index="3">
              <value>
                <![CDATA[admin]]>
              </value>
            </param>
            <param index="4">
              <value>
                <![CDATA[chrome]]>
              </value>
            </param>
          </params>
          <exception class="org.openqa.selenium.SessionNotCreatedException">
            <message>
              <![CDATA[session not created: This version of ChromeDriver only supports Chrome version 106
Current browser version is 109.0.5414.120 with binary path C:\Program Files (x86)\Google\Chrome\Application\chrome.exe
Build info: version: '3.141.59', revision: 'e82be7d358', time: '2018-11-14T08:17:03'
System info: host: 'DESKTOP-KCMKG2H', ip: '192.168.1.11', os.name: 'Windows 10', os.arch: 'amd64', os.version: '10.0', java.version: '1.8.0_201'
Driver info: driver.version: ChromeDriver
remote stacktrace: Backtrace:
Ordinal0 [0x008D1ED3+2236115]
Ordinal0 [0x008692F1+1807089]
Ordinal0 [0x007766FD+812797]
Ordinal0 [0x00798C6D+953453]
Ordinal0 [0x00794200+934400]
Ordinal0 [0x007919C9+924105]
Ordinal0 [0x007C806C+1146988]
Ordinal0 [0x007C7A6A+1145450]
Ordinal0 [0x007C18A6+1120422]
Ordinal0 [0x0079A73D+960317]
Ordinal0 [0x0079B71F+964383]
GetHandleVerifier [0x00B7E7E2+2743074]
GetHandleVerifier [0x00B708D4+2685972]
GetHandleVerifier [0x00962BAA+532202]
GetHandleVerifier [0x00961990+527568]
Ordinal0 [0x0087080C+1837068]
Ordinal0 [0x00874CD8+1854680]
Ordinal0 [0x00874DC5+1854917]
Ordinal0 [0x0087ED64+1895780]
BaseThreadInitThunk [0x767E00F9+25]
RtlGetAppContainerNamedObjectPath [0x77AA7BBE+286]
RtlGetAppContainerNamedObjectPath [0x77AA7B8E+238]
]]>
            </message>
            <full-stacktrace>
              <![CDATA[org.openqa.selenium.SessionNotCreatedException: session not created: This version of ChromeDriver only supports Chrome version 106
Current browser version is 109.0.5414.120 with binary path C:\Program Files (x86)\Google\Chrome\Application\chrome.exe
Build info: version: '3.141.59', revision: 'e82be7d358', time: '2018-11-14T08:17:03'
System info: host: 'DESKTOP-KCMKG2H', ip: '192.168.1.11', os.name: 'Windows 10', os.arch: 'amd64', os.version: '10.0', java.version: '1.8.0_201'
Driver info: driver.version: ChromeDriver
remote stacktrace: Backtrace:
Ordinal0 [0x008D1ED3+2236115]
Ordinal0 [0x008692F1+1807089]
Ordinal0 [0x007766FD+812797]
Ordinal0 [0x00798C6D+953453]
Ordinal0 [0x00794200+934400]
Ordinal0 [0x007919C9+924105]
Ordinal0 [0x007C806C+1146988]
Ordinal0 [0x007C7A6A+1145450]
Ordinal0 [0x007C18A6+1120422]
Ordinal0 [0x0079A73D+960317]
Ordinal0 [0x0079B71F+964383]
GetHandleVerifier [0x00B7E7E2+2743074]
GetHandleVerifier [0x00B708D4+2685972]
GetHandleVerifier [0x00962BAA+532202]
GetHandleVerifier [0x00961990+527568]
Ordinal0 [0x0087080C+1837068]
Ordinal0 [0x00874CD8+1854680]
Ordinal0 [0x00874DC5+1854917]
Ordinal0 [0x0087ED64+1895780]
BaseThreadInitThunk [0x767E00F9+25]
RtlGetAppContainerNamedObjectPath [0x77AA7BBE+286]
RtlGetAppContainerNamedObjectPath [0x77AA7B8E+238]

at sun.reflect.NativeConstructorAccessorImpl.newInstance0(Native Method)
at sun.reflect.NativeConstructorAccessorImpl.newInstance(Unknown Source)
at sun.reflect.DelegatingConstructorAccessorImpl.newInstance(Unknown Source)
at java.lang.reflect.Constructor.newInstance(Unknown Source)
at org.openqa.selenium.remote.W3CHandshakeResponse.lambda$errorHandler$0(W3CHandshakeResponse.java:62)
at org.openqa.selenium.remote.HandshakeResponse.lambda$getResponseFunction$0(HandshakeResponse.java:30)
at org.openqa.selenium.remote.ProtocolHandshake.lambda$createSession$0(ProtocolHandshake.java:126)
at java.util.stream.ReferencePipeline$3$1.accept(Unknown Source)
at java.util.Spliterators$ArraySpliterator.tryAdvance(Unknown Source)
at java.util.stream.ReferencePipeline.forEachWithCancel(Unknown Source)
at java.util.stream.AbstractPipeline.copyIntoWithCancel(Unknown Source)
at java.util.stream.AbstractPipeline.copyInto(Unknown Source)
at java.util.stream.AbstractPipeline.wrapAndCopyInto(Unknown Source)
at java.util.stream.FindOps$FindOp.evaluateSequential(Unknown Source)
at java.util.stream.AbstractPipeline.evaluate(Unknown Source)
at java.util.stream.ReferencePipeline.findFirst(Unknown Source)
at org.openqa.selenium.remote.ProtocolHandshake.createSession(ProtocolHandshake.java:128)
at org.openqa.selenium.remote.ProtocolHandshake.createSession(ProtocolHandshake.java:74)
at org.openqa.selenium.remote.HttpCommandExecutor.execute(HttpCommandExecutor.java:136)
at org.openqa.selenium.remote.service.DriverCommandExecutor.execute(DriverCommandExecutor.java:83)
at org.openqa.selenium.remote.RemoteWebDriver.execute(RemoteWebDriver.java:552)
at org.openqa.selenium.remote.RemoteWebDriver.startSession(RemoteWebDriver.java:213)
at org.openqa.selenium.remote.RemoteWebDriver.<init>(RemoteWebDriver.java:131)
at org.openqa.selenium.chrome.ChromeDriver.<init>(ChromeDriver.java:181)
at org.openqa.selenium.chrome.ChromeDriver.<init>(ChromeDriver.java:168)
at org.openqa.selenium.chrome.ChromeDriver.<init>(ChromeDriver.java:123)
at pageobjects.ELSLoginPageObject.<init>(ELSLoginPageObject.java:81)
at regLoansNewUI.AdminNavigationsTest.NavigationCheck(AdminNavigationsTest.java:22)
at sun.reflect.NativeMethodAccessorImpl.invoke0(Native Method)
at sun.reflect.NativeMethodAccessorImpl.invoke(Unknown Source)
at sun.reflect.DelegatingMethodAccessorImpl.invoke(Unknown Source)
at java.lang.reflect.Method.invoke(Unknown Source)
at org.testng.internal.MethodInvocationHelper.invokeMethod(MethodInvocationHelper.java:124)
at org.testng.internal.Invoker.invokeMethod(Invoker.java:580)
at org.testng.internal.Invoker.invokeTestMethod(Invoker.java:716)
at org.testng.internal.Invoker.invokeTestMethods(Invoker.java:988)
at org.testng.internal.TestMethodWorker.invokeTestMethods(TestMethodWorker.java:125)
at org.testng.internal.TestMethodWorker.run(TestMethodWorker.java:109)
at org.testng.TestRunner.privateRun(TestRunner.java:648)
at org.testng.TestRunner.run(TestRunner.java:505)
at org.testng.SuiteRunner.runTest(SuiteRunner.java:455)
at org.testng.SuiteRunner.runSequentially(SuiteRunner.java:450)
at org.testng.SuiteRunner.privateRun(SuiteRunner.java:415)
at org.testng.SuiteRunner.run(SuiteRunner.java:364)
at org.testng.SuiteRunnerWorker.runSuite(SuiteRunnerWorker.java:52)
at org.testng.SuiteRunnerWorker.run(SuiteRunnerWorker.java:84)
at org.testng.TestNG.runSuitesSequentially(TestNG.java:1208)
at org.testng.TestNG.runSuitesLocally(TestNG.java:1137)
at org.testng.TestNG.runSuites(TestNG.java:1049)
at org.testng.TestNG.run(TestNG.java:1017)
at org.testng.remote.AbstractRemoteTestNG.run(AbstractRemoteTestNG.java:114)
at org.testng.remote.RemoteTestNG.initAndRun(RemoteTestNG.java:251)
at org.testng.remote.RemoteTestNG.main(RemoteTestNG.java:77)
]]>
            </full-stacktrace>
          </exception> <!-- org.openqa.selenium.SessionNotCreatedException -->
          <reporter-output>
          </reporter-output>
        </test-method> <!-- NavigationCheck -->
        <test-method status="FAIL" signature="NavigationCheck(java.lang.String, java.lang.String, java.lang.String, java.lang.String, java.lang.String)[pri:0, instance:regLoansNewUI.AdminNavigationsTest@692f203f]" name="NavigationCheck" duration-ms="1729" started-at="2023-02-02T07:12:57Z" data-provider="navigate" finished-at="2023-02-02T07:12:58Z">
          <params>
            <param index="0">
              <value>
                <![CDATA[elstest1060@gmail.com]]>
              </value>
            </param>
            <param index="1">
              <value>
                <![CDATA[Paswrd@123#]]>
              </value>
            </param>
            <param index="2">
              <value>
                <![CDATA[User Accounts-Create Users#User Accounts-Edit Existing Users#Employees-Employee Service#Employees-Clear CIP Status#Employees-Pay off Loan#Employees-Customer Service#Reports-Underwriting Data#Reports-Loan Details Report#Reports-Revenue Report#Reports-Pay Calendar Report#Reports-Pay Deduction Report#Reports-Daily Loans Details#Reports-Search Documents#Reports-Blackout Schedule#Reports-School Calendar#Reports-Florida Stamp Tax Report#Reports-Employer Info Report#Reports-ACH Report#Employers-Setup New Employer#Employers-Edit Employer#Employers-Employer Dashboard#Employers-Daily Files Verification#Employers-Upload Payroll Calendar#Employers-Upload Census File#Employers-Upload PDT File#Employers-Download PDI File#Admin-App Log#Admin-Census Search#Admin-Report Termination#Admin-Rollback Termination#Admin-Upload LoanBalance#Admin-Cancel Loans]]>
              </value>
            </param>
            <param index="3">
              <value>
                <![CDATA[admin]]>
              </value>
            </param>
            <param index="4">
              <value>
                <![CDATA[chrome]]>
              </value>
            </param>
          </params>
          <exception class="org.openqa.selenium.SessionNotCreatedException">
            <message>
              <![CDATA[session not created: This version of ChromeDriver only supports Chrome version 106
Current browser version is 109.0.5414.120 with binary path C:\Program Files (x86)\Google\Chrome\Application\chrome.exe
Build info: version: '3.141.59', revision: 'e82be7d358', time: '2018-11-14T08:17:03'
System info: host: 'DESKTOP-KCMKG2H', ip: '192.168.1.11', os.name: 'Windows 10', os.arch: 'amd64', os.version: '10.0', java.version: '1.8.0_201'
Driver info: driver.version: ChromeDriver
remote stacktrace: Backtrace:
Ordinal0 [0x008D1ED3+2236115]
Ordinal0 [0x008692F1+1807089]
Ordinal0 [0x007766FD+812797]
Ordinal0 [0x00798C6D+953453]
Ordinal0 [0x00794200+934400]
Ordinal0 [0x007919C9+924105]
Ordinal0 [0x007C806C+1146988]
Ordinal0 [0x007C7A6A+1145450]
Ordinal0 [0x007C18A6+1120422]
Ordinal0 [0x0079A73D+960317]
Ordinal0 [0x0079B71F+964383]
GetHandleVerifier [0x00B7E7E2+2743074]
GetHandleVerifier [0x00B708D4+2685972]
GetHandleVerifier [0x00962BAA+532202]
GetHandleVerifier [0x00961990+527568]
Ordinal0 [0x0087080C+1837068]
Ordinal0 [0x00874CD8+1854680]
Ordinal0 [0x00874DC5+1854917]
Ordinal0 [0x0087ED64+1895780]
BaseThreadInitThunk [0x767E00F9+25]
RtlGetAppContainerNamedObjectPath [0x77AA7BBE+286]
RtlGetAppContainerNamedObjectPath [0x77AA7B8E+238]
]]>
            </message>
            <full-stacktrace>
              <![CDATA[org.openqa.selenium.SessionNotCreatedException: session not created: This version of ChromeDriver only supports Chrome version 106
Current browser version is 109.0.5414.120 with binary path C:\Program Files (x86)\Google\Chrome\Application\chrome.exe
Build info: version: '3.141.59', revision: 'e82be7d358', time: '2018-11-14T08:17:03'
System info: host: 'DESKTOP-KCMKG2H', ip: '192.168.1.11', os.name: 'Windows 10', os.arch: 'amd64', os.version: '10.0', java.version: '1.8.0_201'
Driver info: driver.version: ChromeDriver
remote stacktrace: Backtrace:
Ordinal0 [0x008D1ED3+2236115]
Ordinal0 [0x008692F1+1807089]
Ordinal0 [0x007766FD+812797]
Ordinal0 [0x00798C6D+953453]
Ordinal0 [0x00794200+934400]
Ordinal0 [0x007919C9+924105]
Ordinal0 [0x007C806C+1146988]
Ordinal0 [0x007C7A6A+1145450]
Ordinal0 [0x007C18A6+1120422]
Ordinal0 [0x0079A73D+960317]
Ordinal0 [0x0079B71F+964383]
GetHandleVerifier [0x00B7E7E2+2743074]
GetHandleVerifier [0x00B708D4+2685972]
GetHandleVerifier [0x00962BAA+532202]
GetHandleVerifier [0x00961990+527568]
Ordinal0 [0x0087080C+1837068]
Ordinal0 [0x00874CD8+1854680]
Ordinal0 [0x00874DC5+1854917]
Ordinal0 [0x0087ED64+1895780]
BaseThreadInitThunk [0x767E00F9+25]
RtlGetAppContainerNamedObjectPath [0x77AA7BBE+286]
RtlGetAppContainerNamedObjectPath [0x77AA7B8E+238]

at sun.reflect.NativeConstructorAccessorImpl.newInstance0(Native Method)
at sun.reflect.NativeConstructorAccessorImpl.newInstance(Unknown Source)
at sun.reflect.DelegatingConstructorAccessorImpl.newInstance(Unknown Source)
at java.lang.reflect.Constructor.newInstance(Unknown Source)
at org.openqa.selenium.remote.W3CHandshakeResponse.lambda$errorHandler$0(W3CHandshakeResponse.java:62)
at org.openqa.selenium.remote.HandshakeResponse.lambda$getResponseFunction$0(HandshakeResponse.java:30)
at org.openqa.selenium.remote.ProtocolHandshake.lambda$createSession$0(ProtocolHandshake.java:126)
at java.util.stream.ReferencePipeline$3$1.accept(Unknown Source)
at java.util.Spliterators$ArraySpliterator.tryAdvance(Unknown Source)
at java.util.stream.ReferencePipeline.forEachWithCancel(Unknown Source)
at java.util.stream.AbstractPipeline.copyIntoWithCancel(Unknown Source)
at java.util.stream.AbstractPipeline.copyInto(Unknown Source)
at java.util.stream.AbstractPipeline.wrapAndCopyInto(Unknown Source)
at java.util.stream.FindOps$FindOp.evaluateSequential(Unknown Source)
at java.util.stream.AbstractPipeline.evaluate(Unknown Source)
at java.util.stream.ReferencePipeline.findFirst(Unknown Source)
at org.openqa.selenium.remote.ProtocolHandshake.createSession(ProtocolHandshake.java:128)
at org.openqa.selenium.remote.ProtocolHandshake.createSession(ProtocolHandshake.java:74)
at org.openqa.selenium.remote.HttpCommandExecutor.execute(HttpCommandExecutor.java:136)
at org.openqa.selenium.remote.service.DriverCommandExecutor.execute(DriverCommandExecutor.java:83)
at org.openqa.selenium.remote.RemoteWebDriver.execute(RemoteWebDriver.java:552)
at org.openqa.selenium.remote.RemoteWebDriver.startSession(RemoteWebDriver.java:213)
at org.openqa.selenium.remote.RemoteWebDriver.<init>(RemoteWebDriver.java:131)
at org.openqa.selenium.chrome.ChromeDriver.<init>(ChromeDriver.java:181)
at org.openqa.selenium.chrome.ChromeDriver.<init>(ChromeDriver.java:168)
at org.openqa.selenium.chrome.ChromeDriver.<init>(ChromeDriver.java:123)
at pageobjects.ELSLoginPageObject.<init>(ELSLoginPageObject.java:81)
at regLoansNewUI.AdminNavigationsTest.NavigationCheck(AdminNavigationsTest.java:22)
at sun.reflect.NativeMethodAccessorImpl.invoke0(Native Method)
at sun.reflect.NativeMethodAccessorImpl.invoke(Unknown Source)
at sun.reflect.DelegatingMethodAccessorImpl.invoke(Unknown Source)
at java.lang.reflect.Method.invoke(Unknown Source)
at org.testng.internal.MethodInvocationHelper.invokeMethod(MethodInvocationHelper.java:124)
at org.testng.internal.Invoker.invokeMethod(Invoker.java:580)
at org.testng.internal.Invoker.invokeTestMethod(Invoker.java:716)
at org.testng.internal.Invoker.invokeTestMethods(Invoker.java:988)
at org.testng.internal.TestMethodWorker.invokeTestMethods(TestMethodWorker.java:125)
at org.testng.internal.TestMethodWorker.run(TestMethodWorker.java:109)
at org.testng.TestRunner.privateRun(TestRunner.java:648)
at org.testng.TestRunner.run(TestRunner.java:505)
at org.testng.SuiteRunner.runTest(SuiteRunner.java:455)
at org.testng.SuiteRunner.runSequentially(SuiteRunner.java:450)
at org.testng.SuiteRunner.privateRun(SuiteRunner.java:415)
at org.testng.SuiteRunner.run(SuiteRunner.java:364)
at org.testng.SuiteRunnerWorker.runSuite(SuiteRunnerWorker.java:52)
at org.testng.SuiteRunnerWorker.run(SuiteRunnerWorker.java:84)
at org.testng.TestNG.runSuitesSequentially(TestNG.java:1208)
at org.testng.TestNG.runSuitesLocally(TestNG.java:1137)
at org.testng.TestNG.runSuites(TestNG.java:1049)
at org.testng.TestNG.run(TestNG.java:1017)
at org.testng.remote.AbstractRemoteTestNG.run(AbstractRemoteTestNG.java:114)
at org.testng.remote.RemoteTestNG.initAndRun(RemoteTestNG.java:251)
at org.testng.remote.RemoteTestNG.main(RemoteTestNG.java:77)
]]>
            </full-stacktrace>
          </exception> <!-- org.openqa.selenium.SessionNotCreatedException -->
          <reporter-output>
          </reporter-output>
        </test-method> <!-- NavigationCheck -->
        <test-method status="FAIL" signature="NavigationCheck(java.lang.String, java.lang.String, java.lang.String, java.lang.String, java.lang.String)[pri:0, instance:regLoansNewUI.AdminNavigationsTest@692f203f]" name="NavigationCheck" duration-ms="1554" started-at="2023-02-02T07:12:58Z" data-provider="navigate" finished-at="2023-02-02T07:13:00Z">
          <params>
            <param index="0">
              <value>
                <![CDATA[cip.admin@gmail.com]]>
              </value>
            </param>
            <param index="1">
              <value>
                <![CDATA[Paswrd@123#]]>
              </value>
            </param>
            <param index="2">
              <value>
                <![CDATA[User Accounts-Create Users#User Accounts-Edit Existing Users#CIP Management-Clear CIP Status#Employees-Pay off Loan#Employees-Employee Service#Reports-Underwriting Data#Reports-Loan Details Report#Reports-CIP Report#Reports-Withdrawn Loans Report#Reports-Employer Info Report#Reports-Florida Stamp Tax Report]]>
              </value>
            </param>
            <param index="3">
              <value>
                <![CDATA[admin]]>
              </value>
            </param>
            <param index="4">
              <value>
                <![CDATA[chrome]]>
              </value>
            </param>
          </params>
          <exception class="org.openqa.selenium.SessionNotCreatedException">
            <message>
              <![CDATA[session not created: This version of ChromeDriver only supports Chrome version 106
Current browser version is 109.0.5414.120 with binary path C:\Program Files (x86)\Google\Chrome\Application\chrome.exe
Build info: version: '3.141.59', revision: 'e82be7d358', time: '2018-11-14T08:17:03'
System info: host: 'DESKTOP-KCMKG2H', ip: '192.168.1.11', os.name: 'Windows 10', os.arch: 'amd64', os.version: '10.0', java.version: '1.8.0_201'
Driver info: driver.version: ChromeDriver
remote stacktrace: Backtrace:
Ordinal0 [0x008D1ED3+2236115]
Ordinal0 [0x008692F1+1807089]
Ordinal0 [0x007766FD+812797]
Ordinal0 [0x00798C6D+953453]
Ordinal0 [0x00794200+934400]
Ordinal0 [0x007919C9+924105]
Ordinal0 [0x007C806C+1146988]
Ordinal0 [0x007C7A6A+1145450]
Ordinal0 [0x007C18A6+1120422]
Ordinal0 [0x0079A73D+960317]
Ordinal0 [0x0079B71F+964383]
GetHandleVerifier [0x00B7E7E2+2743074]
GetHandleVerifier [0x00B708D4+2685972]
GetHandleVerifier [0x00962BAA+532202]
GetHandleVerifier [0x00961990+527568]
Ordinal0 [0x0087080C+1837068]
Ordinal0 [0x00874CD8+1854680]
Ordinal0 [0x00874DC5+1854917]
Ordinal0 [0x0087ED64+1895780]
BaseThreadInitThunk [0x767E00F9+25]
RtlGetAppContainerNamedObjectPath [0x77AA7BBE+286]
RtlGetAppContainerNamedObjectPath [0x77AA7B8E+238]
]]>
            </message>
            <full-stacktrace>
              <![CDATA[org.openqa.selenium.SessionNotCreatedException: session not created: This version of ChromeDriver only supports Chrome version 106
Current browser version is 109.0.5414.120 with binary path C:\Program Files (x86)\Google\Chrome\Application\chrome.exe
Build info: version: '3.141.59', revision: 'e82be7d358', time: '2018-11-14T08:17:03'
System info: host: 'DESKTOP-KCMKG2H', ip: '192.168.1.11', os.name: 'Windows 10', os.arch: 'amd64', os.version: '10.0', java.version: '1.8.0_201'
Driver info: driver.version: ChromeDriver
remote stacktrace: Backtrace:
Ordinal0 [0x008D1ED3+2236115]
Ordinal0 [0x008692F1+1807089]
Ordinal0 [0x007766FD+812797]
Ordinal0 [0x00798C6D+953453]
Ordinal0 [0x00794200+934400]
Ordinal0 [0x007919C9+924105]
Ordinal0 [0x007C806C+1146988]
Ordinal0 [0x007C7A6A+1145450]
Ordinal0 [0x007C18A6+1120422]
Ordinal0 [0x0079A73D+960317]
Ordinal0 [0x0079B71F+964383]
GetHandleVerifier [0x00B7E7E2+2743074]
GetHandleVerifier [0x00B708D4+2685972]
GetHandleVerifier [0x00962BAA+532202]
GetHandleVerifier [0x00961990+527568]
Ordinal0 [0x0087080C+1837068]
Ordinal0 [0x00874CD8+1854680]
Ordinal0 [0x00874DC5+1854917]
Ordinal0 [0x0087ED64+1895780]
BaseThreadInitThunk [0x767E00F9+25]
RtlGetAppContainerNamedObjectPath [0x77AA7BBE+286]
RtlGetAppContainerNamedObjectPath [0x77AA7B8E+238]

at sun.reflect.NativeConstructorAccessorImpl.newInstance0(Native Method)
at sun.reflect.NativeConstructorAccessorImpl.newInstance(Unknown Source)
at sun.reflect.DelegatingConstructorAccessorImpl.newInstance(Unknown Source)
at java.lang.reflect.Constructor.newInstance(Unknown Source)
at org.openqa.selenium.remote.W3CHandshakeResponse.lambda$errorHandler$0(W3CHandshakeResponse.java:62)
at org.openqa.selenium.remote.HandshakeResponse.lambda$getResponseFunction$0(HandshakeResponse.java:30)
at org.openqa.selenium.remote.ProtocolHandshake.lambda$createSession$0(ProtocolHandshake.java:126)
at java.util.stream.ReferencePipeline$3$1.accept(Unknown Source)
at java.util.Spliterators$ArraySpliterator.tryAdvance(Unknown Source)
at java.util.stream.ReferencePipeline.forEachWithCancel(Unknown Source)
at java.util.stream.AbstractPipeline.copyIntoWithCancel(Unknown Source)
at java.util.stream.AbstractPipeline.copyInto(Unknown Source)
at java.util.stream.AbstractPipeline.wrapAndCopyInto(Unknown Source)
at java.util.stream.FindOps$FindOp.evaluateSequential(Unknown Source)
at java.util.stream.AbstractPipeline.evaluate(Unknown Source)
at java.util.stream.ReferencePipeline.findFirst(Unknown Source)
at org.openqa.selenium.remote.ProtocolHandshake.createSession(ProtocolHandshake.java:128)
at org.openqa.selenium.remote.ProtocolHandshake.createSession(ProtocolHandshake.java:74)
at org.openqa.selenium.remote.HttpCommandExecutor.execute(HttpCommandExecutor.java:136)
at org.openqa.selenium.remote.service.DriverCommandExecutor.execute(DriverCommandExecutor.java:83)
at org.openqa.selenium.remote.RemoteWebDriver.execute(RemoteWebDriver.java:552)
at org.openqa.selenium.remote.RemoteWebDriver.startSession(RemoteWebDriver.java:213)
at org.openqa.selenium.remote.RemoteWebDriver.<init>(RemoteWebDriver.java:131)
at org.openqa.selenium.chrome.ChromeDriver.<init>(ChromeDriver.java:181)
at org.openqa.selenium.chrome.ChromeDriver.<init>(ChromeDriver.java:168)
at org.openqa.selenium.chrome.ChromeDriver.<init>(ChromeDriver.java:123)
at pageobjects.ELSLoginPageObject.<init>(ELSLoginPageObject.java:81)
at regLoansNewUI.AdminNavigationsTest.NavigationCheck(AdminNavigationsTest.java:22)
at sun.reflect.NativeMethodAccessorImpl.invoke0(Native Method)
at sun.reflect.NativeMethodAccessorImpl.invoke(Unknown Source)
at sun.reflect.DelegatingMethodAccessorImpl.invoke(Unknown Source)
at java.lang.reflect.Method.invoke(Unknown Source)
at org.testng.internal.MethodInvocationHelper.invokeMethod(MethodInvocationHelper.java:124)
at org.testng.internal.Invoker.invokeMethod(Invoker.java:580)
at org.testng.internal.Invoker.invokeTestMethod(Invoker.java:716)
at org.testng.internal.Invoker.invokeTestMethods(Invoker.java:988)
at org.testng.internal.TestMethodWorker.invokeTestMethods(TestMethodWorker.java:125)
at org.testng.internal.TestMethodWorker.run(TestMethodWorker.java:109)
at org.testng.TestRunner.privateRun(TestRunner.java:648)
at org.testng.TestRunner.run(TestRunner.java:505)
at org.testng.SuiteRunner.runTest(SuiteRunner.java:455)
at org.testng.SuiteRunner.runSequentially(SuiteRunner.java:450)
at org.testng.SuiteRunner.privateRun(SuiteRunner.java:415)
at org.testng.SuiteRunner.run(SuiteRunner.java:364)
at org.testng.SuiteRunnerWorker.runSuite(SuiteRunnerWorker.java:52)
at org.testng.SuiteRunnerWorker.run(SuiteRunnerWorker.java:84)
at org.testng.TestNG.runSuitesSequentially(TestNG.java:1208)
at org.testng.TestNG.runSuitesLocally(TestNG.java:1137)
at org.testng.TestNG.runSuites(TestNG.java:1049)
at org.testng.TestNG.run(TestNG.java:1017)
at org.testng.remote.AbstractRemoteTestNG.run(AbstractRemoteTestNG.java:114)
at org.testng.remote.RemoteTestNG.initAndRun(RemoteTestNG.java:251)
at org.testng.remote.RemoteTestNG.main(RemoteTestNG.java:77)
]]>
            </full-stacktrace>
          </exception> <!-- org.openqa.selenium.SessionNotCreatedException -->
          <reporter-output>
          </reporter-output>
        </test-method> <!-- NavigationCheck -->
        <test-method status="FAIL" signature="NavigationCheck(java.lang.String, java.lang.String, java.lang.String, java.lang.String, java.lang.String)[pri:0, instance:regLoansNewUI.AdminNavigationsTest@692f203f]" name="NavigationCheck" duration-ms="1386" started-at="2023-02-02T07:13:00Z" data-provider="navigate" finished-at="2023-02-02T07:13:01Z">
          <params>
            <param index="0">
              <value>
                <![CDATA[cip.user@gmail.com]]>
              </value>
            </param>
            <param index="1">
              <value>
                <![CDATA[Paswrd@123#]]>
              </value>
            </param>
            <param index="2">
              <value>
                <![CDATA[CIP Management-Clear CIP Status#Reports-Underwriting Data#Reports-Loan Details Report#Reports-CIP Report#Reports-Withdrawn Loans Report#Reports-Employer Info Report#Reports-Pay Calendar Report]]>
              </value>
            </param>
            <param index="3">
              <value>
                <![CDATA[admin]]>
              </value>
            </param>
            <param index="4">
              <value>
                <![CDATA[chrome]]>
              </value>
            </param>
          </params>
          <exception class="org.openqa.selenium.SessionNotCreatedException">
            <message>
              <![CDATA[session not created: This version of ChromeDriver only supports Chrome version 106
Current browser version is 109.0.5414.120 with binary path C:\Program Files (x86)\Google\Chrome\Application\chrome.exe
Build info: version: '3.141.59', revision: 'e82be7d358', time: '2018-11-14T08:17:03'
System info: host: 'DESKTOP-KCMKG2H', ip: '192.168.1.11', os.name: 'Windows 10', os.arch: 'amd64', os.version: '10.0', java.version: '1.8.0_201'
Driver info: driver.version: ChromeDriver
remote stacktrace: Backtrace:
Ordinal0 [0x008D1ED3+2236115]
Ordinal0 [0x008692F1+1807089]
Ordinal0 [0x007766FD+812797]
Ordinal0 [0x00798C6D+953453]
Ordinal0 [0x00794200+934400]
Ordinal0 [0x007919C9+924105]
Ordinal0 [0x007C806C+1146988]
Ordinal0 [0x007C7A6A+1145450]
Ordinal0 [0x007C18A6+1120422]
Ordinal0 [0x0079A73D+960317]
Ordinal0 [0x0079B71F+964383]
GetHandleVerifier [0x00B7E7E2+2743074]
GetHandleVerifier [0x00B708D4+2685972]
GetHandleVerifier [0x00962BAA+532202]
GetHandleVerifier [0x00961990+527568]
Ordinal0 [0x0087080C+1837068]
Ordinal0 [0x00874CD8+1854680]
Ordinal0 [0x00874DC5+1854917]
Ordinal0 [0x0087ED64+1895780]
BaseThreadInitThunk [0x767E00F9+25]
RtlGetAppContainerNamedObjectPath [0x77AA7BBE+286]
RtlGetAppContainerNamedObjectPath [0x77AA7B8E+238]
]]>
            </message>
            <full-stacktrace>
              <![CDATA[org.openqa.selenium.SessionNotCreatedException: session not created: This version of ChromeDriver only supports Chrome version 106
Current browser version is 109.0.5414.120 with binary path C:\Program Files (x86)\Google\Chrome\Application\chrome.exe
Build info: version: '3.141.59', revision: 'e82be7d358', time: '2018-11-14T08:17:03'
System info: host: 'DESKTOP-KCMKG2H', ip: '192.168.1.11', os.name: 'Windows 10', os.arch: 'amd64', os.version: '10.0', java.version: '1.8.0_201'
Driver info: driver.version: ChromeDriver
remote stacktrace: Backtrace:
Ordinal0 [0x008D1ED3+2236115]
Ordinal0 [0x008692F1+1807089]
Ordinal0 [0x007766FD+812797]
Ordinal0 [0x00798C6D+953453]
Ordinal0 [0x00794200+934400]
Ordinal0 [0x007919C9+924105]
Ordinal0 [0x007C806C+1146988]
Ordinal0 [0x007C7A6A+1145450]
Ordinal0 [0x007C18A6+1120422]
Ordinal0 [0x0079A73D+960317]
Ordinal0 [0x0079B71F+964383]
GetHandleVerifier [0x00B7E7E2+2743074]
GetHandleVerifier [0x00B708D4+2685972]
GetHandleVerifier [0x00962BAA+532202]
GetHandleVerifier [0x00961990+527568]
Ordinal0 [0x0087080C+1837068]
Ordinal0 [0x00874CD8+1854680]
Ordinal0 [0x00874DC5+1854917]
Ordinal0 [0x0087ED64+1895780]
BaseThreadInitThunk [0x767E00F9+25]
RtlGetAppContainerNamedObjectPath [0x77AA7BBE+286]
RtlGetAppContainerNamedObjectPath [0x77AA7B8E+238]

at sun.reflect.NativeConstructorAccessorImpl.newInstance0(Native Method)
at sun.reflect.NativeConstructorAccessorImpl.newInstance(Unknown Source)
at sun.reflect.DelegatingConstructorAccessorImpl.newInstance(Unknown Source)
at java.lang.reflect.Constructor.newInstance(Unknown Source)
at org.openqa.selenium.remote.W3CHandshakeResponse.lambda$errorHandler$0(W3CHandshakeResponse.java:62)
at org.openqa.selenium.remote.HandshakeResponse.lambda$getResponseFunction$0(HandshakeResponse.java:30)
at org.openqa.selenium.remote.ProtocolHandshake.lambda$createSession$0(ProtocolHandshake.java:126)
at java.util.stream.ReferencePipeline$3$1.accept(Unknown Source)
at java.util.Spliterators$ArraySpliterator.tryAdvance(Unknown Source)
at java.util.stream.ReferencePipeline.forEachWithCancel(Unknown Source)
at java.util.stream.AbstractPipeline.copyIntoWithCancel(Unknown Source)
at java.util.stream.AbstractPipeline.copyInto(Unknown Source)
at java.util.stream.AbstractPipeline.wrapAndCopyInto(Unknown Source)
at java.util.stream.FindOps$FindOp.evaluateSequential(Unknown Source)
at java.util.stream.AbstractPipeline.evaluate(Unknown Source)
at java.util.stream.ReferencePipeline.findFirst(Unknown Source)
at org.openqa.selenium.remote.ProtocolHandshake.createSession(ProtocolHandshake.java:128)
at org.openqa.selenium.remote.ProtocolHandshake.createSession(ProtocolHandshake.java:74)
at org.openqa.selenium.remote.HttpCommandExecutor.execute(HttpCommandExecutor.java:136)
at org.openqa.selenium.remote.service.DriverCommandExecutor.execute(DriverCommandExecutor.java:83)
at org.openqa.selenium.remote.RemoteWebDriver.execute(RemoteWebDriver.java:552)
at org.openqa.selenium.remote.RemoteWebDriver.startSession(RemoteWebDriver.java:213)
at org.openqa.selenium.remote.RemoteWebDriver.<init>(RemoteWebDriver.java:131)
at org.openqa.selenium.chrome.ChromeDriver.<init>(ChromeDriver.java:181)
at org.openqa.selenium.chrome.ChromeDriver.<init>(ChromeDriver.java:168)
at org.openqa.selenium.chrome.ChromeDriver.<init>(ChromeDriver.java:123)
at pageobjects.ELSLoginPageObject.<init>(ELSLoginPageObject.java:81)
at regLoansNewUI.AdminNavigationsTest.NavigationCheck(AdminNavigationsTest.java:22)
at sun.reflect.NativeMethodAccessorImpl.invoke0(Native Method)
at sun.reflect.NativeMethodAccessorImpl.invoke(Unknown Source)
at sun.reflect.DelegatingMethodAccessorImpl.invoke(Unknown Source)
at java.lang.reflect.Method.invoke(Unknown Source)
at org.testng.internal.MethodInvocationHelper.invokeMethod(MethodInvocationHelper.java:124)
at org.testng.internal.Invoker.invokeMethod(Invoker.java:580)
at org.testng.internal.Invoker.invokeTestMethod(Invoker.java:716)
at org.testng.internal.Invoker.invokeTestMethods(Invoker.java:988)
at org.testng.internal.TestMethodWorker.invokeTestMethods(TestMethodWorker.java:125)
at org.testng.internal.TestMethodWorker.run(TestMethodWorker.java:109)
at org.testng.TestRunner.privateRun(TestRunner.java:648)
at org.testng.TestRunner.run(TestRunner.java:505)
at org.testng.SuiteRunner.runTest(SuiteRunner.java:455)
at org.testng.SuiteRunner.runSequentially(SuiteRunner.java:450)
at org.testng.SuiteRunner.privateRun(SuiteRunner.java:415)
at org.testng.SuiteRunner.run(SuiteRunner.java:364)
at org.testng.SuiteRunnerWorker.runSuite(SuiteRunnerWorker.java:52)
at org.testng.SuiteRunnerWorker.run(SuiteRunnerWorker.java:84)
at org.testng.TestNG.runSuitesSequentially(TestNG.java:1208)
at org.testng.TestNG.runSuitesLocally(TestNG.java:1137)
at org.testng.TestNG.runSuites(TestNG.java:1049)
at org.testng.TestNG.run(TestNG.java:1017)
at org.testng.remote.AbstractRemoteTestNG.run(AbstractRemoteTestNG.java:114)
at org.testng.remote.RemoteTestNG.initAndRun(RemoteTestNG.java:251)
at org.testng.remote.RemoteTestNG.main(RemoteTestNG.java:77)
]]>
            </full-stacktrace>
          </exception> <!-- org.openqa.selenium.SessionNotCreatedException -->
          <reporter-output>
          </reporter-output>
        </test-method> <!-- NavigationCheck -->
        <test-method status="FAIL" signature="NavigationCheck(java.lang.String, java.lang.String, java.lang.String, java.lang.String, java.lang.String)[pri:0, instance:regLoansNewUI.AdminNavigationsTest@692f203f]" name="NavigationCheck" duration-ms="1641" started-at="2023-02-02T07:13:01Z" data-provider="navigate" finished-at="2023-02-02T07:13:03Z">
          <params>
            <param index="0">
              <value>
                <![CDATA[bank.admin@gmail.com]]>
              </value>
            </param>
            <param index="1">
              <value>
                <![CDATA[Paswrd@123#]]>
              </value>
            </param>
            <param index="2">
              <value>
                <![CDATA[User Accounts-Create Users#User Accounts-Edit Existing Users#CIP Management-Clear CIP Status#Employees-Employee Service#Employees-Pay off Loan#Employees-Search Documents#Employees-Cancel Loans#Employees-ACH Report#Employees-Customer Service#Reports-CIP Report#Reports-Withdrawn Loans Report#Reports-Underwriting Data#Reports-Loan Details Report#Reports-Pay Calendar Report#Reports-Pay Deduction Report#Reports-Pay Calendar Report#Reports-Florida Stamp Tax Report#Reports-Employer Info Report#Employers-Upload Payroll Calendar#Employers-Setup New Employer#Employers-Edit Employer#Employers-Employer Dashboard#Employers-Daily Files Verification]]>
              </value>
            </param>
            <param index="3">
              <value>
                <![CDATA[admin]]>
              </value>
            </param>
            <param index="4">
              <value>
                <![CDATA[chrome]]>
              </value>
            </param>
          </params>
          <exception class="org.openqa.selenium.SessionNotCreatedException">
            <message>
              <![CDATA[session not created: This version of ChromeDriver only supports Chrome version 106
Current browser version is 109.0.5414.120 with binary path C:\Program Files (x86)\Google\Chrome\Application\chrome.exe
Build info: version: '3.141.59', revision: 'e82be7d358', time: '2018-11-14T08:17:03'
System info: host: 'DESKTOP-KCMKG2H', ip: '192.168.1.11', os.name: 'Windows 10', os.arch: 'amd64', os.version: '10.0', java.version: '1.8.0_201'
Driver info: driver.version: ChromeDriver
remote stacktrace: Backtrace:
Ordinal0 [0x008D1ED3+2236115]
Ordinal0 [0x008692F1+1807089]
Ordinal0 [0x007766FD+812797]
Ordinal0 [0x00798C6D+953453]
Ordinal0 [0x00794200+934400]
Ordinal0 [0x007919C9+924105]
Ordinal0 [0x007C806C+1146988]
Ordinal0 [0x007C7A6A+1145450]
Ordinal0 [0x007C18A6+1120422]
Ordinal0 [0x0079A73D+960317]
Ordinal0 [0x0079B71F+964383]
GetHandleVerifier [0x00B7E7E2+2743074]
GetHandleVerifier [0x00B708D4+2685972]
GetHandleVerifier [0x00962BAA+532202]
GetHandleVerifier [0x00961990+527568]
Ordinal0 [0x0087080C+1837068]
Ordinal0 [0x00874CD8+1854680]
Ordinal0 [0x00874DC5+1854917]
Ordinal0 [0x0087ED64+1895780]
BaseThreadInitThunk [0x767E00F9+25]
RtlGetAppContainerNamedObjectPath [0x77AA7BBE+286]
RtlGetAppContainerNamedObjectPath [0x77AA7B8E+238]
]]>
            </message>
            <full-stacktrace>
              <![CDATA[org.openqa.selenium.SessionNotCreatedException: session not created: This version of ChromeDriver only supports Chrome version 106
Current browser version is 109.0.5414.120 with binary path C:\Program Files (x86)\Google\Chrome\Application\chrome.exe
Build info: version: '3.141.59', revision: 'e82be7d358', time: '2018-11-14T08:17:03'
System info: host: 'DESKTOP-KCMKG2H', ip: '192.168.1.11', os.name: 'Windows 10', os.arch: 'amd64', os.version: '10.0', java.version: '1.8.0_201'
Driver info: driver.version: ChromeDriver
remote stacktrace: Backtrace:
Ordinal0 [0x008D1ED3+2236115]
Ordinal0 [0x008692F1+1807089]
Ordinal0 [0x007766FD+812797]
Ordinal0 [0x00798C6D+953453]
Ordinal0 [0x00794200+934400]
Ordinal0 [0x007919C9+924105]
Ordinal0 [0x007C806C+1146988]
Ordinal0 [0x007C7A6A+1145450]
Ordinal0 [0x007C18A6+1120422]
Ordinal0 [0x0079A73D+960317]
Ordinal0 [0x0079B71F+964383]
GetHandleVerifier [0x00B7E7E2+2743074]
GetHandleVerifier [0x00B708D4+2685972]
GetHandleVerifier [0x00962BAA+532202]
GetHandleVerifier [0x00961990+527568]
Ordinal0 [0x0087080C+1837068]
Ordinal0 [0x00874CD8+1854680]
Ordinal0 [0x00874DC5+1854917]
Ordinal0 [0x0087ED64+1895780]
BaseThreadInitThunk [0x767E00F9+25]
RtlGetAppContainerNamedObjectPath [0x77AA7BBE+286]
RtlGetAppContainerNamedObjectPath [0x77AA7B8E+238]

at sun.reflect.NativeConstructorAccessorImpl.newInstance0(Native Method)
at sun.reflect.NativeConstructorAccessorImpl.newInstance(Unknown Source)
at sun.reflect.DelegatingConstructorAccessorImpl.newInstance(Unknown Source)
at java.lang.reflect.Constructor.newInstance(Unknown Source)
at org.openqa.selenium.remote.W3CHandshakeResponse.lambda$errorHandler$0(W3CHandshakeResponse.java:62)
at org.openqa.selenium.remote.HandshakeResponse.lambda$getResponseFunction$0(HandshakeResponse.java:30)
at org.openqa.selenium.remote.ProtocolHandshake.lambda$createSession$0(ProtocolHandshake.java:126)
at java.util.stream.ReferencePipeline$3$1.accept(Unknown Source)
at java.util.Spliterators$ArraySpliterator.tryAdvance(Unknown Source)
at java.util.stream.ReferencePipeline.forEachWithCancel(Unknown Source)
at java.util.stream.AbstractPipeline.copyIntoWithCancel(Unknown Source)
at java.util.stream.AbstractPipeline.copyInto(Unknown Source)
at java.util.stream.AbstractPipeline.wrapAndCopyInto(Unknown Source)
at java.util.stream.FindOps$FindOp.evaluateSequential(Unknown Source)
at java.util.stream.AbstractPipeline.evaluate(Unknown Source)
at java.util.stream.ReferencePipeline.findFirst(Unknown Source)
at org.openqa.selenium.remote.ProtocolHandshake.createSession(ProtocolHandshake.java:128)
at org.openqa.selenium.remote.ProtocolHandshake.createSession(ProtocolHandshake.java:74)
at org.openqa.selenium.remote.HttpCommandExecutor.execute(HttpCommandExecutor.java:136)
at org.openqa.selenium.remote.service.DriverCommandExecutor.execute(DriverCommandExecutor.java:83)
at org.openqa.selenium.remote.RemoteWebDriver.execute(RemoteWebDriver.java:552)
at org.openqa.selenium.remote.RemoteWebDriver.startSession(RemoteWebDriver.java:213)
at org.openqa.selenium.remote.RemoteWebDriver.<init>(RemoteWebDriver.java:131)
at org.openqa.selenium.chrome.ChromeDriver.<init>(ChromeDriver.java:181)
at org.openqa.selenium.chrome.ChromeDriver.<init>(ChromeDriver.java:168)
at org.openqa.selenium.chrome.ChromeDriver.<init>(ChromeDriver.java:123)
at pageobjects.ELSLoginPageObject.<init>(ELSLoginPageObject.java:81)
at regLoansNewUI.AdminNavigationsTest.NavigationCheck(AdminNavigationsTest.java:22)
at sun.reflect.NativeMethodAccessorImpl.invoke0(Native Method)
at sun.reflect.NativeMethodAccessorImpl.invoke(Unknown Source)
at sun.reflect.DelegatingMethodAccessorImpl.invoke(Unknown Source)
at java.lang.reflect.Method.invoke(Unknown Source)
at org.testng.internal.MethodInvocationHelper.invokeMethod(MethodInvocationHelper.java:124)
at org.testng.internal.Invoker.invokeMethod(Invoker.java:580)
at org.testng.internal.Invoker.invokeTestMethod(Invoker.java:716)
at org.testng.internal.Invoker.invokeTestMethods(Invoker.java:988)
at org.testng.internal.TestMethodWorker.invokeTestMethods(TestMethodWorker.java:125)
at org.testng.internal.TestMethodWorker.run(TestMethodWorker.java:109)
at org.testng.TestRunner.privateRun(TestRunner.java:648)
at org.testng.TestRunner.run(TestRunner.java:505)
at org.testng.SuiteRunner.runTest(SuiteRunner.java:455)
at org.testng.SuiteRunner.runSequentially(SuiteRunner.java:450)
at org.testng.SuiteRunner.privateRun(SuiteRunner.java:415)
at org.testng.SuiteRunner.run(SuiteRunner.java:364)
at org.testng.SuiteRunnerWorker.runSuite(SuiteRunnerWorker.java:52)
at org.testng.SuiteRunnerWorker.run(SuiteRunnerWorker.java:84)
at org.testng.TestNG.runSuitesSequentially(TestNG.java:1208)
at org.testng.TestNG.runSuitesLocally(TestNG.java:1137)
at org.testng.TestNG.runSuites(TestNG.java:1049)
at org.testng.TestNG.run(TestNG.java:1017)
at org.testng.remote.AbstractRemoteTestNG.run(AbstractRemoteTestNG.java:114)
at org.testng.remote.RemoteTestNG.initAndRun(RemoteTestNG.java:251)
at org.testng.remote.RemoteTestNG.main(RemoteTestNG.java:77)
]]>
            </full-stacktrace>
          </exception> <!-- org.openqa.selenium.SessionNotCreatedException -->
          <reporter-output>
          </reporter-output>
        </test-method> <!-- NavigationCheck -->
        <test-method status="FAIL" signature="NavigationCheck(java.lang.String, java.lang.String, java.lang.String, java.lang.String, java.lang.String)[pri:0, instance:regLoansNewUI.AdminNavigationsTest@692f203f]" name="NavigationCheck" duration-ms="1593" started-at="2023-02-02T07:13:03Z" data-provider="navigate" finished-at="2023-02-02T07:13:04Z">
          <params>
            <param index="0">
              <value>
                <![CDATA[cipadmin.sunrise@gmail.com]]>
              </value>
            </param>
            <param index="1">
              <value>
                <![CDATA[Paswrd@123#]]>
              </value>
            </param>
            <param index="2">
              <value>
                <![CDATA[User Accounts-Create Users#User Accounts-Edit Existing Users#CIP Management-Clear CIP Status#Employees-Pay off Loan#Employees-Employee Service#Reports-Underwriting Data#Reports-Loan Details Report#Reports-CIP Report#Reports-Withdrawn Loans Report#Reports-Employer Info Report#Reports-Florida Stamp Tax Report]]>
              </value>
            </param>
            <param index="3">
              <value>
                <![CDATA[admin]]>
              </value>
            </param>
            <param index="4">
              <value>
                <![CDATA[chrome]]>
              </value>
            </param>
          </params>
          <exception class="org.openqa.selenium.SessionNotCreatedException">
            <message>
              <![CDATA[session not created: This version of ChromeDriver only supports Chrome version 106
Current browser version is 109.0.5414.120 with binary path C:\Program Files (x86)\Google\Chrome\Application\chrome.exe
Build info: version: '3.141.59', revision: 'e82be7d358', time: '2018-11-14T08:17:03'
System info: host: 'DESKTOP-KCMKG2H', ip: '192.168.1.11', os.name: 'Windows 10', os.arch: 'amd64', os.version: '10.0', java.version: '1.8.0_201'
Driver info: driver.version: ChromeDriver
remote stacktrace: Backtrace:
Ordinal0 [0x008D1ED3+2236115]
Ordinal0 [0x008692F1+1807089]
Ordinal0 [0x007766FD+812797]
Ordinal0 [0x00798C6D+953453]
Ordinal0 [0x00794200+934400]
Ordinal0 [0x007919C9+924105]
Ordinal0 [0x007C806C+1146988]
Ordinal0 [0x007C7A6A+1145450]
Ordinal0 [0x007C18A6+1120422]
Ordinal0 [0x0079A73D+960317]
Ordinal0 [0x0079B71F+964383]
GetHandleVerifier [0x00B7E7E2+2743074]
GetHandleVerifier [0x00B708D4+2685972]
GetHandleVerifier [0x00962BAA+532202]
GetHandleVerifier [0x00961990+527568]
Ordinal0 [0x0087080C+1837068]
Ordinal0 [0x00874CD8+1854680]
Ordinal0 [0x00874DC5+1854917]
Ordinal0 [0x0087ED64+1895780]
BaseThreadInitThunk [0x767E00F9+25]
RtlGetAppContainerNamedObjectPath [0x77AA7BBE+286]
RtlGetAppContainerNamedObjectPath [0x77AA7B8E+238]
]]>
            </message>
            <full-stacktrace>
              <![CDATA[org.openqa.selenium.SessionNotCreatedException: session not created: This version of ChromeDriver only supports Chrome version 106
Current browser version is 109.0.5414.120 with binary path C:\Program Files (x86)\Google\Chrome\Application\chrome.exe
Build info: version: '3.141.59', revision: 'e82be7d358', time: '2018-11-14T08:17:03'
System info: host: 'DESKTOP-KCMKG2H', ip: '192.168.1.11', os.name: 'Windows 10', os.arch: 'amd64', os.version: '10.0', java.version: '1.8.0_201'
Driver info: driver.version: ChromeDriver
remote stacktrace: Backtrace:
Ordinal0 [0x008D1ED3+2236115]
Ordinal0 [0x008692F1+1807089]
Ordinal0 [0x007766FD+812797]
Ordinal0 [0x00798C6D+953453]
Ordinal0 [0x00794200+934400]
Ordinal0 [0x007919C9+924105]
Ordinal0 [0x007C806C+1146988]
Ordinal0 [0x007C7A6A+1145450]
Ordinal0 [0x007C18A6+1120422]
Ordinal0 [0x0079A73D+960317]
Ordinal0 [0x0079B71F+964383]
GetHandleVerifier [0x00B7E7E2+2743074]
GetHandleVerifier [0x00B708D4+2685972]
GetHandleVerifier [0x00962BAA+532202]
GetHandleVerifier [0x00961990+527568]
Ordinal0 [0x0087080C+1837068]
Ordinal0 [0x00874CD8+1854680]
Ordinal0 [0x00874DC5+1854917]
Ordinal0 [0x0087ED64+1895780]
BaseThreadInitThunk [0x767E00F9+25]
RtlGetAppContainerNamedObjectPath [0x77AA7BBE+286]
RtlGetAppContainerNamedObjectPath [0x77AA7B8E+238]

at sun.reflect.NativeConstructorAccessorImpl.newInstance0(Native Method)
at sun.reflect.NativeConstructorAccessorImpl.newInstance(Unknown Source)
at sun.reflect.DelegatingConstructorAccessorImpl.newInstance(Unknown Source)
at java.lang.reflect.Constructor.newInstance(Unknown Source)
at org.openqa.selenium.remote.W3CHandshakeResponse.lambda$errorHandler$0(W3CHandshakeResponse.java:62)
at org.openqa.selenium.remote.HandshakeResponse.lambda$getResponseFunction$0(HandshakeResponse.java:30)
at org.openqa.selenium.remote.ProtocolHandshake.lambda$createSession$0(ProtocolHandshake.java:126)
at java.util.stream.ReferencePipeline$3$1.accept(Unknown Source)
at java.util.Spliterators$ArraySpliterator.tryAdvance(Unknown Source)
at java.util.stream.ReferencePipeline.forEachWithCancel(Unknown Source)
at java.util.stream.AbstractPipeline.copyIntoWithCancel(Unknown Source)
at java.util.stream.AbstractPipeline.copyInto(Unknown Source)
at java.util.stream.AbstractPipeline.wrapAndCopyInto(Unknown Source)
at java.util.stream.FindOps$FindOp.evaluateSequential(Unknown Source)
at java.util.stream.AbstractPipeline.evaluate(Unknown Source)
at java.util.stream.ReferencePipeline.findFirst(Unknown Source)
at org.openqa.selenium.remote.ProtocolHandshake.createSession(ProtocolHandshake.java:128)
at org.openqa.selenium.remote.ProtocolHandshake.createSession(ProtocolHandshake.java:74)
at org.openqa.selenium.remote.HttpCommandExecutor.execute(HttpCommandExecutor.java:136)
at org.openqa.selenium.remote.service.DriverCommandExecutor.execute(DriverCommandExecutor.java:83)
at org.openqa.selenium.remote.RemoteWebDriver.execute(RemoteWebDriver.java:552)
at org.openqa.selenium.remote.RemoteWebDriver.startSession(RemoteWebDriver.java:213)
at org.openqa.selenium.remote.RemoteWebDriver.<init>(RemoteWebDriver.java:131)
at org.openqa.selenium.chrome.ChromeDriver.<init>(ChromeDriver.java:181)
at org.openqa.selenium.chrome.ChromeDriver.<init>(ChromeDriver.java:168)
at org.openqa.selenium.chrome.ChromeDriver.<init>(ChromeDriver.java:123)
at pageobjects.ELSLoginPageObject.<init>(ELSLoginPageObject.java:81)
at regLoansNewUI.AdminNavigationsTest.NavigationCheck(AdminNavigationsTest.java:22)
at sun.reflect.NativeMethodAccessorImpl.invoke0(Native Method)
at sun.reflect.NativeMethodAccessorImpl.invoke(Unknown Source)
at sun.reflect.DelegatingMethodAccessorImpl.invoke(Unknown Source)
at java.lang.reflect.Method.invoke(Unknown Source)
at org.testng.internal.MethodInvocationHelper.invokeMethod(MethodInvocationHelper.java:124)
at org.testng.internal.Invoker.invokeMethod(Invoker.java:580)
at org.testng.internal.Invoker.invokeTestMethod(Invoker.java:716)
at org.testng.internal.Invoker.invokeTestMethods(Invoker.java:988)
at org.testng.internal.TestMethodWorker.invokeTestMethods(TestMethodWorker.java:125)
at org.testng.internal.TestMethodWorker.run(TestMethodWorker.java:109)
at org.testng.TestRunner.privateRun(TestRunner.java:648)
at org.testng.TestRunner.run(TestRunner.java:505)
at org.testng.SuiteRunner.runTest(SuiteRunner.java:455)
at org.testng.SuiteRunner.runSequentially(SuiteRunner.java:450)
at org.testng.SuiteRunner.privateRun(SuiteRunner.java:415)
at org.testng.SuiteRunner.run(SuiteRunner.java:364)
at org.testng.SuiteRunnerWorker.runSuite(SuiteRunnerWorker.java:52)
at org.testng.SuiteRunnerWorker.run(SuiteRunnerWorker.java:84)
at org.testng.TestNG.runSuitesSequentially(TestNG.java:1208)
at org.testng.TestNG.runSuitesLocally(TestNG.java:1137)
at org.testng.TestNG.runSuites(TestNG.java:1049)
at org.testng.TestNG.run(TestNG.java:1017)
at org.testng.remote.AbstractRemoteTestNG.run(AbstractRemoteTestNG.java:114)
at org.testng.remote.RemoteTestNG.initAndRun(RemoteTestNG.java:251)
at org.testng.remote.RemoteTestNG.main(RemoteTestNG.java:77)
]]>
            </full-stacktrace>
          </exception> <!-- org.openqa.selenium.SessionNotCreatedException -->
          <reporter-output>
          </reporter-output>
        </test-method> <!-- NavigationCheck -->
        <test-method status="FAIL" signature="NavigationCheck(java.lang.String, java.lang.String, java.lang.String, java.lang.String, java.lang.String)[pri:0, instance:regLoansNewUI.AdminNavigationsTest@692f203f]" name="NavigationCheck" duration-ms="1579" started-at="2023-02-02T07:13:04Z" data-provider="navigate" finished-at="2023-02-02T07:13:06Z">
          <params>
            <param index="0">
              <value>
                <![CDATA[payroll.master@elsmaster.com]]>
              </value>
            </param>
            <param index="1">
              <value>
                <![CDATA[Paswrd@123#]]>
              </value>
            </param>
            <param index="2">
              <value>
                <![CDATA[User Accounts-Create Users#User Accounts-Edit Existing Users#HR Management-Upload Census File#HR Management-Upload PDT File#HR Management-Download PDI File#HR Management-Report Termination#HR Management-Rollback Termination#HR Management-Search Documents#Reports-Pay Deduction Report#HR Faqs]]>
              </value>
            </param>
            <param index="3">
              <value>
                <![CDATA[admin]]>
              </value>
            </param>
            <param index="4">
              <value>
                <![CDATA[chrome]]>
              </value>
            </param>
          </params>
          <exception class="org.openqa.selenium.SessionNotCreatedException">
            <message>
              <![CDATA[session not created: This version of ChromeDriver only supports Chrome version 106
Current browser version is 109.0.5414.120 with binary path C:\Program Files (x86)\Google\Chrome\Application\chrome.exe
Build info: version: '3.141.59', revision: 'e82be7d358', time: '2018-11-14T08:17:03'
System info: host: 'DESKTOP-KCMKG2H', ip: '192.168.1.11', os.name: 'Windows 10', os.arch: 'amd64', os.version: '10.0', java.version: '1.8.0_201'
Driver info: driver.version: ChromeDriver
remote stacktrace: Backtrace:
Ordinal0 [0x008D1ED3+2236115]
Ordinal0 [0x008692F1+1807089]
Ordinal0 [0x007766FD+812797]
Ordinal0 [0x00798C6D+953453]
Ordinal0 [0x00794200+934400]
Ordinal0 [0x007919C9+924105]
Ordinal0 [0x007C806C+1146988]
Ordinal0 [0x007C7A6A+1145450]
Ordinal0 [0x007C18A6+1120422]
Ordinal0 [0x0079A73D+960317]
Ordinal0 [0x0079B71F+964383]
GetHandleVerifier [0x00B7E7E2+2743074]
GetHandleVerifier [0x00B708D4+2685972]
GetHandleVerifier [0x00962BAA+532202]
GetHandleVerifier [0x00961990+527568]
Ordinal0 [0x0087080C+1837068]
Ordinal0 [0x00874CD8+1854680]
Ordinal0 [0x00874DC5+1854917]
Ordinal0 [0x0087ED64+1895780]
BaseThreadInitThunk [0x767E00F9+25]
RtlGetAppContainerNamedObjectPath [0x77AA7BBE+286]
RtlGetAppContainerNamedObjectPath [0x77AA7B8E+238]
]]>
            </message>
            <full-stacktrace>
              <![CDATA[org.openqa.selenium.SessionNotCreatedException: session not created: This version of ChromeDriver only supports Chrome version 106
Current browser version is 109.0.5414.120 with binary path C:\Program Files (x86)\Google\Chrome\Application\chrome.exe
Build info: version: '3.141.59', revision: 'e82be7d358', time: '2018-11-14T08:17:03'
System info: host: 'DESKTOP-KCMKG2H', ip: '192.168.1.11', os.name: 'Windows 10', os.arch: 'amd64', os.version: '10.0', java.version: '1.8.0_201'
Driver info: driver.version: ChromeDriver
remote stacktrace: Backtrace:
Ordinal0 [0x008D1ED3+2236115]
Ordinal0 [0x008692F1+1807089]
Ordinal0 [0x007766FD+812797]
Ordinal0 [0x00798C6D+953453]
Ordinal0 [0x00794200+934400]
Ordinal0 [0x007919C9+924105]
Ordinal0 [0x007C806C+1146988]
Ordinal0 [0x007C7A6A+1145450]
Ordinal0 [0x007C18A6+1120422]
Ordinal0 [0x0079A73D+960317]
Ordinal0 [0x0079B71F+964383]
GetHandleVerifier [0x00B7E7E2+2743074]
GetHandleVerifier [0x00B708D4+2685972]
GetHandleVerifier [0x00962BAA+532202]
GetHandleVerifier [0x00961990+527568]
Ordinal0 [0x0087080C+1837068]
Ordinal0 [0x00874CD8+1854680]
Ordinal0 [0x00874DC5+1854917]
Ordinal0 [0x0087ED64+1895780]
BaseThreadInitThunk [0x767E00F9+25]
RtlGetAppContainerNamedObjectPath [0x77AA7BBE+286]
RtlGetAppContainerNamedObjectPath [0x77AA7B8E+238]

at sun.reflect.NativeConstructorAccessorImpl.newInstance0(Native Method)
at sun.reflect.NativeConstructorAccessorImpl.newInstance(Unknown Source)
at sun.reflect.DelegatingConstructorAccessorImpl.newInstance(Unknown Source)
at java.lang.reflect.Constructor.newInstance(Unknown Source)
at org.openqa.selenium.remote.W3CHandshakeResponse.lambda$errorHandler$0(W3CHandshakeResponse.java:62)
at org.openqa.selenium.remote.HandshakeResponse.lambda$getResponseFunction$0(HandshakeResponse.java:30)
at org.openqa.selenium.remote.ProtocolHandshake.lambda$createSession$0(ProtocolHandshake.java:126)
at java.util.stream.ReferencePipeline$3$1.accept(Unknown Source)
at java.util.Spliterators$ArraySpliterator.tryAdvance(Unknown Source)
at java.util.stream.ReferencePipeline.forEachWithCancel(Unknown Source)
at java.util.stream.AbstractPipeline.copyIntoWithCancel(Unknown Source)
at java.util.stream.AbstractPipeline.copyInto(Unknown Source)
at java.util.stream.AbstractPipeline.wrapAndCopyInto(Unknown Source)
at java.util.stream.FindOps$FindOp.evaluateSequential(Unknown Source)
at java.util.stream.AbstractPipeline.evaluate(Unknown Source)
at java.util.stream.ReferencePipeline.findFirst(Unknown Source)
at org.openqa.selenium.remote.ProtocolHandshake.createSession(ProtocolHandshake.java:128)
at org.openqa.selenium.remote.ProtocolHandshake.createSession(ProtocolHandshake.java:74)
at org.openqa.selenium.remote.HttpCommandExecutor.execute(HttpCommandExecutor.java:136)
at org.openqa.selenium.remote.service.DriverCommandExecutor.execute(DriverCommandExecutor.java:83)
at org.openqa.selenium.remote.RemoteWebDriver.execute(RemoteWebDriver.java:552)
at org.openqa.selenium.remote.RemoteWebDriver.startSession(RemoteWebDriver.java:213)
at org.openqa.selenium.remote.RemoteWebDriver.<init>(RemoteWebDriver.java:131)
at org.openqa.selenium.chrome.ChromeDriver.<init>(ChromeDriver.java:181)
at org.openqa.selenium.chrome.ChromeDriver.<init>(ChromeDriver.java:168)
at org.openqa.selenium.chrome.ChromeDriver.<init>(ChromeDriver.java:123)
at pageobjects.ELSLoginPageObject.<init>(ELSLoginPageObject.java:81)
at regLoansNewUI.AdminNavigationsTest.NavigationCheck(AdminNavigationsTest.java:22)
at sun.reflect.NativeMethodAccessorImpl.invoke0(Native Method)
at sun.reflect.NativeMethodAccessorImpl.invoke(Unknown Source)
at sun.reflect.DelegatingMethodAccessorImpl.invoke(Unknown Source)
at java.lang.reflect.Method.invoke(Unknown Source)
at org.testng.internal.MethodInvocationHelper.invokeMethod(MethodInvocationHelper.java:124)
at org.testng.internal.Invoker.invokeMethod(Invoker.java:580)
at org.testng.internal.Invoker.invokeTestMethod(Invoker.java:716)
at org.testng.internal.Invoker.invokeTestMethods(Invoker.java:988)
at org.testng.internal.TestMethodWorker.invokeTestMethods(TestMethodWorker.java:125)
at org.testng.internal.TestMethodWorker.run(TestMethodWorker.java:109)
at org.testng.TestRunner.privateRun(TestRunner.java:648)
at org.testng.TestRunner.run(TestRunner.java:505)
at org.testng.SuiteRunner.runTest(SuiteRunner.java:455)
at org.testng.SuiteRunner.runSequentially(SuiteRunner.java:450)
at org.testng.SuiteRunner.privateRun(SuiteRunner.java:415)
at org.testng.SuiteRunner.run(SuiteRunner.java:364)
at org.testng.SuiteRunnerWorker.runSuite(SuiteRunnerWorker.java:52)
at org.testng.SuiteRunnerWorker.run(SuiteRunnerWorker.java:84)
at org.testng.TestNG.runSuitesSequentially(TestNG.java:1208)
at org.testng.TestNG.runSuitesLocally(TestNG.java:1137)
at org.testng.TestNG.runSuites(TestNG.java:1049)
at org.testng.TestNG.run(TestNG.java:1017)
at org.testng.remote.AbstractRemoteTestNG.run(AbstractRemoteTestNG.java:114)
at org.testng.remote.RemoteTestNG.initAndRun(RemoteTestNG.java:251)
at org.testng.remote.RemoteTestNG.main(RemoteTestNG.java:77)
]]>
            </full-stacktrace>
          </exception> <!-- org.openqa.selenium.SessionNotCreatedException -->
          <reporter-output>
          </reporter-output>
        </test-method> <!-- NavigationCheck -->
      </class> <!-- regLoansNewUI.AdminNavigationsTest -->
    </test> <!-- Regression -->
  </suite> <!-- RegressionTest -->
</testng-results>
