<?xml version="1.0" encoding="UTF-8"?>
<!-- Generated by org.testng.reporters.JUnitXMLReporter -->
<testsuite hostname="DESKTOP-KCMKG2H" ignored="0" name="RegLoansCycle2" tests="11" failures="7" timestamp="17 Jul 2019 07:07:46 GMT" time="1836.596" errors="0">
  <testcase name="customerOneLoan_Reject_Other" time="182.705" classname="regloanscripts.New_CustomerCreateOneLoan_RejectNext">
    <failure type="java.lang.AssertionError" message="expected [NOAA Error Income insufficient for amount of credit requested should not occur.] but found [NOAA Error Income insufficient for amount of credit requested has occcured.]">
      <![CDATA[java.lang.AssertionError: expected [NOAA Error Income insufficient for amount of credit requested should not occur.] but found [NOAA Error Income insufficient for amount of credit requested has occcured.]
at regloanscripts.New_CustomerCreateOneLoan_RejectNext.customerOneLoan_Reject_Other(New_CustomerCreateOneLoan_RejectNext.java:139)
... Removed 31 stack frames]]>
    </failure>
  </testcase> <!-- customerOneLoan_Reject_Other -->
  <testcase name="customerOneLoan_Reject_Other" time="185.21" classname="regloanscripts.New_CustomerCreateOneLoan_RejectNext"/>
  <testcase name="customerOneLoan_Reject_Other" time="136.68" classname="regloanscripts.New_CustomerCreateOneLoan_RejectNext">
    <failure type="java.lang.AssertionError" message="expected [false] but found [true]">
      <![CDATA[java.lang.AssertionError: expected [false] but found [true]
at testcases.util.TestUtil.loanProcedureUserloggedIn(TestUtil.java:351)
at regloanscripts.New_CustomerCreateOneLoan_RejectNext.customerOneLoan_Reject_Other(New_CustomerCreateOneLoan_RejectNext.java:101)
... Removed 31 stack frames]]>
    </failure>
  </testcase> <!-- customerOneLoan_Reject_Other -->
  <testcase name="customerOneLoan_Reject_Other" time="484.32" classname="regloanscripts.New_CustomerCreateOneLoan_RejectNext">
    <failure type="org.openqa.selenium.TimeoutException" message="Expected condition failed: waiting for element to be clickable: By.cssSelector: #txtCustName (tried for 80 second(s) with 500 MILLISECONDS interval)">
      <![CDATA[org.openqa.selenium.TimeoutException: Expected condition failed: waiting for element to be clickable: By.cssSelector: #txtCustName (tried for 80 second(s) with 500 MILLISECONDS interval)
at org.openqa.selenium.support.ui.WebDriverWait.timeoutException(WebDriverWait.java:80)
at org.openqa.selenium.support.ui.FluentWait.until(FluentWait.java:232)
at pageobjects.MasterPageObject.waitFor(MasterPageObject.java:216)
at pageobjects.LoanConfirmationPageObject.signLoan(LoanConfirmationPageObject.java:63)
at testcases.util.TestUtil.loanProcedureUserloggedIn(TestUtil.java:333)
at regloanscripts.New_CustomerCreateOneLoan_RejectNext.customerOneLoan_Reject_Other(New_CustomerCreateOneLoan_RejectNext.java:101)
Caused by: org.openqa.selenium.NoSuchElementException: Cannot locate an element using By.cssSelector: #txtCustName
For documentation on this error, please visit: http://seleniumhq.org/exceptions/no_such_element.html
Build info: version: '3.14.0', revision: 'aacccce0', time: '2018-08-02T20:19:58.91Z'
System info: host: 'DESKTOP-KCMKG2H', ip: '192.168.1.14', os.name: 'Windows 10', os.arch: 'amd64', os.version: '10.0', java.version: '1.8.0_201'
Driver info: driver.version: unknown
at org.openqa.selenium.support.ui.ExpectedConditions.lambda$findElement$0(ExpectedConditions.java:896)
at java.util.Optional.orElseThrow(Unknown Source)
at org.openqa.selenium.support.ui.ExpectedConditions.findElement(ExpectedConditions.java:895)
at org.openqa.selenium.support.ui.ExpectedConditions.access$000(ExpectedConditions.java:41)
at org.openqa.selenium.support.ui.ExpectedConditions$7.apply(ExpectedConditions.java:205)
at org.openqa.selenium.support.ui.ExpectedConditions$7.apply(ExpectedConditions.java:201)
at org.openqa.selenium.support.ui.ExpectedConditions$22.apply(ExpectedConditions.java:651)
at org.openqa.selenium.support.ui.ExpectedConditions$22.apply(ExpectedConditions.java:644)
at org.openqa.selenium.support.ui.FluentWait.until(FluentWait.java:209)
... 29 more
... Removed 25 stack frames]]>
    </failure>
  </testcase> <!-- customerOneLoan_Reject_Other -->
  <testcase name="customerOneLoan_Reject_Other" time="140.57" classname="regloanscripts.New_CustomerCreateOneLoan_RejectNext"/>
  <testcase name="customerOneLoan_Reject_Other" time="131.26" classname="regloanscripts.New_CustomerCreateOneLoan_RejectNext"/>
  <testcase name="customerOneLoan_Reject_Other" time="131.65" classname="regloanscripts.New_CustomerCreateOneLoan_RejectNext">
    <failure type="java.lang.AssertionError" message="expected [Based on your length of employment, you have already obtained the maximum amount of TrueConnect loan proceeds that can be outstanding at one time.] but found [You have already obtained the maximum amount of TrueConnect loan proceeds that can be outstanding at one time.]">
      <![CDATA[java.lang.AssertionError: expected [Based on your length of employment, you have already obtained the maximum amount of TrueConnect loan proceeds that can be outstanding at one time.] but found [You have already obtained the maximum amount of TrueConnect loan proceeds that can be outstanding at one time.]
at regloanscripts.New_CustomerCreateOneLoan_RejectNext.customerOneLoan_Reject_Other(New_CustomerCreateOneLoan_RejectNext.java:133)
... Removed 31 stack frames]]>
    </failure>
  </testcase> <!-- customerOneLoan_Reject_Other -->
  <testcase name="customerOneLoan_Reject_Other" time="136.73" classname="regloanscripts.New_CustomerCreateOneLoan_RejectNext">
    <failure type="java.lang.AssertionError" message="expected [Based on your length of employment, you have already obtained the maximum amount of TrueConnect loan proceeds that can be outstanding at one time.] but found [You have already obtained the maximum amount of TrueConnect loan proceeds that can be outstanding at one time.]">
      <![CDATA[java.lang.AssertionError: expected [Based on your length of employment, you have already obtained the maximum amount of TrueConnect loan proceeds that can be outstanding at one time.] but found [You have already obtained the maximum amount of TrueConnect loan proceeds that can be outstanding at one time.]
at regloanscripts.New_CustomerCreateOneLoan_RejectNext.customerOneLoan_Reject_Other(New_CustomerCreateOneLoan_RejectNext.java:133)
... Removed 31 stack frames]]>
    </failure>
  </testcase> <!-- customerOneLoan_Reject_Other -->
  <testcase name="customerOneLoan_Reject_Other" time="127.56" classname="regloanscripts.New_CustomerCreateOneLoan_RejectNext"/>
  <testcase name="customerOneLoan_Reject_Other" time="76.78" classname="regloanscripts.New_CustomerCreateOneLoan_RejectNext">
    <failure type="java.lang.AssertionError" message="expected [NOAA Error You have already obtained the maximum amount of TrueConnect loan proceeds that can be outstanding at one time. should not occur.] but found [NOAA Error You have already obtained the maximum amount of TrueConnect loan proceeds that can be outstanding at one time. has occcured.]">
      <![CDATA[java.lang.AssertionError: expected [NOAA Error You have already obtained the maximum amount of TrueConnect loan proceeds that can be outstanding at one time. should not occur.] but found [NOAA Error You have already obtained the maximum amount of TrueConnect loan proceeds that can be outstanding at one time. has occcured.]
at regloanscripts.New_CustomerCreateOneLoan_RejectNext.customerOneLoan_Reject_Other(New_CustomerCreateOneLoan_RejectNext.java:139)
... Removed 31 stack frames]]>
    </failure>
  </testcase> <!-- customerOneLoan_Reject_Other -->
  <testcase name="customerOneLoan_Reject_Other" time="102.689" classname="regloanscripts.New_CustomerCreateOneLoan_RejectNext">
    <failure type="org.openqa.selenium.TimeoutException" message="Expected condition failed: waiting for element to be clickable: By.cssSelector: #primaryEmail (tried for 60 second(s) with 500 MILLISECONDS interval)">
      <![CDATA[org.openqa.selenium.TimeoutException: Expected condition failed: waiting for element to be clickable: By.cssSelector: #primaryEmail (tried for 60 second(s) with 500 MILLISECONDS interval)
at org.openqa.selenium.support.ui.WebDriverWait.timeoutException(WebDriverWait.java:80)
at org.openqa.selenium.support.ui.FluentWait.until(FluentWait.java:232)
at pageobjects.MasterPageObject.waitFor(MasterPageObject.java:216)
at pageobjects.CreateCustomerPageObject.createAccountData(CreateCustomerPageObject.java:70)
at regloanscripts.New_CustomerCreateOneLoan_RejectNext.customerOneLoan_Reject_Other(New_CustomerCreateOneLoan_RejectNext.java:58)
Caused by: org.openqa.selenium.NoSuchElementException: Cannot locate an element using By.cssSelector: #primaryEmail
For documentation on this error, please visit: http://seleniumhq.org/exceptions/no_such_element.html
Build info: version: '3.14.0', revision: 'aacccce0', time: '2018-08-02T20:19:58.91Z'
System info: host: 'DESKTOP-KCMKG2H', ip: '192.168.1.14', os.name: 'Windows 10', os.arch: 'amd64', os.version: '10.0', java.version: '1.8.0_201'
Driver info: driver.version: unknown
at org.openqa.selenium.support.ui.ExpectedConditions.lambda$findElement$0(ExpectedConditions.java:896)
at java.util.Optional.orElseThrow(Unknown Source)
at org.openqa.selenium.support.ui.ExpectedConditions.findElement(ExpectedConditions.java:895)
at org.openqa.selenium.support.ui.ExpectedConditions.access$000(ExpectedConditions.java:41)
at org.openqa.selenium.support.ui.ExpectedConditions$7.apply(ExpectedConditions.java:205)
at org.openqa.selenium.support.ui.ExpectedConditions$7.apply(ExpectedConditions.java:201)
at org.openqa.selenium.support.ui.ExpectedConditions$22.apply(ExpectedConditions.java:651)
at org.openqa.selenium.support.ui.ExpectedConditions$22.apply(ExpectedConditions.java:644)
at org.openqa.selenium.support.ui.FluentWait.until(FluentWait.java:209)
... 28 more
... Removed 25 stack frames]]>
    </failure>
  </testcase> <!-- customerOneLoan_Reject_Other -->
</testsuite> <!-- RegLoansCycle2 -->
