<html>
<head>
<title>TestNG:  RegLoansCycle2</title>
<link href="../testng.css" rel="stylesheet" type="text/css" />
<link href="../my-testng.css" rel="stylesheet" type="text/css" />

<style type="text/css">
.log { display: none;} 
.stack-trace { display: none;} 
</style>
<script type="text/javascript">
<!--
function flip(e) {
  current = e.style.display;
  if (current == 'block') {
    e.style.display = 'none';
    return 0;
  }
  else {
    e.style.display = 'block';
    return 1;
  }
}

function toggleBox(szDivId, elem, msg1, msg2)
{
  var res = -1;  if (document.getElementById) {
    res = flip(document.getElementById(szDivId));
  }
  else if (document.all) {
    // this is the way old msie versions work
    res = flip(document.all[szDivId]);
  }
  if(elem) {
    if(res == 0) elem.innerHTML = msg1; else elem.innerHTML = msg2;
  }

}

function toggleAllBoxes() {
  if (document.getElementsByTagName) {
    d = document.getElementsByTagName('div');
    for (i = 0; i < d.length; i++) {
      if (d[i].className == 'log') {
        flip(d[i]);
      }
    }
  }
}

// -->
</script>

</head>
<body>
<h2 align='center'>RegLoansCycle2</h2><table border='1' align="center">
<tr>
<td>Tests passed/Failed/Skipped:</td><td>4/7/0</td>
</tr><tr>
<td>Started on:</td><td>Wed Jul 17 12:07:09 IST 2019</td>
</tr>
<tr><td>Total time:</td><td>1836 seconds (1836596 ms)</td>
</tr><tr>
<td>Included groups:</td><td></td>
</tr><tr>
<td>Excluded groups:</td><td></td>
</tr>
</table><p/>
<small><i>(Hover the method name to see the test class name)</i></small><p/>
<table width='100%' border='1' class='invocation-failed'>
<tr><td colspan='4' align='center'><b>FAILED TESTS</b></td></tr>
<tr><td><b>Test method</b></td>
<td width="30%"><b>Exception</b></td>
<td width="10%"><b>Time (seconds)</b></td>
<td><b>Instance</b></td>
</tr>
<tr>
<td title='regloanscripts.New_CustomerCreateOneLoan_RejectNext.customerOneLoan_Reject_Other()'><b>customerOneLoan_Reject_Other</b><br>Test class: regloanscripts.New_CustomerCreateOneLoan_RejectNext<br>Parameters: els.tenure24lessop2@test.com, 1234@Abcd, 123456723, (223)-456-7893, tenure24_Paychk_less_option2, 12345.0, 12/28/1962, What was your dream job as a child?, What street did you live on in third grade?, 1000, 096001013, 999999999, Saving, emp8 tenure24_Paychk_less_option2, 1922 Conejo Ln , city, Alabama, Idaho, Income insufficient for amount of credit requested, customer, chrome<br/>
<a href="#Output-1585571244" onClick='toggleBox("Output-1585571244", this, "Show output", "Hide output");'>Show output</a>

<a href="#Output-1585571244" onClick="toggleAllBoxes();">Show all outputs</a>
<div class='log' id="Output-1585571244">
The Customer already created.<br/>
Customer with User Name: els.tenure24lessop2@test.com tries to take a Loan of : 1000<br/>
</div>
</td>
<td><div><pre>java.lang.AssertionError: expected [NOAA Error Income insufficient for amount of credit requested should not occur.] but found [NOAA Error Income insufficient for amount of credit requested has occcured.]
	at regloanscripts.New_CustomerCreateOneLoan_RejectNext.customerOneLoan_Reject_Other(New_CustomerCreateOneLoan_RejectNext.java:139)
... Removed 31 stack frames</pre></div><a href='#' onClick='toggleBox("stack-trace1585571244", this, "Click to show all stack frames", "Click to hide stack frames")'>Click to show all stack frames</a>
<div class='stack-trace' id='stack-trace1585571244'><pre>java.lang.AssertionError: expected [NOAA Error Income insufficient for amount of credit requested should not occur.] but found [NOAA Error Income insufficient for amount of credit requested has occcured.]
	at org.testng.Assert.fail(Assert.java:96)
	at org.testng.Assert.failNotEquals(Assert.java:776)
	at org.testng.Assert.assertEqualsImpl(Assert.java:137)
	at org.testng.Assert.assertEquals(Assert.java:118)
	at org.testng.Assert.assertEquals(Assert.java:453)
	at org.testng.Assert.assertEquals(Assert.java:463)
	at regloanscripts.New_CustomerCreateOneLoan_RejectNext.customerOneLoan_Reject_Other(New_CustomerCreateOneLoan_RejectNext.java:139)
	at sun.reflect.NativeMethodAccessorImpl.invoke0(Native Method)
	at sun.reflect.NativeMethodAccessorImpl.invoke(Unknown Source)
	at sun.reflect.DelegatingMethodAccessorImpl.invoke(Unknown Source)
	at java.lang.reflect.Method.invoke(Unknown Source)
	at org.testng.internal.MethodInvocationHelper.invokeMethod(MethodInvocationHelper.java:124)
	at org.testng.internal.Invoker.invokeMethod(Invoker.java:580)
	at org.testng.internal.Invoker.invokeTestMethod(Invoker.java:716)
	at org.testng.internal.Invoker.invokeTestMethods(Invoker.java:988)
	at org.testng.internal.TestMethodWorker.invokeTestMethods(TestMethodWorker.java:125)
	at org.testng.internal.TestMethodWorker.run(TestMethodWorker.java:109)
	at org.testng.TestRunner.privateRun(TestRunner.java:648)
	at org.testng.TestRunner.run(TestRunner.java:505)
	at org.testng.SuiteRunner.runTest(SuiteRunner.java:455)
	at org.testng.SuiteRunner.runSequentially(SuiteRunner.java:450)
	at org.testng.SuiteRunner.privateRun(SuiteRunner.java:415)
	at org.testng.SuiteRunner.run(SuiteRunner.java:364)
	at org.testng.SuiteRunnerWorker.runSuite(SuiteRunnerWorker.java:52)
	at org.testng.SuiteRunnerWorker.run(SuiteRunnerWorker.java:84)
	at org.testng.TestNG.runSuitesSequentially(TestNG.java:1208)
	at org.testng.TestNG.runSuitesLocally(TestNG.java:1137)
	at org.testng.TestNG.runSuites(TestNG.java:1049)
	at org.testng.TestNG.run(TestNG.java:1017)
	at org.testng.remote.AbstractRemoteTestNG.run(AbstractRemoteTestNG.java:114)
	at org.testng.remote.RemoteTestNG.initAndRun(RemoteTestNG.java:251)
	at org.testng.remote.RemoteTestNG.main(RemoteTestNG.java:77)
</pre></div></td>
<td>182</td>
<td>regloanscripts.New_CustomerCreateOneLoan_RejectNext@60438a68</td></tr>
<tr>
<td title='regloanscripts.New_CustomerCreateOneLoan_RejectNext.customerOneLoan_Reject_Other()'><b>customerOneLoan_Reject_Other</b><br>Test class: regloanscripts.New_CustomerCreateOneLoan_RejectNext<br>Parameters: els.tenure12lessop4@test.com, 1234@Abcd, 123456725, (223)-456-7895, tenure12_Paychk_less_option4, 12345.0, 12/28/1962, What was your dream job as a child?, What street did you live on in third grade?, 2000, 096001013, 999999999, Saving, emp13 tenure12_Paychk_less_option4, 1725 Jones Road, city, Alabama, New Mexico, Based on your length of employment, you have already obtained the maximum amount of TrueConnect loan proceeds that can be outstanding at one time., customer, chrome<br/>
<a href="#Output-410958248" onClick='toggleBox("Output-410958248", this, "Show output", "Hide output");'>Show output</a>

<a href="#Output-410958248" onClick="toggleAllBoxes();">Show all outputs</a>
<div class='log' id="Output-410958248">
The Customer already created.<br/>
Customer with User Name: els.tenure12lessop4@test.com tries to take a Loan of : 2000<br/>
Loan options page is not displayed.<br/>
Loan options Page is not visible.<br/>
</div>
</td>
<td><div><pre>java.lang.AssertionError: expected [false] but found [true]
	at testcases.util.TestUtil.loanProcedureUserloggedIn(TestUtil.java:351)
	at regloanscripts.New_CustomerCreateOneLoan_RejectNext.customerOneLoan_Reject_Other(New_CustomerCreateOneLoan_RejectNext.java:101)
... Removed 31 stack frames</pre></div><a href='#' onClick='toggleBox("stack-trace410958248", this, "Click to show all stack frames", "Click to hide stack frames")'>Click to show all stack frames</a>
<div class='stack-trace' id='stack-trace410958248'><pre>java.lang.AssertionError: expected [false] but found [true]
	at org.testng.Assert.fail(Assert.java:96)
	at org.testng.Assert.failNotEquals(Assert.java:776)
	at org.testng.Assert.assertEqualsImpl(Assert.java:137)
	at org.testng.Assert.assertEquals(Assert.java:118)
	at org.testng.Assert.assertEquals(Assert.java:568)
	at org.testng.Assert.assertEquals(Assert.java:578)
	at testcases.util.TestUtil.loanProcedureUserloggedIn(TestUtil.java:351)
	at regloanscripts.New_CustomerCreateOneLoan_RejectNext.customerOneLoan_Reject_Other(New_CustomerCreateOneLoan_RejectNext.java:101)
	at sun.reflect.NativeMethodAccessorImpl.invoke0(Native Method)
	at sun.reflect.NativeMethodAccessorImpl.invoke(Unknown Source)
	at sun.reflect.DelegatingMethodAccessorImpl.invoke(Unknown Source)
	at java.lang.reflect.Method.invoke(Unknown Source)
	at org.testng.internal.MethodInvocationHelper.invokeMethod(MethodInvocationHelper.java:124)
	at org.testng.internal.Invoker.invokeMethod(Invoker.java:580)
	at org.testng.internal.Invoker.invokeTestMethod(Invoker.java:716)
	at org.testng.internal.Invoker.invokeTestMethods(Invoker.java:988)
	at org.testng.internal.TestMethodWorker.invokeTestMethods(TestMethodWorker.java:125)
	at org.testng.internal.TestMethodWorker.run(TestMethodWorker.java:109)
	at org.testng.TestRunner.privateRun(TestRunner.java:648)
	at org.testng.TestRunner.run(TestRunner.java:505)
	at org.testng.SuiteRunner.runTest(SuiteRunner.java:455)
	at org.testng.SuiteRunner.runSequentially(SuiteRunner.java:450)
	at org.testng.SuiteRunner.privateRun(SuiteRunner.java:415)
	at org.testng.SuiteRunner.run(SuiteRunner.java:364)
	at org.testng.SuiteRunnerWorker.runSuite(SuiteRunnerWorker.java:52)
	at org.testng.SuiteRunnerWorker.run(SuiteRunnerWorker.java:84)
	at org.testng.TestNG.runSuitesSequentially(TestNG.java:1208)
	at org.testng.TestNG.runSuitesLocally(TestNG.java:1137)
	at org.testng.TestNG.runSuites(TestNG.java:1049)
	at org.testng.TestNG.run(TestNG.java:1017)
	at org.testng.remote.AbstractRemoteTestNG.run(AbstractRemoteTestNG.java:114)
	at org.testng.remote.RemoteTestNG.initAndRun(RemoteTestNG.java:251)
	at org.testng.remote.RemoteTestNG.main(RemoteTestNG.java:77)
</pre></div></td>
<td>136</td>
<td>regloanscripts.New_CustomerCreateOneLoan_RejectNext@60438a68</td></tr>
<tr>
<td title='regloanscripts.New_CustomerCreateOneLoan_RejectNext.customerOneLoan_Reject_Other()'><b>customerOneLoan_Reject_Other</b><br>Test class: regloanscripts.New_CustomerCreateOneLoan_RejectNext<br>Parameters: els.ten12paylessop5@test.com, 1234@Abcd, 123456731, (223)-456-7896, tenure12_Pay_less_option5, 12345.0, 12/28/1962, What was your dream job as a child?, What street did you live on in third grade?, 2000, 096001013, 999999999, Checking, emp43 tenure12_Pay_less_option5, 1930 Conejo Ln , city, Alabama, Pennsylvania, Based on your length of employment, you have already obtained the maximum amount of TrueConnect loan proceeds that can be outstanding at one time., customer, chrome<br/>
<a href="#Output-892237946" onClick='toggleBox("Output-892237946", this, "Show output", "Hide output");'>Show output</a>

<a href="#Output-892237946" onClick="toggleAllBoxes();">Show all outputs</a>
<div class='log' id="Output-892237946">
The Customer already created.<br/>
Customer with User Name: els.ten12paylessop5@test.com tries to take a Loan of : 2000<br/>
Proceed to check Loan option CheckBox.<br/>
</div>
</td>
<td><div><pre>org.openqa.selenium.TimeoutException: Expected condition failed: waiting for element to be clickable: By.cssSelector: #txtCustName (tried for 80 second(s) with 500 MILLISECONDS interval)
	at org.openqa.selenium.support.ui.WebDriverWait.timeoutException(WebDriverWait.java:80)
	at org.openqa.selenium.support.ui.FluentWait.until(FluentWait.java:232)
	at pageobjects.MasterPageObject.waitFor(MasterPageObject.java:216)
	at pageobjects.LoanConfirmationPageObject.signLoan(LoanConfirmationPageObject.java:63)
	at testcases.util.TestUtil.loanProcedureUserloggedIn(TestUtil.java:333)
	at regloanscripts.New_CustomerCreateOneLoan_RejectNext.customerOneLoan_Reject_Other(New_CustomerCreateOneLoan_RejectNext.java:101)
Caused by: org.openqa.selenium.NoSuchElementException: Cannot locate an element using By.cssSelector: #txtCustName
For documentation on this error, please visit: http://seleniumhq.org/exceptions/no_such_element.html
Build info: version: &apos;3.14.0&apos;, revision: &apos;aacccce0&apos;, time: &apos;2018-08-02T20:19:58.91Z&apos;
System info: host: &apos;DESKTOP-KCMKG2H&apos;, ip: &apos;192.168.1.14&apos;, os.name: &apos;Windows 10&apos;, os.arch: &apos;amd64&apos;, os.version: &apos;10.0&apos;, java.version: &apos;1.8.0_201&apos;
Driver info: driver.version: unknown
	at org.openqa.selenium.support.ui.ExpectedConditions.lambda$findElement$0(ExpectedConditions.java:896)
	at java.util.Optional.orElseThrow(Unknown Source)
	at org.openqa.selenium.support.ui.ExpectedConditions.findElement(ExpectedConditions.java:895)
	at org.openqa.selenium.support.ui.ExpectedConditions.access$000(ExpectedConditions.java:41)
	at org.openqa.selenium.support.ui.ExpectedConditions$7.apply(ExpectedConditions.java:205)
	at org.openqa.selenium.support.ui.ExpectedConditions$7.apply(ExpectedConditions.java:201)
	at org.openqa.selenium.support.ui.ExpectedConditions$22.apply(ExpectedConditions.java:651)
	at org.openqa.selenium.support.ui.ExpectedConditions$22.apply(ExpectedConditions.java:644)
	at org.openqa.selenium.support.ui.FluentWait.until(FluentWait.java:209)
	... 29 more
... Removed 25 stack frames</pre></div><a href='#' onClick='toggleBox("stack-trace892237946", this, "Click to show all stack frames", "Click to hide stack frames")'>Click to show all stack frames</a>
<div class='stack-trace' id='stack-trace892237946'><pre>org.openqa.selenium.TimeoutException: Expected condition failed: waiting for element to be clickable: By.cssSelector: #txtCustName (tried for 80 second(s) with 500 MILLISECONDS interval)
	at org.openqa.selenium.support.ui.WebDriverWait.timeoutException(WebDriverWait.java:80)
	at org.openqa.selenium.support.ui.FluentWait.until(FluentWait.java:232)
	at pageobjects.MasterPageObject.waitFor(MasterPageObject.java:216)
	at pageobjects.LoanConfirmationPageObject.signLoan(LoanConfirmationPageObject.java:63)
	at testcases.util.TestUtil.loanProcedureUserloggedIn(TestUtil.java:333)
	at regloanscripts.New_CustomerCreateOneLoan_RejectNext.customerOneLoan_Reject_Other(New_CustomerCreateOneLoan_RejectNext.java:101)
	at sun.reflect.NativeMethodAccessorImpl.invoke0(Native Method)
	at sun.reflect.NativeMethodAccessorImpl.invoke(Unknown Source)
	at sun.reflect.DelegatingMethodAccessorImpl.invoke(Unknown Source)
	at java.lang.reflect.Method.invoke(Unknown Source)
	at org.testng.internal.MethodInvocationHelper.invokeMethod(MethodInvocationHelper.java:124)
	at org.testng.internal.Invoker.invokeMethod(Invoker.java:580)
	at org.testng.internal.Invoker.invokeTestMethod(Invoker.java:716)
	at org.testng.internal.Invoker.invokeTestMethods(Invoker.java:988)
	at org.testng.internal.TestMethodWorker.invokeTestMethods(TestMethodWorker.java:125)
	at org.testng.internal.TestMethodWorker.run(TestMethodWorker.java:109)
	at org.testng.TestRunner.privateRun(TestRunner.java:648)
	at org.testng.TestRunner.run(TestRunner.java:505)
	at org.testng.SuiteRunner.runTest(SuiteRunner.java:455)
	at org.testng.SuiteRunner.runSequentially(SuiteRunner.java:450)
	at org.testng.SuiteRunner.privateRun(SuiteRunner.java:415)
	at org.testng.SuiteRunner.run(SuiteRunner.java:364)
	at org.testng.SuiteRunnerWorker.runSuite(SuiteRunnerWorker.java:52)
	at org.testng.SuiteRunnerWorker.run(SuiteRunnerWorker.java:84)
	at org.testng.TestNG.runSuitesSequentially(TestNG.java:1208)
	at org.testng.TestNG.runSuitesLocally(TestNG.java:1137)
	at org.testng.TestNG.runSuites(TestNG.java:1049)
	at org.testng.TestNG.run(TestNG.java:1017)
	at org.testng.remote.AbstractRemoteTestNG.run(AbstractRemoteTestNG.java:114)
	at org.testng.remote.RemoteTestNG.initAndRun(RemoteTestNG.java:251)
	at org.testng.remote.RemoteTestNG.main(RemoteTestNG.java:77)
Caused by: org.openqa.selenium.NoSuchElementException: Cannot locate an element using By.cssSelector: #txtCustName
For documentation on this error, please visit: http://seleniumhq.org/exceptions/no_such_element.html
Build info: version: &apos;3.14.0&apos;, revision: &apos;aacccce0&apos;, time: &apos;2018-08-02T20:19:58.91Z&apos;
System info: host: &apos;DESKTOP-KCMKG2H&apos;, ip: &apos;192.168.1.14&apos;, os.name: &apos;Windows 10&apos;, os.arch: &apos;amd64&apos;, os.version: &apos;10.0&apos;, java.version: &apos;1.8.0_201&apos;
Driver info: driver.version: unknown
	at org.openqa.selenium.support.ui.ExpectedConditions.lambda$findElement$0(ExpectedConditions.java:896)
	at java.util.Optional.orElseThrow(Unknown Source)
	at org.openqa.selenium.support.ui.ExpectedConditions.findElement(ExpectedConditions.java:895)
	at org.openqa.selenium.support.ui.ExpectedConditions.access$000(ExpectedConditions.java:41)
	at org.openqa.selenium.support.ui.ExpectedConditions$7.apply(ExpectedConditions.java:205)
	at org.openqa.selenium.support.ui.ExpectedConditions$7.apply(ExpectedConditions.java:201)
	at org.openqa.selenium.support.ui.ExpectedConditions$22.apply(ExpectedConditions.java:651)
	at org.openqa.selenium.support.ui.ExpectedConditions$22.apply(ExpectedConditions.java:644)
	at org.openqa.selenium.support.ui.FluentWait.until(FluentWait.java:209)
	... 29 more
</pre></div></td>
<td>484</td>
<td>regloanscripts.New_CustomerCreateOneLoan_RejectNext@60438a68</td></tr>
<tr>
<td title='regloanscripts.New_CustomerCreateOneLoan_RejectNext.customerOneLoan_Reject_Other()'><b>customerOneLoan_Reject_Other</b><br>Test class: regloanscripts.New_CustomerCreateOneLoan_RejectNext<br>Parameters: ten24.lessop5_lb@test.com, 1234@Abcd, 123456732, (223)-456-7899, tenu24_lessop5_lb, 12206.0, 12/28/1962, What was your dream job as a child?, What street did you live on in third grade?, 2500, 096001013, 999999999, Saving, empl21 tenu24_lessop5_lb, 324 Central Ave, Detroit, Texas, California, Based on your length of employment, you have already obtained the maximum amount of TrueConnect loan proceeds that can be outstanding at one time., customer, chrome<br/>
<a href="#Output-219594319" onClick='toggleBox("Output-219594319", this, "Show output", "Hide output");'>Show output</a>

<a href="#Output-219594319" onClick="toggleAllBoxes();">Show all outputs</a>
<div class='log' id="Output-219594319">
The Customer already created.<br/>
Customer with User Name: ten24.lessop5_lb@test.com tries to take a Loan of : 2500<br/>
Proceed to check Loan option CheckBox.<br/>
Loan process is successful and loan number is: 5000050695<br/>
Customer tries to take a Loan after his eligibility is exhausted.<br/>
Actual error message: You have already obtained the maximum amount of TrueConnect loan proceeds that can be outstanding at one time. Expected error message: Based on your length of employment, you have already obtained the maximum amount of TrueConnect loan proceeds that can be outstanding at one time.<br/>
</div>
</td>
<td><div><pre>java.lang.AssertionError: expected [Based on your length of employment, you have already obtained the maximum amount of TrueConnect loan proceeds that can be outstanding at one time.] but found [You have already obtained the maximum amount of TrueConnect loan proceeds that can be outstanding at one time.]
	at regloanscripts.New_CustomerCreateOneLoan_RejectNext.customerOneLoan_Reject_Other(New_CustomerCreateOneLoan_RejectNext.java:133)
... Removed 31 stack frames</pre></div><a href='#' onClick='toggleBox("stack-trace219594319", this, "Click to show all stack frames", "Click to hide stack frames")'>Click to show all stack frames</a>
<div class='stack-trace' id='stack-trace219594319'><pre>java.lang.AssertionError: expected [Based on your length of employment, you have already obtained the maximum amount of TrueConnect loan proceeds that can be outstanding at one time.] but found [You have already obtained the maximum amount of TrueConnect loan proceeds that can be outstanding at one time.]
	at org.testng.Assert.fail(Assert.java:96)
	at org.testng.Assert.failNotEquals(Assert.java:776)
	at org.testng.Assert.assertEqualsImpl(Assert.java:137)
	at org.testng.Assert.assertEquals(Assert.java:118)
	at org.testng.Assert.assertEquals(Assert.java:453)
	at org.testng.Assert.assertEquals(Assert.java:463)
	at regloanscripts.New_CustomerCreateOneLoan_RejectNext.customerOneLoan_Reject_Other(New_CustomerCreateOneLoan_RejectNext.java:133)
	at sun.reflect.NativeMethodAccessorImpl.invoke0(Native Method)
	at sun.reflect.NativeMethodAccessorImpl.invoke(Unknown Source)
	at sun.reflect.DelegatingMethodAccessorImpl.invoke(Unknown Source)
	at java.lang.reflect.Method.invoke(Unknown Source)
	at org.testng.internal.MethodInvocationHelper.invokeMethod(MethodInvocationHelper.java:124)
	at org.testng.internal.Invoker.invokeMethod(Invoker.java:580)
	at org.testng.internal.Invoker.invokeTestMethod(Invoker.java:716)
	at org.testng.internal.Invoker.invokeTestMethods(Invoker.java:988)
	at org.testng.internal.TestMethodWorker.invokeTestMethods(TestMethodWorker.java:125)
	at org.testng.internal.TestMethodWorker.run(TestMethodWorker.java:109)
	at org.testng.TestRunner.privateRun(TestRunner.java:648)
	at org.testng.TestRunner.run(TestRunner.java:505)
	at org.testng.SuiteRunner.runTest(SuiteRunner.java:455)
	at org.testng.SuiteRunner.runSequentially(SuiteRunner.java:450)
	at org.testng.SuiteRunner.privateRun(SuiteRunner.java:415)
	at org.testng.SuiteRunner.run(SuiteRunner.java:364)
	at org.testng.SuiteRunnerWorker.runSuite(SuiteRunnerWorker.java:52)
	at org.testng.SuiteRunnerWorker.run(SuiteRunnerWorker.java:84)
	at org.testng.TestNG.runSuitesSequentially(TestNG.java:1208)
	at org.testng.TestNG.runSuitesLocally(TestNG.java:1137)
	at org.testng.TestNG.runSuites(TestNG.java:1049)
	at org.testng.TestNG.run(TestNG.java:1017)
	at org.testng.remote.AbstractRemoteTestNG.run(AbstractRemoteTestNG.java:114)
	at org.testng.remote.RemoteTestNG.initAndRun(RemoteTestNG.java:251)
	at org.testng.remote.RemoteTestNG.main(RemoteTestNG.java:77)
</pre></div></td>
<td>131</td>
<td>regloanscripts.New_CustomerCreateOneLoan_RejectNext@60438a68</td></tr>
<tr>
<td title='regloanscripts.New_CustomerCreateOneLoan_RejectNext.customerOneLoan_Reject_Other()'><b>customerOneLoan_Reject_Other</b><br>Test class: regloanscripts.New_CustomerCreateOneLoan_RejectNext<br>Parameters: ten24.lesOp5ub@testtt.com, 1234@Abcd, 123456732, (223)-456-7899, tenu24_lessop5_ub, 45236.0, 12/28/1962, What was your dream job as a child?, What street did you live on in third grade?, 2500, 096001013, 999999999, Checking, empl22 tenu24_lessop5_ub, 7729 Montgomery Rd, Detroit, Texas, California, Based on your length of employment, you have already obtained the maximum amount of TrueConnect loan proceeds that can be outstanding at one time., customer, chrome<br/>
<a href="#Output-1029790510" onClick='toggleBox("Output-1029790510", this, "Show output", "Hide output");'>Show output</a>

<a href="#Output-1029790510" onClick="toggleAllBoxes();">Show all outputs</a>
<div class='log' id="Output-1029790510">
The Customer already created.<br/>
Customer with User Name: ten24.lesOp5ub@testtt.com tries to take a Loan of : 2500<br/>
Proceed to check Loan option CheckBox.<br/>
Loan process is successful and loan number is: 5000050697<br/>
Customer tries to take a Loan after his eligibility is exhausted.<br/>
Actual error message: You have already obtained the maximum amount of TrueConnect loan proceeds that can be outstanding at one time. Expected error message: Based on your length of employment, you have already obtained the maximum amount of TrueConnect loan proceeds that can be outstanding at one time.<br/>
</div>
</td>
<td><div><pre>java.lang.AssertionError: expected [Based on your length of employment, you have already obtained the maximum amount of TrueConnect loan proceeds that can be outstanding at one time.] but found [You have already obtained the maximum amount of TrueConnect loan proceeds that can be outstanding at one time.]
	at regloanscripts.New_CustomerCreateOneLoan_RejectNext.customerOneLoan_Reject_Other(New_CustomerCreateOneLoan_RejectNext.java:133)
... Removed 31 stack frames</pre></div><a href='#' onClick='toggleBox("stack-trace1029790510", this, "Click to show all stack frames", "Click to hide stack frames")'>Click to show all stack frames</a>
<div class='stack-trace' id='stack-trace1029790510'><pre>java.lang.AssertionError: expected [Based on your length of employment, you have already obtained the maximum amount of TrueConnect loan proceeds that can be outstanding at one time.] but found [You have already obtained the maximum amount of TrueConnect loan proceeds that can be outstanding at one time.]
	at org.testng.Assert.fail(Assert.java:96)
	at org.testng.Assert.failNotEquals(Assert.java:776)
	at org.testng.Assert.assertEqualsImpl(Assert.java:137)
	at org.testng.Assert.assertEquals(Assert.java:118)
	at org.testng.Assert.assertEquals(Assert.java:453)
	at org.testng.Assert.assertEquals(Assert.java:463)
	at regloanscripts.New_CustomerCreateOneLoan_RejectNext.customerOneLoan_Reject_Other(New_CustomerCreateOneLoan_RejectNext.java:133)
	at sun.reflect.NativeMethodAccessorImpl.invoke0(Native Method)
	at sun.reflect.NativeMethodAccessorImpl.invoke(Unknown Source)
	at sun.reflect.DelegatingMethodAccessorImpl.invoke(Unknown Source)
	at java.lang.reflect.Method.invoke(Unknown Source)
	at org.testng.internal.MethodInvocationHelper.invokeMethod(MethodInvocationHelper.java:124)
	at org.testng.internal.Invoker.invokeMethod(Invoker.java:580)
	at org.testng.internal.Invoker.invokeTestMethod(Invoker.java:716)
	at org.testng.internal.Invoker.invokeTestMethods(Invoker.java:988)
	at org.testng.internal.TestMethodWorker.invokeTestMethods(TestMethodWorker.java:125)
	at org.testng.internal.TestMethodWorker.run(TestMethodWorker.java:109)
	at org.testng.TestRunner.privateRun(TestRunner.java:648)
	at org.testng.TestRunner.run(TestRunner.java:505)
	at org.testng.SuiteRunner.runTest(SuiteRunner.java:455)
	at org.testng.SuiteRunner.runSequentially(SuiteRunner.java:450)
	at org.testng.SuiteRunner.privateRun(SuiteRunner.java:415)
	at org.testng.SuiteRunner.run(SuiteRunner.java:364)
	at org.testng.SuiteRunnerWorker.runSuite(SuiteRunnerWorker.java:52)
	at org.testng.SuiteRunnerWorker.run(SuiteRunnerWorker.java:84)
	at org.testng.TestNG.runSuitesSequentially(TestNG.java:1208)
	at org.testng.TestNG.runSuitesLocally(TestNG.java:1137)
	at org.testng.TestNG.runSuites(TestNG.java:1049)
	at org.testng.TestNG.run(TestNG.java:1017)
	at org.testng.remote.AbstractRemoteTestNG.run(AbstractRemoteTestNG.java:114)
	at org.testng.remote.RemoteTestNG.initAndRun(RemoteTestNG.java:251)
	at org.testng.remote.RemoteTestNG.main(RemoteTestNG.java:77)
</pre></div></td>
<td>136</td>
<td>regloanscripts.New_CustomerCreateOneLoan_RejectNext@60438a68</td></tr>
<tr>
<td title='regloanscripts.New_CustomerCreateOneLoan_RejectNext.customerOneLoan_Reject_Other()'><b>customerOneLoan_Reject_Other</b><br>Test class: regloanscripts.New_CustomerCreateOneLoan_RejectNext<br>Parameters: ten24.grOp5@test.com, 1234@Abcd, 123456732, (223)-456-7899, ten24_great_op5, 56401.0, 10/09/1981, What was your dream job as a child?, What street did you live on in third grade?, 3000, 096001013, 999999999, Checking, testl ten24_great_op5, 12150 Katy Fwy, Houston, Texas, California, Based on your length of employment, you have already obtained the maximum amount of TrueConnect loan proceeds that can be outstanding at one time., customer, chrome<br/>
<a href="#Output-71208732" onClick='toggleBox("Output-71208732", this, "Show output", "Hide output");'>Show output</a>

<a href="#Output-71208732" onClick="toggleAllBoxes();">Show all outputs</a>
<div class='log' id="Output-71208732">
The Customer already created.<br/>
Customer with User Name: ten24.grOp5@test.com tries to take a Loan of : 3000<br/>
</div>
</td>
<td><div><pre>java.lang.AssertionError: expected [NOAA Error You have already obtained the maximum amount of TrueConnect loan proceeds that can be outstanding at one time. should not occur.] but found [NOAA Error You have already obtained the maximum amount of TrueConnect loan proceeds that can be outstanding at one time. has occcured.]
	at regloanscripts.New_CustomerCreateOneLoan_RejectNext.customerOneLoan_Reject_Other(New_CustomerCreateOneLoan_RejectNext.java:139)
... Removed 31 stack frames</pre></div><a href='#' onClick='toggleBox("stack-trace71208732", this, "Click to show all stack frames", "Click to hide stack frames")'>Click to show all stack frames</a>
<div class='stack-trace' id='stack-trace71208732'><pre>java.lang.AssertionError: expected [NOAA Error You have already obtained the maximum amount of TrueConnect loan proceeds that can be outstanding at one time. should not occur.] but found [NOAA Error You have already obtained the maximum amount of TrueConnect loan proceeds that can be outstanding at one time. has occcured.]
	at org.testng.Assert.fail(Assert.java:96)
	at org.testng.Assert.failNotEquals(Assert.java:776)
	at org.testng.Assert.assertEqualsImpl(Assert.java:137)
	at org.testng.Assert.assertEquals(Assert.java:118)
	at org.testng.Assert.assertEquals(Assert.java:453)
	at org.testng.Assert.assertEquals(Assert.java:463)
	at regloanscripts.New_CustomerCreateOneLoan_RejectNext.customerOneLoan_Reject_Other(New_CustomerCreateOneLoan_RejectNext.java:139)
	at sun.reflect.NativeMethodAccessorImpl.invoke0(Native Method)
	at sun.reflect.NativeMethodAccessorImpl.invoke(Unknown Source)
	at sun.reflect.DelegatingMethodAccessorImpl.invoke(Unknown Source)
	at java.lang.reflect.Method.invoke(Unknown Source)
	at org.testng.internal.MethodInvocationHelper.invokeMethod(MethodInvocationHelper.java:124)
	at org.testng.internal.Invoker.invokeMethod(Invoker.java:580)
	at org.testng.internal.Invoker.invokeTestMethod(Invoker.java:716)
	at org.testng.internal.Invoker.invokeTestMethods(Invoker.java:988)
	at org.testng.internal.TestMethodWorker.invokeTestMethods(TestMethodWorker.java:125)
	at org.testng.internal.TestMethodWorker.run(TestMethodWorker.java:109)
	at org.testng.TestRunner.privateRun(TestRunner.java:648)
	at org.testng.TestRunner.run(TestRunner.java:505)
	at org.testng.SuiteRunner.runTest(SuiteRunner.java:455)
	at org.testng.SuiteRunner.runSequentially(SuiteRunner.java:450)
	at org.testng.SuiteRunner.privateRun(SuiteRunner.java:415)
	at org.testng.SuiteRunner.run(SuiteRunner.java:364)
	at org.testng.SuiteRunnerWorker.runSuite(SuiteRunnerWorker.java:52)
	at org.testng.SuiteRunnerWorker.run(SuiteRunnerWorker.java:84)
	at org.testng.TestNG.runSuitesSequentially(TestNG.java:1208)
	at org.testng.TestNG.runSuitesLocally(TestNG.java:1137)
	at org.testng.TestNG.runSuites(TestNG.java:1049)
	at org.testng.TestNG.run(TestNG.java:1017)
	at org.testng.remote.AbstractRemoteTestNG.run(AbstractRemoteTestNG.java:114)
	at org.testng.remote.RemoteTestNG.initAndRun(RemoteTestNG.java:251)
	at org.testng.remote.RemoteTestNG.main(RemoteTestNG.java:77)
</pre></div></td>
<td>76</td>
<td>regloanscripts.New_CustomerCreateOneLoan_RejectNext@60438a68</td></tr>
<tr>
<td title='regloanscripts.New_CustomerCreateOneLoan_RejectNext.customerOneLoan_Reject_Other()'><b>customerOneLoan_Reject_Other</b><br>Test class: regloanscripts.New_CustomerCreateOneLoan_RejectNext<br>Parameters: test.cast8@test.com, Password@123, 123456732, (223)-456-7899, custrnew7, 12345.0, 12/28/1964, What was your dream job as a child?, What street did you live on in third grade?, 2000, 096001013, 999999999, Saving, cast7 custrnew7, 12150 Katy Fwy, Houston, Texas, California, Based on your length of employment, you have already obtained the maximum amount of TrueConnect loan proceeds that can be outstanding at one time., customer, chrome</td>
<td><div><pre>org.openqa.selenium.TimeoutException: Expected condition failed: waiting for element to be clickable: By.cssSelector: #primaryEmail (tried for 60 second(s) with 500 MILLISECONDS interval)
	at org.openqa.selenium.support.ui.WebDriverWait.timeoutException(WebDriverWait.java:80)
	at org.openqa.selenium.support.ui.FluentWait.until(FluentWait.java:232)
	at pageobjects.MasterPageObject.waitFor(MasterPageObject.java:216)
	at pageobjects.CreateCustomerPageObject.createAccountData(CreateCustomerPageObject.java:70)
	at regloanscripts.New_CustomerCreateOneLoan_RejectNext.customerOneLoan_Reject_Other(New_CustomerCreateOneLoan_RejectNext.java:58)
Caused by: org.openqa.selenium.NoSuchElementException: Cannot locate an element using By.cssSelector: #primaryEmail
For documentation on this error, please visit: http://seleniumhq.org/exceptions/no_such_element.html
Build info: version: &apos;3.14.0&apos;, revision: &apos;aacccce0&apos;, time: &apos;2018-08-02T20:19:58.91Z&apos;
System info: host: &apos;DESKTOP-KCMKG2H&apos;, ip: &apos;192.168.1.14&apos;, os.name: &apos;Windows 10&apos;, os.arch: &apos;amd64&apos;, os.version: &apos;10.0&apos;, java.version: &apos;1.8.0_201&apos;
Driver info: driver.version: unknown
	at org.openqa.selenium.support.ui.ExpectedConditions.lambda$findElement$0(ExpectedConditions.java:896)
	at java.util.Optional.orElseThrow(Unknown Source)
	at org.openqa.selenium.support.ui.ExpectedConditions.findElement(ExpectedConditions.java:895)
	at org.openqa.selenium.support.ui.ExpectedConditions.access$000(ExpectedConditions.java:41)
	at org.openqa.selenium.support.ui.ExpectedConditions$7.apply(ExpectedConditions.java:205)
	at org.openqa.selenium.support.ui.ExpectedConditions$7.apply(ExpectedConditions.java:201)
	at org.openqa.selenium.support.ui.ExpectedConditions$22.apply(ExpectedConditions.java:651)
	at org.openqa.selenium.support.ui.ExpectedConditions$22.apply(ExpectedConditions.java:644)
	at org.openqa.selenium.support.ui.FluentWait.until(FluentWait.java:209)
	... 28 more
... Removed 25 stack frames</pre></div><a href='#' onClick='toggleBox("stack-trace1848778141", this, "Click to show all stack frames", "Click to hide stack frames")'>Click to show all stack frames</a>
<div class='stack-trace' id='stack-trace1848778141'><pre>org.openqa.selenium.TimeoutException: Expected condition failed: waiting for element to be clickable: By.cssSelector: #primaryEmail (tried for 60 second(s) with 500 MILLISECONDS interval)
	at org.openqa.selenium.support.ui.WebDriverWait.timeoutException(WebDriverWait.java:80)
	at org.openqa.selenium.support.ui.FluentWait.until(FluentWait.java:232)
	at pageobjects.MasterPageObject.waitFor(MasterPageObject.java:216)
	at pageobjects.CreateCustomerPageObject.createAccountData(CreateCustomerPageObject.java:70)
	at regloanscripts.New_CustomerCreateOneLoan_RejectNext.customerOneLoan_Reject_Other(New_CustomerCreateOneLoan_RejectNext.java:58)
	at sun.reflect.NativeMethodAccessorImpl.invoke0(Native Method)
	at sun.reflect.NativeMethodAccessorImpl.invoke(Unknown Source)
	at sun.reflect.DelegatingMethodAccessorImpl.invoke(Unknown Source)
	at java.lang.reflect.Method.invoke(Unknown Source)
	at org.testng.internal.MethodInvocationHelper.invokeMethod(MethodInvocationHelper.java:124)
	at org.testng.internal.Invoker.invokeMethod(Invoker.java:580)
	at org.testng.internal.Invoker.invokeTestMethod(Invoker.java:716)
	at org.testng.internal.Invoker.invokeTestMethods(Invoker.java:988)
	at org.testng.internal.TestMethodWorker.invokeTestMethods(TestMethodWorker.java:125)
	at org.testng.internal.TestMethodWorker.run(TestMethodWorker.java:109)
	at org.testng.TestRunner.privateRun(TestRunner.java:648)
	at org.testng.TestRunner.run(TestRunner.java:505)
	at org.testng.SuiteRunner.runTest(SuiteRunner.java:455)
	at org.testng.SuiteRunner.runSequentially(SuiteRunner.java:450)
	at org.testng.SuiteRunner.privateRun(SuiteRunner.java:415)
	at org.testng.SuiteRunner.run(SuiteRunner.java:364)
	at org.testng.SuiteRunnerWorker.runSuite(SuiteRunnerWorker.java:52)
	at org.testng.SuiteRunnerWorker.run(SuiteRunnerWorker.java:84)
	at org.testng.TestNG.runSuitesSequentially(TestNG.java:1208)
	at org.testng.TestNG.runSuitesLocally(TestNG.java:1137)
	at org.testng.TestNG.runSuites(TestNG.java:1049)
	at org.testng.TestNG.run(TestNG.java:1017)
	at org.testng.remote.AbstractRemoteTestNG.run(AbstractRemoteTestNG.java:114)
	at org.testng.remote.RemoteTestNG.initAndRun(RemoteTestNG.java:251)
	at org.testng.remote.RemoteTestNG.main(RemoteTestNG.java:77)
Caused by: org.openqa.selenium.NoSuchElementException: Cannot locate an element using By.cssSelector: #primaryEmail
For documentation on this error, please visit: http://seleniumhq.org/exceptions/no_such_element.html
Build info: version: &apos;3.14.0&apos;, revision: &apos;aacccce0&apos;, time: &apos;2018-08-02T20:19:58.91Z&apos;
System info: host: &apos;DESKTOP-KCMKG2H&apos;, ip: &apos;192.168.1.14&apos;, os.name: &apos;Windows 10&apos;, os.arch: &apos;amd64&apos;, os.version: &apos;10.0&apos;, java.version: &apos;1.8.0_201&apos;
Driver info: driver.version: unknown
	at org.openqa.selenium.support.ui.ExpectedConditions.lambda$findElement$0(ExpectedConditions.java:896)
	at java.util.Optional.orElseThrow(Unknown Source)
	at org.openqa.selenium.support.ui.ExpectedConditions.findElement(ExpectedConditions.java:895)
	at org.openqa.selenium.support.ui.ExpectedConditions.access$000(ExpectedConditions.java:41)
	at org.openqa.selenium.support.ui.ExpectedConditions$7.apply(ExpectedConditions.java:205)
	at org.openqa.selenium.support.ui.ExpectedConditions$7.apply(ExpectedConditions.java:201)
	at org.openqa.selenium.support.ui.ExpectedConditions$22.apply(ExpectedConditions.java:651)
	at org.openqa.selenium.support.ui.ExpectedConditions$22.apply(ExpectedConditions.java:644)
	at org.openqa.selenium.support.ui.FluentWait.until(FluentWait.java:209)
	... 28 more
</pre></div></td>
<td>102</td>
<td>regloanscripts.New_CustomerCreateOneLoan_RejectNext@60438a68</td></tr>
</table><p>
<table width='100%' border='1' class='invocation-passed'>
<tr><td colspan='4' align='center'><b>PASSED TESTS</b></td></tr>
<tr><td><b>Test method</b></td>
<td width="30%"><b>Exception</b></td>
<td width="10%"><b>Time (seconds)</b></td>
<td><b>Instance</b></td>
</tr>
<tr>
<td title='regloanscripts.New_CustomerCreateOneLoan_RejectNext.customerOneLoan_Reject_Other()'><b>customerOneLoan_Reject_Other</b><br>Test class: regloanscripts.New_CustomerCreateOneLoan_RejectNext<br>Parameters: els.tenure11lessop3@testt.com, 1234@Abcd, 123456724, (223)-456-7894, tenure11_Paychk_less_option3, 12345.0, 12/28/1962, What was your dream job as a child?, What street did you live on in third grade?, 1000, 096001013, 999999999, Checking, emp9 tenure11_Paychk_less_option3, 1911 Kludge, city, Alabama, Iowa, Based on your length of employment, you have already obtained the maximum amount of TrueConnect loan proceeds that can be outstanding at one time., customer, chrome<br/>
<a href="#Output-619929778" onClick='toggleBox("Output-619929778", this, "Show output", "Hide output");'>Show output</a>

<a href="#Output-619929778" onClick="toggleAllBoxes();">Show all outputs</a>
<div class='log' id="Output-619929778">
The Customer already created.<br/>
Customer with User Name: els.tenure11lessop3@testt.com tries to take a Loan of : 1000<br/>
Proceed to check Loan option CheckBox.<br/>
Loan process is successful and loan number is: 5000050677<br/>
Customer tries to take a Loan after his eligibility is exhausted.<br/>
Warning message displayed: Based on your length of employment, you have already obtained the maximum amount of TrueConnect loan proceeds that can be outstanding at one time.<br/>
</div>
</td>
<td></td>
<td>185</td>
<td>regloanscripts.New_CustomerCreateOneLoan_RejectNext@60438a68</td></tr>
<tr>
<td title='regloanscripts.New_CustomerCreateOneLoan_RejectNext.customerOneLoan_Reject_Other()'><b>customerOneLoan_Reject_Other</b><br>Test class: regloanscripts.New_CustomerCreateOneLoan_RejectNext<br>Parameters: ten24.lessoption4@test.com, 1234@Abcd, 123456732, (223)-456-7897, tenu24_lessop4_lb, 77079.0, 12/28/1962, What was your dream job as a child?, What street did you live on in third grade?, 2000, 096001013, 999999999, Saving, empl19 tenu24_lessop4_lb, 12150 Katy Fwy, Houston, Texas, California, Income insufficient for amount of credit requested, customer, chrome<br/>
<a href="#Output-1861329337" onClick='toggleBox("Output-1861329337", this, "Show output", "Hide output");'>Show output</a>

<a href="#Output-1861329337" onClick="toggleAllBoxes();">Show all outputs</a>
<div class='log' id="Output-1861329337">
The Customer already created.<br/>
Customer with User Name: ten24.lessoption4@test.com tries to take a Loan of : 2000<br/>
Proceed to check Loan option CheckBox.<br/>
Loan process is successful and loan number is: 5000050689<br/>
Customer tries to take a Loan after his eligibility is exhausted.<br/>
Warning message displayed: Income insufficient for amount of credit requested<br/>
</div>
</td>
<td></td>
<td>140</td>
<td>regloanscripts.New_CustomerCreateOneLoan_RejectNext@60438a68</td></tr>
<tr>
<td title='regloanscripts.New_CustomerCreateOneLoan_RejectNext.customerOneLoan_Reject_Other()'><b>customerOneLoan_Reject_Other</b><br>Test class: regloanscripts.New_CustomerCreateOneLoan_RejectNext<br>Parameters: ten24.lessop4_ub@test.com, 1234@Abcd, 123456732, (223)-456-7898, tenu24_lessop4_ub, 48227.0, 12/28/1962, What was your dream job as a child?, What street did you live on in third grade?, 2000, 096001013, 999999999, Checking, empl20 tenu24_lessop4_ub, 12150 Schaefer Hwy, Detroit, Texas, California, Income insufficient for amount of credit requested, customer, chrome<br/>
<a href="#Output-1130153977" onClick='toggleBox("Output-1130153977", this, "Show output", "Hide output");'>Show output</a>

<a href="#Output-1130153977" onClick="toggleAllBoxes();">Show all outputs</a>
<div class='log' id="Output-1130153977">
The Customer already created.<br/>
Customer with User Name: ten24.lessop4_ub@test.com tries to take a Loan of : 2000<br/>
Proceed to check Loan option CheckBox.<br/>
Loan process is successful and loan number is: 5000050693<br/>
Customer tries to take a Loan after his eligibility is exhausted.<br/>
Warning message displayed: Income insufficient for amount of credit requested<br/>
</div>
</td>
<td></td>
<td>131</td>
<td>regloanscripts.New_CustomerCreateOneLoan_RejectNext@60438a68</td></tr>
<tr>
<td title='regloanscripts.New_CustomerCreateOneLoan_RejectNext.customerOneLoan_Reject_Other()'><b>customerOneLoan_Reject_Other</b><br>Test class: regloanscripts.New_CustomerCreateOneLoan_RejectNext<br>Parameters: ten12.greaop5@test.com, 1234@Abcd, 123456732, (223)-456-7899, ten12_great_op5, 56401.0, 10/09/1981, What was your dream job as a child?, What street did you live on in third grade?, 2000, 096001013, 999999999, Saving, testloan ten12_great_op5, 7729 Montgomery Rd, Detroit, Texas, California, Based on your length of employment, you have already obtained the maximum amount of TrueConnect loan proceeds that can be outstanding at one time., customer, chrome<br/>
<a href="#Output-266196910" onClick='toggleBox("Output-266196910", this, "Show output", "Hide output");'>Show output</a>

<a href="#Output-266196910" onClick="toggleAllBoxes();">Show all outputs</a>
<div class='log' id="Output-266196910">
The Customer already created.<br/>
Customer with User Name: ten12.greaop5@test.com tries to take a Loan of : 2000<br/>
Proceed to check Loan option CheckBox.<br/>
Loan process is successful and loan number is: 5000050699<br/>
Customer tries to take a Loan after his eligibility is exhausted.<br/>
Warning message displayed: Based on your length of employment, you have already obtained the maximum amount of TrueConnect loan proceeds that can be outstanding at one time.<br/>
</div>
</td>
<td></td>
<td>127</td>
<td>regloanscripts.New_CustomerCreateOneLoan_RejectNext@60438a68</td></tr>
</table><p>
</body>
</html>